<?xml version="1.0" encoding="UTF-8"?>
<testsuite name="controllers.MachineControllerTest" tests="14" skipped="0" failures="0" errors="0" timestamp="2023-01-23T15:50:02" hostname="RO-PC" time="1.311">
  <properties/>
  <testcase name="getStringerById()" classname="controllers.MachineControllerTest" time="0.602"/>
  <testcase name="getAllStringers()" classname="controllers.MachineControllerTest" time="0.369"/>
  <testcase name="updateStringer()" classname="controllers.MachineControllerTest" time="0.015"/>
  <testcase name="getStringerByIdError()" classname="controllers.MachineControllerTest" time="0.014"/>
  <testcase name="addCustomizer()" classname="controllers.MachineControllerTest" time="0.084"/>
  <testcase name="getCustomizerById()" classname="controllers.MachineControllerTest" time="0.022"/>
  <testcase name="deleteStringer()" classname="controllers.MachineControllerTest" time="0.017"/>
  <testcase name="addCustomizerError()" classname="controllers.MachineControllerTest" time="0.019"/>
  <testcase name="addStringer()" classname="controllers.MachineControllerTest" time="0.048"/>
  <testcase name="addStringerError()" classname="controllers.MachineControllerTest" time="0.017"/>
  <testcase name="deleteCustomizer()" classname="controllers.MachineControllerTest" time="0.013"/>
  <testcase name="updateCustomizer()" classname="controllers.MachineControllerTest" time="0.023"/>
  <testcase name="getAllCustomizers()" classname="controllers.MachineControllerTest" time="0.017"/>
  <testcase name="getCustomizerByIdError()" classname="controllers.MachineControllerTest" time="0.018"/>
  <system-out><![CDATA[]]></system-out>
  <system-err><![CDATA[]]></system-err>
</testsuite>
