<?xml version="1.0" encoding="UTF-8"?>
<testsuite name="repositories.users.EmployeeRepositoryImplTest" tests="7" skipped="0" failures="0" errors="0" timestamp="2023-01-25T16:07:29" hostname="RO-PC" time="0.907">
  <properties/>
  <testcase name="delete()" classname="repositories.users.EmployeeRepositoryImplTest" time="0.15"/>
  <testcase name="findAll()" classname="repositories.users.EmployeeRepositoryImplTest" time="0.129"/>
  <testcase name="update()" classname="repositories.users.EmployeeRepositoryImplTest" time="0.121"/>
  <testcase name="findById()" classname="repositories.users.EmployeeRepositoryImplTest" time="0.133"/>
  <testcase name="deleteAll()" classname="repositories.users.EmployeeRepositoryImplTest" time="0.123"/>
  <testcase name="save()" classname="repositories.users.EmployeeRepositoryImplTest" time="0.082"/>
  <testcase name="findByEmail()" classname="repositories.users.EmployeeRepositoryImplTest" time="0.164"/>
  <system-out><![CDATA[17:07:29.451 [Test worker @coroutine#289] DEBUG repositories.users.EmployeeRepositoryImpl - Eliminando todos los empleados.
17:07:29.451 [AsyncGetter-3-thread-1] DEBUG org.mongodb.driver.operation - retryWrites set but one or more writeRequests do not support retryable writes
17:07:29.453 [AsyncGetter-3-thread-1] DEBUG org.mongodb.driver.protocol.command - Sending command '{"delete": "employee", "ordered": true, "$db": "tennisLab", "$clusterTime": {"clusterTime": {"$timestamp": {"t": 1674662847, "i": 15}}, "signature": {"hash": {"$binary": {"base64": "6krX5VVexMXndl3pSjbq4udJBZw=", "subType": "00"}}, "keyId": 7140997052225290242}}, "lsid": {"id": {"$binary": {"base64": "4QxgNiEfTyK8Bl7OjiY/Hw==", "subType": "04"}}}, "deletes": [{"q": {}, "limit": 0}]}' with request id 84 to database tennisLab on connection [connectionId{localValue:7, serverValue:264873}] to server ac-chrld8z-shard-00-02.jgjryxb.mongodb.net:27017
17:07:29.484 [async-channel-group-0-handler-executor] DEBUG org.mongodb.driver.protocol.command - Execution of command with request id 84 completed successfully in 32.07 ms on connection [connectionId{localValue:7, serverValue:264873}] to server ac-chrld8z-shard-00-02.jgjryxb.mongodb.net:27017
17:07:29.494 [Test worker @coroutine#291] DEBUG repositories.users.EmployeeRepositoryImpl - Salvando empleado: Employee(id=63d153c1ae6c0968c6962cd7, uuid=a62657d1-6004-460a-ad5f-e2fda3de4910, name=Empleado, surname=Test, email=test, password=1234, available=true, isAdmin=true, entryTime=2023-01-25T17:07:29.444213800, departureTime=2023-01-25T17:07:29.444213800, orderList=[])
17:07:29.518 [AsyncGetter-3-thread-1] DEBUG org.mongodb.driver.protocol.command - Sending command '{"update": "employee", "ordered": true, "txnNumber": 34, "$db": "tennisLab", "$clusterTime": {"clusterTime": {"$timestamp": {"t": 1674662847, "i": 16}}, "signature": {"hash": {"$binary": {"base64": "6krX5VVexMXndl3pSjbq4udJBZw=", "subType": "00"}}, "keyId": 7140997052225290242}}, "lsid": {"id": {"$binary": {"base64": "4QxgNiEfTyK8Bl7OjiY/Hw==", "subType": "04"}}}, "updates": [{"q": {"_id": "63d153c1ae6c0968c6962cd7"}, "u": {"_id": "63d153c1ae6c0968c6962cd7", "uuid": {"$binary": {"base64": "CkYEYNFXJqYQSd6j/eJfrQ==", "subType": "03"}}, "name": "Empleado", "surname": "Test", "email": "test", "password": "1234", "available": true, "isAdmin": true, "entryTime": {"$date": "2023-01-25T17:07:29.444Z"}, "departureTime": {"$date": "2023-01-25T17:07:29.444Z"}, "orderList": []}, "upsert": true}]}' with request id 85 to database tennisLab on connection [connectionId{localValue:7, serverValue:264873}] to server ac-chrld8z-shard-00-02.jgjryxb.mongodb.net:27017
17:07:29.550 [async-channel-group-0-handler-executor] DEBUG org.mongodb.driver.protocol.command - Execution of command with request id 85 completed successfully in 33.42 ms on connection [connectionId{localValue:7, serverValue:264873}] to server ac-chrld8z-shard-00-02.jgjryxb.mongodb.net:27017
17:07:29.557 [Test worker @background work runner#292] DEBUG repositories.users.EmployeeRepositoryImpl - Eliminando empleado: Employee(id=63d153c1ae6c0968c6962cd7, uuid=a62657d1-6004-460a-ad5f-e2fda3de4910, name=Empleado, surname=Test, email=test, password=1234, available=true, isAdmin=true, entryTime=2023-01-25T17:07:29.444213800, departureTime=2023-01-25T17:07:29.444213800, orderList=[])
17:07:29.560 [AsyncGetter-3-thread-1] DEBUG org.mongodb.driver.protocol.command - Sending command '{"update": "employee", "ordered": true, "txnNumber": 35, "$db": "tennisLab", "$clusterTime": {"clusterTime": {"$timestamp": {"t": 1674662847, "i": 17}}, "signature": {"hash": {"$binary": {"base64": "6krX5VVexMXndl3pSjbq4udJBZw=", "subType": "00"}}, "keyId": 7140997052225290242}}, "lsid": {"id": {"$binary": {"base64": "4QxgNiEfTyK8Bl7OjiY/Hw==", "subType": "04"}}}, "updates": [{"q": {"_id": "63d153c1ae6c0968c6962cd7"}, "u": {"$set": {"available": false}}}]}' with request id 86 to database tennisLab on connection [connectionId{localValue:7, serverValue:264873}] to server ac-chrld8z-shard-00-02.jgjryxb.mongodb.net:27017
17:07:29.592 [async-channel-group-0-handler-executor] DEBUG org.mongodb.driver.protocol.command - Execution of command with request id 86 completed successfully in 33.21 ms on connection [connectionId{localValue:7, serverValue:264873}] to server ac-chrld8z-shard-00-02.jgjryxb.mongodb.net:27017
17:07:29.595 [Test worker @coroutine#294] DEBUG repositories.users.EmployeeRepositoryImpl - Eliminando todos los empleados.
17:07:29.596 [AsyncGetter-3-thread-1] DEBUG org.mongodb.driver.operation - retryWrites set but one or more writeRequests do not support retryable writes
17:07:29.598 [AsyncGetter-3-thread-1] DEBUG org.mongodb.driver.protocol.command - Sending command '{"delete": "employee", "ordered": true, "$db": "tennisLab", "$clusterTime": {"clusterTime": {"$timestamp": {"t": 1674662847, "i": 18}}, "signature": {"hash": {"$binary": {"base64": "6krX5VVexMXndl3pSjbq4udJBZw=", "subType": "00"}}, "keyId": 7140997052225290242}}, "lsid": {"id": {"$binary": {"base64": "4QxgNiEfTyK8Bl7OjiY/Hw==", "subType": "04"}}}, "deletes": [{"q": {}, "limit": 0}]}' with request id 87 to database tennisLab on connection [connectionId{localValue:7, serverValue:264873}] to server ac-chrld8z-shard-00-02.jgjryxb.mongodb.net:27017
17:07:29.628 [async-channel-group-0-handler-executor] DEBUG org.mongodb.driver.protocol.command - Execution of command with request id 87 completed successfully in 30.59 ms on connection [connectionId{localValue:7, serverValue:264873}] to server ac-chrld8z-shard-00-02.jgjryxb.mongodb.net:27017
17:07:29.632 [Test worker @coroutine#296] DEBUG repositories.users.EmployeeRepositoryImpl - Salvando empleado: Employee(id=63d153c1ae6c0968c6962cd8, uuid=3433f883-d9f3-47b2-b334-491024e69a20, name=Empleado, surname=Test, email=test, password=1234, available=true, isAdmin=true, entryTime=2023-01-25T17:07:29.594215700, departureTime=2023-01-25T17:07:29.595210800, orderList=[])
17:07:29.634 [AsyncGetter-3-thread-1] DEBUG org.mongodb.driver.protocol.command - Sending command '{"update": "employee", "ordered": true, "txnNumber": 36, "$db": "tennisLab", "$clusterTime": {"clusterTime": {"$timestamp": {"t": 1674662848, "i": 1}}, "signature": {"hash": {"$binary": {"base64": "inaWKYkelcK/EM0eIi1/SP7MfXY=", "subType": "00"}}, "keyId": 7140997052225290242}}, "lsid": {"id": {"$binary": {"base64": "4QxgNiEfTyK8Bl7OjiY/Hw==", "subType": "04"}}}, "updates": [{"q": {"_id": "63d153c1ae6c0968c6962cd8"}, "u": {"_id": "63d153c1ae6c0968c6962cd8", "uuid": {"$binary": {"base64": "skfz2YP4MzQgmuYkEEk0sw==", "subType": "03"}}, "name": "Empleado", "surname": "Test", "email": "test", "password": "1234", "available": true, "isAdmin": true, "entryTime": {"$date": "2023-01-25T17:07:29.594Z"}, "departureTime": {"$date": "2023-01-25T17:07:29.595Z"}, "orderList": []}, "upsert": true}]}' with request id 88 to database tennisLab on connection [connectionId{localValue:7, serverValue:264873}] to server ac-chrld8z-shard-00-02.jgjryxb.mongodb.net:27017
17:07:29.668 [async-channel-group-0-handler-executor] DEBUG org.mongodb.driver.protocol.command - Execution of command with request id 88 completed successfully in 34.48 ms on connection [connectionId{localValue:7, serverValue:264873}] to server ac-chrld8z-shard-00-02.jgjryxb.mongodb.net:27017
17:07:29.672 [Test worker @background work runner#297] DEBUG repositories.users.EmployeeRepositoryImpl - Buscando todos los empleados.
17:07:29.675 [AsyncGetter-3-thread-1] DEBUG org.mongodb.driver.protocol.command - Sending command '{"find": "employee", "filter": {}, "batchSize": 64, "$db": "tennisLab", "$clusterTime": {"clusterTime": {"$timestamp": {"t": 1674662848, "i": 2}}, "signature": {"hash": {"$binary": {"base64": "inaWKYkelcK/EM0eIi1/SP7MfXY=", "subType": "00"}}, "keyId": 7140997052225290242}}, "lsid": {"id": {"$binary": {"base64": "4QxgNiEfTyK8Bl7OjiY/Hw==", "subType": "04"}}}}' with request id 89 to database tennisLab on connection [connectionId{localValue:7, serverValue:264873}] to server ac-chrld8z-shard-00-02.jgjryxb.mongodb.net:27017
17:07:29.709 [async-channel-group-0-handler-executor] DEBUG org.mongodb.driver.protocol.command - Execution of command with request id 89 completed successfully in 34.58 ms on connection [connectionId{localValue:7, serverValue:264873}] to server ac-chrld8z-shard-00-02.jgjryxb.mongodb.net:27017
17:07:29.719 [async-channel-group-0-handler-executor] DEBUG org.mongodb.driver.operation - Received batch of 1 documents with cursorId 0 from server ac-chrld8z-shard-00-02.jgjryxb.mongodb.net:27017
17:07:29.725 [Test worker @coroutine#299] DEBUG repositories.users.EmployeeRepositoryImpl - Eliminando todos los empleados.
17:07:29.726 [AsyncGetter-3-thread-1] DEBUG org.mongodb.driver.operation - retryWrites set but one or more writeRequests do not support retryable writes
17:07:29.728 [AsyncGetter-3-thread-1] DEBUG org.mongodb.driver.protocol.command - Sending command '{"delete": "employee", "ordered": true, "$db": "tennisLab", "$clusterTime": {"clusterTime": {"$timestamp": {"t": 1674662848, "i": 2}}, "signature": {"hash": {"$binary": {"base64": "inaWKYkelcK/EM0eIi1/SP7MfXY=", "subType": "00"}}, "keyId": 7140997052225290242}}, "lsid": {"id": {"$binary": {"base64": "4QxgNiEfTyK8Bl7OjiY/Hw==", "subType": "04"}}}, "deletes": [{"q": {}, "limit": 0}]}' with request id 90 to database tennisLab on connection [connectionId{localValue:7, serverValue:264873}] to server ac-chrld8z-shard-00-02.jgjryxb.mongodb.net:27017
17:07:29.759 [async-channel-group-0-handler-executor] DEBUG org.mongodb.driver.protocol.command - Execution of command with request id 90 completed successfully in 31.78 ms on connection [connectionId{localValue:7, serverValue:264873}] to server ac-chrld8z-shard-00-02.jgjryxb.mongodb.net:27017
17:07:29.763 [Test worker @coroutine#301] DEBUG repositories.users.EmployeeRepositoryImpl - Salvando empleado: Employee(id=63d153c1ae6c0968c6962cd9, uuid=e2925b62-4054-401d-a01a-a5b734596274, name=Empleado, surname=Test, email=test, password=1234, available=true, isAdmin=true, entryTime=2023-01-25T17:07:29.724212500, departureTime=2023-01-25T17:07:29.724212500, orderList=[])
17:07:29.767 [AsyncGetter-3-thread-1] DEBUG org.mongodb.driver.protocol.command - Sending command '{"update": "employee", "ordered": true, "txnNumber": 37, "$db": "tennisLab", "$clusterTime": {"clusterTime": {"$timestamp": {"t": 1674662848, "i": 3}}, "signature": {"hash": {"$binary": {"base64": "inaWKYkelcK/EM0eIi1/SP7MfXY=", "subType": "00"}}, "keyId": 7140997052225290242}}, "lsid": {"id": {"$binary": {"base64": "4QxgNiEfTyK8Bl7OjiY/Hw==", "subType": "04"}}}, "updates": [{"q": {"_id": "63d153c1ae6c0968c6962cd9"}, "u": {"_id": "63d153c1ae6c0968c6962cd9", "uuid": {"$binary": {"base64": "HUBUQGJbkuJ0Ylk0t6UaoA==", "subType": "03"}}, "name": "Empleado", "surname": "Test", "email": "test", "password": "1234", "available": true, "isAdmin": true, "entryTime": {"$date": "2023-01-25T17:07:29.724Z"}, "departureTime": {"$date": "2023-01-25T17:07:29.724Z"}, "orderList": []}, "upsert": true}]}' with request id 91 to database tennisLab on connection [connectionId{localValue:7, serverValue:264873}] to server ac-chrld8z-shard-00-02.jgjryxb.mongodb.net:27017
17:07:29.803 [async-channel-group-0-handler-executor] DEBUG org.mongodb.driver.protocol.command - Execution of command with request id 91 completed successfully in 36.98 ms on connection [connectionId{localValue:7, serverValue:264873}] to server ac-chrld8z-shard-00-02.jgjryxb.mongodb.net:27017
17:07:29.806 [Test worker @background work runner#302] DEBUG repositories.users.EmployeeRepositoryImpl - Actualizando empleado: Employee(id=63d153c1ae6c0968c6962cd9, uuid=e2925b62-4054-401d-a01a-a5b734596274, name=Empleado, surname=Test, email=emailnuevo@gmail, password=1234, available=true, isAdmin=true, entryTime=2023-01-25T17:07:29.724212500, departureTime=2023-01-25T17:07:29.724212500, orderList=[])
17:07:29.809 [AsyncGetter-3-thread-1] DEBUG org.mongodb.driver.protocol.command - Sending command '{"update": "employee", "ordered": true, "txnNumber": 38, "$db": "tennisLab", "$clusterTime": {"clusterTime": {"$timestamp": {"t": 1674662848, "i": 5}}, "signature": {"hash": {"$binary": {"base64": "inaWKYkelcK/EM0eIi1/SP7MfXY=", "subType": "00"}}, "keyId": 7140997052225290242}}, "lsid": {"id": {"$binary": {"base64": "4QxgNiEfTyK8Bl7OjiY/Hw==", "subType": "04"}}}, "updates": [{"q": {"_id": "63d153c1ae6c0968c6962cd9"}, "u": {"$set": {"_id": "63d153c1ae6c0968c6962cd9", "uuid": {"$binary": {"base64": "HUBUQGJbkuJ0Ylk0t6UaoA==", "subType": "03"}}, "name": "Empleado", "surname": "Test", "email": "emailnuevo@gmail", "password": "1234", "available": true, "isAdmin": true, "entryTime": {"$date": "2023-01-25T17:07:29.724Z"}, "departureTime": {"$date": "2023-01-25T17:07:29.724Z"}, "orderList": []}}}]}' with request id 92 to database tennisLab on connection [connectionId{localValue:7, serverValue:264873}] to server ac-chrld8z-shard-00-02.jgjryxb.mongodb.net:27017
17:07:29.841 [async-channel-group-0-handler-executor] DEBUG org.mongodb.driver.protocol.command - Execution of command with request id 92 completed successfully in 32.52 ms on connection [connectionId{localValue:7, serverValue:264873}] to server ac-chrld8z-shard-00-02.jgjryxb.mongodb.net:27017
17:07:29.847 [Test worker @coroutine#304] DEBUG repositories.users.EmployeeRepositoryImpl - Eliminando todos los empleados.
17:07:29.848 [AsyncGetter-3-thread-1] DEBUG org.mongodb.driver.operation - retryWrites set but one or more writeRequests do not support retryable writes
17:07:29.849 [AsyncGetter-3-thread-1] DEBUG org.mongodb.driver.protocol.command - Sending command '{"delete": "employee", "ordered": true, "$db": "tennisLab", "$clusterTime": {"clusterTime": {"$timestamp": {"t": 1674662848, "i": 6}}, "signature": {"hash": {"$binary": {"base64": "inaWKYkelcK/EM0eIi1/SP7MfXY=", "subType": "00"}}, "keyId": 7140997052225290242}}, "lsid": {"id": {"$binary": {"base64": "4QxgNiEfTyK8Bl7OjiY/Hw==", "subType": "04"}}}, "deletes": [{"q": {}, "limit": 0}]}' with request id 93 to database tennisLab on connection [connectionId{localValue:7, serverValue:264873}] to server ac-chrld8z-shard-00-02.jgjryxb.mongodb.net:27017
17:07:29.881 [async-channel-group-0-handler-executor] DEBUG org.mongodb.driver.protocol.command - Execution of command with request id 93 completed successfully in 31.68 ms on connection [connectionId{localValue:7, serverValue:264873}] to server ac-chrld8z-shard-00-02.jgjryxb.mongodb.net:27017
17:07:29.899 [Test worker @coroutine#306] DEBUG repositories.users.EmployeeRepositoryImpl - Salvando empleado: Employee(id=63d153c1ae6c0968c6962cda, uuid=34606943-2581-49a9-bd8c-6c2525212683, name=Empleado, surname=Test, email=test, password=1234, available=true, isAdmin=true, entryTime=2023-01-25T17:07:29.846208900, departureTime=2023-01-25T17:07:29.846208900, orderList=[])
17:07:29.903 [AsyncGetter-3-thread-1] DEBUG org.mongodb.driver.protocol.command - Sending command '{"update": "employee", "ordered": true, "txnNumber": 39, "$db": "tennisLab", "$clusterTime": {"clusterTime": {"$timestamp": {"t": 1674662848, "i": 7}}, "signature": {"hash": {"$binary": {"base64": "inaWKYkelcK/EM0eIi1/SP7MfXY=", "subType": "00"}}, "keyId": 7140997052225290242}}, "lsid": {"id": {"$binary": {"base64": "4QxgNiEfTyK8Bl7OjiY/Hw==", "subType": "04"}}}, "updates": [{"q": {"_id": "63d153c1ae6c0968c6962cda"}, "u": {"_id": "63d153c1ae6c0968c6962cda", "uuid": {"$binary": {"base64": "qUmBJUNpYDSDJiElJWyMvQ==", "subType": "03"}}, "name": "Empleado", "surname": "Test", "email": "test", "password": "1234", "available": true, "isAdmin": true, "entryTime": {"$date": "2023-01-25T17:07:29.846Z"}, "departureTime": {"$date": "2023-01-25T17:07:29.846Z"}, "orderList": []}, "upsert": true}]}' with request id 94 to database tennisLab on connection [connectionId{localValue:7, serverValue:264873}] to server ac-chrld8z-shard-00-02.jgjryxb.mongodb.net:27017
17:07:29.935 [async-channel-group-0-handler-executor] DEBUG org.mongodb.driver.protocol.command - Execution of command with request id 94 completed successfully in 33.17 ms on connection [connectionId{localValue:7, serverValue:264873}] to server ac-chrld8z-shard-00-02.jgjryxb.mongodb.net:27017
17:07:29.938 [Test worker @background work runner#307] DEBUG repositories.users.EmployeeRepositoryImpl - Buscando empleado por id: 63d153c1ae6c0968c6962cda
17:07:29.940 [AsyncGetter-3-thread-1] DEBUG org.mongodb.driver.protocol.command - Sending command '{"find": "employee", "filter": {"_id": "63d153c1ae6c0968c6962cda"}, "limit": 1, "singleBatch": true, "$db": "tennisLab", "$clusterTime": {"clusterTime": {"$timestamp": {"t": 1674662848, "i": 8}}, "signature": {"hash": {"$binary": {"base64": "inaWKYkelcK/EM0eIi1/SP7MfXY=", "subType": "00"}}, "keyId": 7140997052225290242}}, "lsid": {"id": {"$binary": {"base64": "4QxgNiEfTyK8Bl7OjiY/Hw==", "subType": "04"}}}}' with request id 95 to database tennisLab on connection [connectionId{localValue:7, serverValue:264873}] to server ac-chrld8z-shard-00-02.jgjryxb.mongodb.net:27017
17:07:29.969 [async-channel-group-0-handler-executor] DEBUG org.mongodb.driver.protocol.command - Execution of command with request id 95 completed successfully in 29.12 ms on connection [connectionId{localValue:7, serverValue:264873}] to server ac-chrld8z-shard-00-02.jgjryxb.mongodb.net:27017
17:07:29.970 [async-channel-group-0-handler-executor] DEBUG org.mongodb.driver.operation - Received batch of 1 documents with cursorId 0 from server ac-chrld8z-shard-00-02.jgjryxb.mongodb.net:27017
17:07:29.982 [Test worker @coroutine#309] DEBUG repositories.users.EmployeeRepositoryImpl - Eliminando todos los empleados.
17:07:29.983 [AsyncGetter-3-thread-1] DEBUG org.mongodb.driver.operation - retryWrites set but one or more writeRequests do not support retryable writes
17:07:29.985 [AsyncGetter-3-thread-1] DEBUG org.mongodb.driver.protocol.command - Sending command '{"delete": "employee", "ordered": true, "$db": "tennisLab", "$clusterTime": {"clusterTime": {"$timestamp": {"t": 1674662848, "i": 8}}, "signature": {"hash": {"$binary": {"base64": "inaWKYkelcK/EM0eIi1/SP7MfXY=", "subType": "00"}}, "keyId": 7140997052225290242}}, "lsid": {"id": {"$binary": {"base64": "4QxgNiEfTyK8Bl7OjiY/Hw==", "subType": "04"}}}, "deletes": [{"q": {}, "limit": 0}]}' with request id 96 to database tennisLab on connection [connectionId{localValue:7, serverValue:264873}] to server ac-chrld8z-shard-00-02.jgjryxb.mongodb.net:27017
17:07:30.017 [async-channel-group-0-handler-executor] DEBUG org.mongodb.driver.protocol.command - Execution of command with request id 96 completed successfully in 32.69 ms on connection [connectionId{localValue:7, serverValue:264873}] to server ac-chrld8z-shard-00-02.jgjryxb.mongodb.net:27017
17:07:30.027 [Test worker @coroutine#311] DEBUG repositories.users.EmployeeRepositoryImpl - Salvando empleado: Employee(id=63d153c1ae6c0968c6962cdb, uuid=cbe8373f-ff31-4692-b2e5-ef13af544786, name=Empleado, surname=Test, email=test, password=1234, available=true, isAdmin=true, entryTime=2023-01-25T17:07:29.981213700, departureTime=2023-01-25T17:07:29.981213700, orderList=[])
17:07:30.030 [AsyncGetter-3-thread-1] DEBUG org.mongodb.driver.protocol.command - Sending command '{"update": "employee", "ordered": true, "txnNumber": 40, "$db": "tennisLab", "$clusterTime": {"clusterTime": {"$timestamp": {"t": 1674662848, "i": 9}}, "signature": {"hash": {"$binary": {"base64": "inaWKYkelcK/EM0eIi1/SP7MfXY=", "subType": "00"}}, "keyId": 7140997052225290242}}, "lsid": {"id": {"$binary": {"base64": "4QxgNiEfTyK8Bl7OjiY/Hw==", "subType": "04"}}}, "updates": [{"q": {"_id": "63d153c1ae6c0968c6962cdb"}, "u": {"_id": "63d153c1ae6c0968c6962cdb", "uuid": {"$binary": {"base64": "kkYx/z836MuGR1SvE+/lsg==", "subType": "03"}}, "name": "Empleado", "surname": "Test", "email": "test", "password": "1234", "available": true, "isAdmin": true, "entryTime": {"$date": "2023-01-25T17:07:29.981Z"}, "departureTime": {"$date": "2023-01-25T17:07:29.981Z"}, "orderList": []}, "upsert": true}]}' with request id 97 to database tennisLab on connection [connectionId{localValue:7, serverValue:264873}] to server ac-chrld8z-shard-00-02.jgjryxb.mongodb.net:27017
17:07:30.063 [async-channel-group-0-handler-executor] DEBUG org.mongodb.driver.protocol.command - Execution of command with request id 97 completed successfully in 33.90 ms on connection [connectionId{localValue:7, serverValue:264873}] to server ac-chrld8z-shard-00-02.jgjryxb.mongodb.net:27017
17:07:30.064 [Test worker @background work runner#312] DEBUG repositories.users.EmployeeRepositoryImpl - Eliminando todos los empleados.
17:07:30.066 [AsyncGetter-3-thread-1] DEBUG org.mongodb.driver.operation - retryWrites set but one or more writeRequests do not support retryable writes
17:07:30.067 [AsyncGetter-3-thread-1] DEBUG org.mongodb.driver.protocol.command - Sending command '{"delete": "employee", "ordered": true, "$db": "tennisLab", "$clusterTime": {"clusterTime": {"$timestamp": {"t": 1674662848, "i": 10}}, "signature": {"hash": {"$binary": {"base64": "inaWKYkelcK/EM0eIi1/SP7MfXY=", "subType": "00"}}, "keyId": 7140997052225290242}}, "lsid": {"id": {"$binary": {"base64": "4QxgNiEfTyK8Bl7OjiY/Hw==", "subType": "04"}}}, "deletes": [{"q": {}, "limit": 0}]}' with request id 98 to database tennisLab on connection [connectionId{localValue:7, serverValue:264873}] to server ac-chrld8z-shard-00-02.jgjryxb.mongodb.net:27017
17:07:30.101 [async-channel-group-0-handler-executor] DEBUG org.mongodb.driver.protocol.command - Execution of command with request id 98 completed successfully in 34.77 ms on connection [connectionId{localValue:7, serverValue:264873}] to server ac-chrld8z-shard-00-02.jgjryxb.mongodb.net:27017
17:07:30.105 [Test worker @coroutine#314] DEBUG repositories.users.EmployeeRepositoryImpl - Eliminando todos los empleados.
17:07:30.106 [AsyncGetter-3-thread-1] DEBUG org.mongodb.driver.operation - retryWrites set but one or more writeRequests do not support retryable writes
17:07:30.108 [AsyncGetter-3-thread-1] DEBUG org.mongodb.driver.protocol.command - Sending command '{"delete": "employee", "ordered": true, "$db": "tennisLab", "$clusterTime": {"clusterTime": {"$timestamp": {"t": 1674662848, "i": 11}}, "signature": {"hash": {"$binary": {"base64": "inaWKYkelcK/EM0eIi1/SP7MfXY=", "subType": "00"}}, "keyId": 7140997052225290242}}, "lsid": {"id": {"$binary": {"base64": "4QxgNiEfTyK8Bl7OjiY/Hw==", "subType": "04"}}}, "deletes": [{"q": {}, "limit": 0}]}' with request id 99 to database tennisLab on connection [connectionId{localValue:7, serverValue:264873}] to server ac-chrld8z-shard-00-02.jgjryxb.mongodb.net:27017
17:07:30.139 [async-channel-group-0-handler-executor] DEBUG org.mongodb.driver.protocol.command - Execution of command with request id 99 completed successfully in 31.91 ms on connection [connectionId{localValue:7, serverValue:264873}] to server ac-chrld8z-shard-00-02.jgjryxb.mongodb.net:27017
17:07:30.145 [Test worker @coroutine#316] DEBUG repositories.users.EmployeeRepositoryImpl - Salvando empleado: Employee(id=63d153c2ae6c0968c6962cdc, uuid=aeac720b-0f59-421a-92f5-f42e1007d37f, name=Empleado, surname=Test, email=test, password=1234, available=true, isAdmin=true, entryTime=2023-01-25T17:07:30.104215200, departureTime=2023-01-25T17:07:30.104215200, orderList=[])
17:07:30.148 [AsyncGetter-3-thread-1] DEBUG org.mongodb.driver.protocol.command - Sending command '{"update": "employee", "ordered": true, "txnNumber": 41, "$db": "tennisLab", "$clusterTime": {"clusterTime": {"$timestamp": {"t": 1674662848, "i": 11}}, "signature": {"hash": {"$binary": {"base64": "inaWKYkelcK/EM0eIi1/SP7MfXY=", "subType": "00"}}, "keyId": 7140997052225290242}}, "lsid": {"id": {"$binary": {"base64": "4QxgNiEfTyK8Bl7OjiY/Hw==", "subType": "04"}}}, "updates": [{"q": {"_id": "63d153c2ae6c0968c6962cdc"}, "u": {"_id": "63d153c2ae6c0968c6962cdc", "uuid": {"$binary": {"base64": "GkJZDwtyrK5/0wcQLvT1kg==", "subType": "03"}}, "name": "Empleado", "surname": "Test", "email": "test", "password": "1234", "available": true, "isAdmin": true, "entryTime": {"$date": "2023-01-25T17:07:30.104Z"}, "departureTime": {"$date": "2023-01-25T17:07:30.104Z"}, "orderList": []}, "upsert": true}]}' with request id 100 to database tennisLab on connection [connectionId{localValue:7, serverValue:264873}] to server ac-chrld8z-shard-00-02.jgjryxb.mongodb.net:27017
17:07:30.179 [async-channel-group-0-handler-executor] DEBUG org.mongodb.driver.protocol.command - Execution of command with request id 100 completed successfully in 32.19 ms on connection [connectionId{localValue:7, serverValue:264873}] to server ac-chrld8z-shard-00-02.jgjryxb.mongodb.net:27017
17:07:30.187 [Test worker @coroutine#318] DEBUG repositories.users.EmployeeRepositoryImpl - Eliminando todos los empleados.
17:07:30.188 [AsyncGetter-3-thread-1] DEBUG org.mongodb.driver.operation - retryWrites set but one or more writeRequests do not support retryable writes
17:07:30.189 [AsyncGetter-3-thread-1] DEBUG org.mongodb.driver.protocol.command - Sending command '{"delete": "employee", "ordered": true, "$db": "tennisLab", "$clusterTime": {"clusterTime": {"$timestamp": {"t": 1674662848, "i": 12}}, "signature": {"hash": {"$binary": {"base64": "inaWKYkelcK/EM0eIi1/SP7MfXY=", "subType": "00"}}, "keyId": 7140997052225290242}}, "lsid": {"id": {"$binary": {"base64": "4QxgNiEfTyK8Bl7OjiY/Hw==", "subType": "04"}}}, "deletes": [{"q": {}, "limit": 0}]}' with request id 101 to database tennisLab on connection [connectionId{localValue:7, serverValue:264873}] to server ac-chrld8z-shard-00-02.jgjryxb.mongodb.net:27017
17:07:30.222 [async-channel-group-0-handler-executor] DEBUG org.mongodb.driver.protocol.command - Execution of command with request id 101 completed successfully in 32.92 ms on connection [connectionId{localValue:7, serverValue:264873}] to server ac-chrld8z-shard-00-02.jgjryxb.mongodb.net:27017
17:07:30.234 [Test worker @coroutine#320] DEBUG repositories.users.EmployeeRepositoryImpl - Salvando empleado: Employee(id=63d153c2ae6c0968c6962cdd, uuid=dec0ad73-10e5-42ed-bd97-1d79756b81b0, name=Empleado, surname=Test, email=test, password=1234, available=true, isAdmin=true, entryTime=2023-01-25T17:07:30.186212400, departureTime=2023-01-25T17:07:30.186212400, orderList=[])
17:07:30.242 [AsyncGetter-3-thread-1] DEBUG org.mongodb.driver.protocol.command - Sending command '{"update": "employee", "ordered": true, "txnNumber": 42, "$db": "tennisLab", "$clusterTime": {"clusterTime": {"$timestamp": {"t": 1674662848, "i": 13}}, "signature": {"hash": {"$binary": {"base64": "inaWKYkelcK/EM0eIi1/SP7MfXY=", "subType": "00"}}, "keyId": 7140997052225290242}}, "lsid": {"id": {"$binary": {"base64": "4QxgNiEfTyK8Bl7OjiY/Hw==", "subType": "04"}}}, "updates": [{"q": {"_id": "63d153c2ae6c0968c6962cdd"}, "u": {"_id": "63d153c2ae6c0968c6962cdd", "uuid": {"$binary": {"base64": "7ULlEHOtwN6wgWt1eR2XvQ==", "subType": "03"}}, "name": "Empleado", "surname": "Test", "email": "test", "password": "1234", "available": true, "isAdmin": true, "entryTime": {"$date": "2023-01-25T17:07:30.186Z"}, "departureTime": {"$date": "2023-01-25T17:07:30.186Z"}, "orderList": []}, "upsert": true}]}' with request id 102 to database tennisLab on connection [connectionId{localValue:7, serverValue:264873}] to server ac-chrld8z-shard-00-02.jgjryxb.mongodb.net:27017
17:07:30.304 [async-channel-group-0-handler-executor] DEBUG org.mongodb.driver.protocol.command - Execution of command with request id 102 completed successfully in 62.82 ms on connection [connectionId{localValue:7, serverValue:264873}] to server ac-chrld8z-shard-00-02.jgjryxb.mongodb.net:27017
17:07:30.307 [Test worker @background work runner#321] DEBUG repositories.users.EmployeeRepositoryImpl - Buscando empleado por email: test
17:07:30.315 [AsyncGetter-3-thread-1] DEBUG org.mongodb.driver.protocol.command - Sending command '{"find": "employee", "filter": {"email": "test"}, "limit": 1, "singleBatch": true, "$db": "tennisLab", "$clusterTime": {"clusterTime": {"$timestamp": {"t": 1674662848, "i": 14}}, "signature": {"hash": {"$binary": {"base64": "inaWKYkelcK/EM0eIi1/SP7MfXY=", "subType": "00"}}, "keyId": 7140997052225290242}}, "lsid": {"id": {"$binary": {"base64": "4QxgNiEfTyK8Bl7OjiY/Hw==", "subType": "04"}}}}' with request id 103 to database tennisLab on connection [connectionId{localValue:7, serverValue:264873}] to server ac-chrld8z-shard-00-02.jgjryxb.mongodb.net:27017
17:07:30.342 [async-channel-group-0-handler-executor] DEBUG org.mongodb.driver.protocol.command - Execution of command with request id 103 completed successfully in 27.98 ms on connection [connectionId{localValue:7, serverValue:264873}] to server ac-chrld8z-shard-00-02.jgjryxb.mongodb.net:27017
17:07:30.344 [async-channel-group-0-handler-executor] DEBUG org.mongodb.driver.operation - Received batch of 1 documents with cursorId 0 from server ac-chrld8z-shard-00-02.jgjryxb.mongodb.net:27017
]]></system-out>
  <system-err><![CDATA[]]></system-err>
</testsuite>
