<?xml version="1.0" encoding="UTF-8"?>
<testsuite name="repositories.rackets.RacketRepositoryImplTest" tests="6" skipped="0" failures="0" errors="0" timestamp="2023-01-20T17:10:35" hostname="RO-PC" time="2.507">
  <properties/>
  <testcase name="delete()" classname="repositories.rackets.RacketRepositoryImplTest" time="1.817"/>
  <testcase name="findAll()" classname="repositories.rackets.RacketRepositoryImplTest" time="0.269"/>
  <testcase name="update()" classname="repositories.rackets.RacketRepositoryImplTest" time="0.121"/>
  <testcase name="findById()" classname="repositories.rackets.RacketRepositoryImplTest" time="0.111"/>
  <testcase name="deleteAll()" classname="repositories.rackets.RacketRepositoryImplTest" time="0.112"/>
  <testcase name="save()" classname="repositories.rackets.RacketRepositoryImplTest" time="0.073"/>
  <system-out><![CDATA[18:10:33.773 [Test worker] DEBUG db.MongoDbManager - Inicializando conexion a MongoDB
Inicializando conexion a MongoDB -> mongodb+srv://moha:1234@tennislabcluster.jgjryxb.mongodb.net/
18:10:34.965 [cluster-ClusterId{value='63cacb0a492f3b6b8666f04a', description='null'}-srv-tennislabcluster.jgjryxb.mongodb.net] INFO org.mongodb.driver.cluster - Adding discovered server ac-chrld8z-shard-00-02.jgjryxb.mongodb.net:27017 to client view of cluster
18:10:35.020 [Test worker] INFO org.mongodb.driver.client - MongoClient with metadata {"driver": {"name": "mongo-java-driver|reactive-streams|kmongo", "version": "4.7.2"}, "os": {"type": "Windows", "name": "Windows 10", "architecture": "amd64", "version": "10.0"}, "platform": "Java/BellSoft/17.0.3+7-LTS|Kotlin/1.7.21"} created with settings MongoClientSettings{readPreference=primary, writeConcern=WriteConcern{w=null, wTimeout=null ms, journal=null}, retryWrites=true, retryReads=true, readConcern=ReadConcern{level=null}, credential=MongoCredential{mechanism=null, userName='moha', source='admin', password=<hidden>, mechanismProperties=<hidden>}, streamFactoryFactory=null, commandListeners=[], codecRegistry=ProvidersCodecRegistry{codecProviders=[ProvidersCodecRegistry{codecProviders=[ValueCodecProvider{}, BsonValueCodecProvider{}, DBRefCodecProvider{}, DBObjectCodecProvider{}, DocumentCodecProvider{}, IterableCodecProvider{}, MapCodecProvider{}, GeoJsonCodecProvider{}, GridFSFileCodecProvider{}, Jsr310CodecProvider{}, JsonObjectCodecProvider{}, BsonCodecProvider{}, EnumCodecProvider{}, com.mongodb.Jep395RecordCodecProvider@5c20aab9]}, org.litote.kmongo.service.CustomCodecProvider@4b7c4456, ProvidersCodecRegistry{codecProviders=[org.litote.kmongo.jackson.JacksonCodecProvider@2c768ada]}]}, clusterSettings={hosts=[127.0.0.1:27017], srvHost=tennislabcluster.jgjryxb.mongodb.net, srvServiceName=mongodb, mode=MULTIPLE, requiredClusterType=REPLICA_SET, requiredReplicaSetName='atlas-se6cg8-shard-0', serverSelector='null', clusterListeners='[]', serverSelectionTimeout='30000 ms', localThreshold='30000 ms'}, socketSettings=SocketSettings{connectTimeoutMS=10000, readTimeoutMS=0, receiveBufferSize=0, sendBufferSize=0}, heartbeatSocketSettings=SocketSettings{connectTimeoutMS=10000, readTimeoutMS=10000, receiveBufferSize=0, sendBufferSize=0}, connectionPoolSettings=ConnectionPoolSettings{maxSize=100, minSize=0, maxWaitTimeMS=120000, maxConnectionLifeTimeMS=0, maxConnectionIdleTimeMS=0, maintenanceInitialDelayMS=0, maintenanceFrequencyMS=60000, connectionPoolListeners=[], maxConnecting=2}, serverSettings=ServerSettings{heartbeatFrequencyMS=10000, minHeartbeatFrequencyMS=500, serverListeners='[]', serverMonitorListeners='[]'}, sslSettings=SslSettings{enabled=true, invalidHostNameAllowed=false, context=null}, applicationName='null', compressorList=[], uuidRepresentation=UNSPECIFIED, serverApi=null, autoEncryptionSettings=null, contextProvider=null}
18:10:35.036 [cluster-ClusterId{value='63cacb0a492f3b6b8666f04a', description='null'}-srv-tennislabcluster.jgjryxb.mongodb.net] INFO org.mongodb.driver.cluster - Adding discovered server ac-chrld8z-shard-00-00.jgjryxb.mongodb.net:27017 to client view of cluster
18:10:35.038 [cluster-ClusterId{value='63cacb0a492f3b6b8666f04a', description='null'}-srv-tennislabcluster.jgjryxb.mongodb.net] INFO org.mongodb.driver.cluster - Adding discovered server ac-chrld8z-shard-00-01.jgjryxb.mongodb.net:27017 to client view of cluster
18:10:35.040 [cluster-ClusterId{value='63cacb0a492f3b6b8666f04a', description='null'}-srv-tennislabcluster.jgjryxb.mongodb.net] DEBUG org.mongodb.driver.cluster - Updating cluster description to  {type=REPLICA_SET, servers=[{address=ac-chrld8z-shard-00-00.jgjryxb.mongodb.net:27017, type=UNKNOWN, state=CONNECTING}, {address=ac-chrld8z-shard-00-01.jgjryxb.mongodb.net:27017, type=UNKNOWN, state=CONNECTING}, {address=ac-chrld8z-shard-00-02.jgjryxb.mongodb.net:27017, type=UNKNOWN, state=CONNECTING}]
18:10:35.208 [Test worker @coroutine#1] DEBUG repositories.rackets.RacketRepositoryImpl - Elminando todas las raquetas
18:10:35.314 [Test worker @coroutine#1] DEBUG reactor.util.Loggers$LoggerFactory - Using Slf4j logging framework
18:10:35.422 [Thread-4] DEBUG org.mongodb.driver.connection.tls - initialized direct buffer deallocator for java >= 9
18:10:35.458 [Test worker @coroutine#1] INFO org.mongodb.driver.cluster - No server chosen by com.mongodb.reactivestreams.client.internal.ClientSessionHelper$$Lambda$445/0x0000000800f59c68@5634d0f4 from cluster description ClusterDescription{type=REPLICA_SET, connectionMode=MULTIPLE, serverDescriptions=[ServerDescription{address=ac-chrld8z-shard-00-00.jgjryxb.mongodb.net:27017, type=UNKNOWN, state=CONNECTING}, ServerDescription{address=ac-chrld8z-shard-00-01.jgjryxb.mongodb.net:27017, type=UNKNOWN, state=CONNECTING}, ServerDescription{address=ac-chrld8z-shard-00-02.jgjryxb.mongodb.net:27017, type=UNKNOWN, state=CONNECTING}]}. Waiting for 30000 ms before timing out
18:10:35.913 [cluster-rtt-ClusterId{value='63cacb0a492f3b6b8666f04a', description='null'}-ac-chrld8z-shard-00-00.jgjryxb.mongodb.net:27017] INFO org.mongodb.driver.connection - Opened connection [connectionId{localValue:3, serverValue:170185}] to ac-chrld8z-shard-00-00.jgjryxb.mongodb.net:27017
18:10:35.913 [cluster-rtt-ClusterId{value='63cacb0a492f3b6b8666f04a', description='null'}-ac-chrld8z-shard-00-01.jgjryxb.mongodb.net:27017] INFO org.mongodb.driver.connection - Opened connection [connectionId{localValue:5, serverValue:166855}] to ac-chrld8z-shard-00-01.jgjryxb.mongodb.net:27017
18:10:35.913 [cluster-ClusterId{value='63cacb0a492f3b6b8666f04a', description='null'}-ac-chrld8z-shard-00-00.jgjryxb.mongodb.net:27017] INFO org.mongodb.driver.connection - Opened connection [connectionId{localValue:6, serverValue:170184}] to ac-chrld8z-shard-00-00.jgjryxb.mongodb.net:27017
18:10:35.913 [cluster-ClusterId{value='63cacb0a492f3b6b8666f04a', description='null'}-ac-chrld8z-shard-00-02.jgjryxb.mongodb.net:27017] INFO org.mongodb.driver.connection - Opened connection [connectionId{localValue:1, serverValue:167158}] to ac-chrld8z-shard-00-02.jgjryxb.mongodb.net:27017
18:10:35.913 [cluster-rtt-ClusterId{value='63cacb0a492f3b6b8666f04a', description='null'}-ac-chrld8z-shard-00-02.jgjryxb.mongodb.net:27017] INFO org.mongodb.driver.connection - Opened connection [connectionId{localValue:4, serverValue:167158}] to ac-chrld8z-shard-00-02.jgjryxb.mongodb.net:27017
18:10:35.914 [cluster-ClusterId{value='63cacb0a492f3b6b8666f04a', description='null'}-ac-chrld8z-shard-00-01.jgjryxb.mongodb.net:27017] INFO org.mongodb.driver.connection - Opened connection [connectionId{localValue:2, serverValue:166855}] to ac-chrld8z-shard-00-01.jgjryxb.mongodb.net:27017
18:10:35.927 [cluster-ClusterId{value='63cacb0a492f3b6b8666f04a', description='null'}-ac-chrld8z-shard-00-02.jgjryxb.mongodb.net:27017] INFO org.mongodb.driver.cluster - Monitor thread successfully connected to server with description ServerDescription{address=ac-chrld8z-shard-00-02.jgjryxb.mongodb.net:27017, type=REPLICA_SET_PRIMARY, state=CONNECTED, ok=true, minWireVersion=0, maxWireVersion=13, maxDocumentSize=16777216, logicalSessionTimeoutMinutes=30, roundTripTimeNanos=476558900, setName='atlas-se6cg8-shard-0', canonicalAddress=ac-chrld8z-shard-00-02.jgjryxb.mongodb.net:27017, hosts=[ac-chrld8z-shard-00-00.jgjryxb.mongodb.net:27017, ac-chrld8z-shard-00-02.jgjryxb.mongodb.net:27017, ac-chrld8z-shard-00-01.jgjryxb.mongodb.net:27017], passives=[], arbiters=[], primary='ac-chrld8z-shard-00-02.jgjryxb.mongodb.net:27017', tagSet=TagSet{[Tag{name='nodeType', value='ELECTABLE'}, Tag{name='provider', value='AWS'}, Tag{name='region', value='EU_WEST_3'}, Tag{name='workloadType', value='OPERATIONAL'}]}, electionId=7fffffff000000000000001c, setVersion=1, topologyVersion=TopologyVersion{processId=63c0153d7a1841ad2662f40e, counter=6}, lastWriteDate=Fri Jan 20 18:10:34 CET 2023, lastUpdateTimeNanos=812429129147500}
18:10:35.927 [cluster-ClusterId{value='63cacb0a492f3b6b8666f04a', description='null'}-ac-chrld8z-shard-00-00.jgjryxb.mongodb.net:27017] INFO org.mongodb.driver.cluster - Monitor thread successfully connected to server with description ServerDescription{address=ac-chrld8z-shard-00-00.jgjryxb.mongodb.net:27017, type=REPLICA_SET_SECONDARY, state=CONNECTED, ok=true, minWireVersion=0, maxWireVersion=13, maxDocumentSize=16777216, logicalSessionTimeoutMinutes=30, roundTripTimeNanos=476217400, setName='atlas-se6cg8-shard-0', canonicalAddress=ac-chrld8z-shard-00-00.jgjryxb.mongodb.net:27017, hosts=[ac-chrld8z-shard-00-00.jgjryxb.mongodb.net:27017, ac-chrld8z-shard-00-02.jgjryxb.mongodb.net:27017, ac-chrld8z-shard-00-01.jgjryxb.mongodb.net:27017], passives=[], arbiters=[], primary='ac-chrld8z-shard-00-02.jgjryxb.mongodb.net:27017', tagSet=TagSet{[Tag{name='nodeType', value='ELECTABLE'}, Tag{name='provider', value='AWS'}, Tag{name='region', value='EU_WEST_3'}, Tag{name='workloadType', value='OPERATIONAL'}]}, electionId=null, setVersion=1, topologyVersion=TopologyVersion{processId=63c0141e24b55518e53618c0, counter=4}, lastWriteDate=Fri Jan 20 18:10:34 CET 2023, lastUpdateTimeNanos=812429129142400}
18:10:35.927 [cluster-ClusterId{value='63cacb0a492f3b6b8666f04a', description='null'}-ac-chrld8z-shard-00-01.jgjryxb.mongodb.net:27017] INFO org.mongodb.driver.cluster - Monitor thread successfully connected to server with description ServerDescription{address=ac-chrld8z-shard-00-01.jgjryxb.mongodb.net:27017, type=REPLICA_SET_SECONDARY, state=CONNECTED, ok=true, minWireVersion=0, maxWireVersion=13, maxDocumentSize=16777216, logicalSessionTimeoutMinutes=30, roundTripTimeNanos=476946200, setName='atlas-se6cg8-shard-0', canonicalAddress=ac-chrld8z-shard-00-01.jgjryxb.mongodb.net:27017, hosts=[ac-chrld8z-shard-00-00.jgjryxb.mongodb.net:27017, ac-chrld8z-shard-00-02.jgjryxb.mongodb.net:27017, ac-chrld8z-shard-00-01.jgjryxb.mongodb.net:27017], passives=[], arbiters=[], primary='ac-chrld8z-shard-00-02.jgjryxb.mongodb.net:27017', tagSet=TagSet{[Tag{name='nodeType', value='ELECTABLE'}, Tag{name='provider', value='AWS'}, Tag{name='region', value='EU_WEST_3'}, Tag{name='workloadType', value='OPERATIONAL'}]}, electionId=null, setVersion=1, topologyVersion=TopologyVersion{processId=63c0164a8862cecbd79b2178, counter=3}, lastWriteDate=Fri Jan 20 18:10:34 CET 2023, lastUpdateTimeNanos=812429129141400}
18:10:35.932 [cluster-ClusterId{value='63cacb0a492f3b6b8666f04a', description='null'}-ac-chrld8z-shard-00-00.jgjryxb.mongodb.net:27017] DEBUG org.mongodb.driver.connection - Marking the connection pool for ServerId{clusterId=ClusterId{value='63cacb0a492f3b6b8666f04a', description='null'}, address=ac-chrld8z-shard-00-00.jgjryxb.mongodb.net:27017} as 'ready'
18:10:35.933 [MaintenanceTimer-4-thread-1] DEBUG org.mongodb.driver.connection - Pruning pooled connections to ac-chrld8z-shard-00-00.jgjryxb.mongodb.net:27017
18:10:35.937 [cluster-ClusterId{value='63cacb0a492f3b6b8666f04a', description='null'}-ac-chrld8z-shard-00-00.jgjryxb.mongodb.net:27017] DEBUG org.mongodb.driver.cluster - Updating cluster description to  {type=REPLICA_SET, servers=[{address=ac-chrld8z-shard-00-00.jgjryxb.mongodb.net:27017, type=REPLICA_SET_SECONDARY, TagSet{[Tag{name='nodeType', value='ELECTABLE'}, Tag{name='provider', value='AWS'}, Tag{name='region', value='EU_WEST_3'}, Tag{name='workloadType', value='OPERATIONAL'}]}, roundTripTime=476.2 ms, state=CONNECTED}, {address=ac-chrld8z-shard-00-01.jgjryxb.mongodb.net:27017, type=UNKNOWN, state=CONNECTING}, {address=ac-chrld8z-shard-00-02.jgjryxb.mongodb.net:27017, type=UNKNOWN, state=CONNECTING}]
18:10:35.937 [cluster-ClusterId{value='63cacb0a492f3b6b8666f04a', description='null'}-ac-chrld8z-shard-00-00.jgjryxb.mongodb.net:27017] DEBUG org.mongodb.driver.cluster - Checking status of ac-chrld8z-shard-00-00.jgjryxb.mongodb.net:27017
18:10:35.938 [cluster-ClusterId{value='63cacb0a492f3b6b8666f04a', description='null'}-ac-chrld8z-shard-00-01.jgjryxb.mongodb.net:27017] DEBUG org.mongodb.driver.connection - Marking the connection pool for ServerId{clusterId=ClusterId{value='63cacb0a492f3b6b8666f04a', description='null'}, address=ac-chrld8z-shard-00-01.jgjryxb.mongodb.net:27017} as 'ready'
18:10:35.938 [cluster-ClusterId{value='63cacb0a492f3b6b8666f04a', description='null'}-ac-chrld8z-shard-00-01.jgjryxb.mongodb.net:27017] DEBUG org.mongodb.driver.cluster - Updating cluster description to  {type=REPLICA_SET, servers=[{address=ac-chrld8z-shard-00-00.jgjryxb.mongodb.net:27017, type=REPLICA_SET_SECONDARY, TagSet{[Tag{name='nodeType', value='ELECTABLE'}, Tag{name='provider', value='AWS'}, Tag{name='region', value='EU_WEST_3'}, Tag{name='workloadType', value='OPERATIONAL'}]}, roundTripTime=476.2 ms, state=CONNECTED}, {address=ac-chrld8z-shard-00-01.jgjryxb.mongodb.net:27017, type=REPLICA_SET_SECONDARY, TagSet{[Tag{name='nodeType', value='ELECTABLE'}, Tag{name='provider', value='AWS'}, Tag{name='region', value='EU_WEST_3'}, Tag{name='workloadType', value='OPERATIONAL'}]}, roundTripTime=476.9 ms, state=CONNECTED}, {address=ac-chrld8z-shard-00-02.jgjryxb.mongodb.net:27017, type=UNKNOWN, state=CONNECTING}]
18:10:35.939 [cluster-ClusterId{value='63cacb0a492f3b6b8666f04a', description='null'}-ac-chrld8z-shard-00-01.jgjryxb.mongodb.net:27017] DEBUG org.mongodb.driver.cluster - Checking status of ac-chrld8z-shard-00-01.jgjryxb.mongodb.net:27017
18:10:35.940 [cluster-ClusterId{value='63cacb0a492f3b6b8666f04a', description='null'}-ac-chrld8z-shard-00-02.jgjryxb.mongodb.net:27017] DEBUG org.mongodb.driver.connection - Marking the connection pool for ServerId{clusterId=ClusterId{value='63cacb0a492f3b6b8666f04a', description='null'}, address=ac-chrld8z-shard-00-02.jgjryxb.mongodb.net:27017} as 'ready'
18:10:35.940 [MaintenanceTimer-2-thread-1] DEBUG org.mongodb.driver.connection - Pruning pooled connections to ac-chrld8z-shard-00-02.jgjryxb.mongodb.net:27017
18:10:35.940 [MaintenanceTimer-6-thread-1] DEBUG org.mongodb.driver.connection - Pruning pooled connections to ac-chrld8z-shard-00-01.jgjryxb.mongodb.net:27017
18:10:35.940 [cluster-ClusterId{value='63cacb0a492f3b6b8666f04a', description='null'}-ac-chrld8z-shard-00-02.jgjryxb.mongodb.net:27017] INFO org.mongodb.driver.cluster - Setting max election id to 7fffffff000000000000001c from replica set primary ac-chrld8z-shard-00-02.jgjryxb.mongodb.net:27017
18:10:35.941 [cluster-ClusterId{value='63cacb0a492f3b6b8666f04a', description='null'}-ac-chrld8z-shard-00-02.jgjryxb.mongodb.net:27017] INFO org.mongodb.driver.cluster - Setting max set version to 1 from replica set primary ac-chrld8z-shard-00-02.jgjryxb.mongodb.net:27017
18:10:35.941 [cluster-ClusterId{value='63cacb0a492f3b6b8666f04a', description='null'}-ac-chrld8z-shard-00-02.jgjryxb.mongodb.net:27017] INFO org.mongodb.driver.cluster - Discovered replica set primary ac-chrld8z-shard-00-02.jgjryxb.mongodb.net:27017
18:10:35.943 [cluster-ClusterId{value='63cacb0a492f3b6b8666f04a', description='null'}-ac-chrld8z-shard-00-02.jgjryxb.mongodb.net:27017] DEBUG org.mongodb.driver.cluster - Updating cluster description to  {type=REPLICA_SET, servers=[{address=ac-chrld8z-shard-00-00.jgjryxb.mongodb.net:27017, type=REPLICA_SET_SECONDARY, TagSet{[Tag{name='nodeType', value='ELECTABLE'}, Tag{name='provider', value='AWS'}, Tag{name='region', value='EU_WEST_3'}, Tag{name='workloadType', value='OPERATIONAL'}]}, roundTripTime=476.2 ms, state=CONNECTED}, {address=ac-chrld8z-shard-00-01.jgjryxb.mongodb.net:27017, type=REPLICA_SET_SECONDARY, TagSet{[Tag{name='nodeType', value='ELECTABLE'}, Tag{name='provider', value='AWS'}, Tag{name='region', value='EU_WEST_3'}, Tag{name='workloadType', value='OPERATIONAL'}]}, roundTripTime=476.9 ms, state=CONNECTED}, {address=ac-chrld8z-shard-00-02.jgjryxb.mongodb.net:27017, type=REPLICA_SET_PRIMARY, TagSet{[Tag{name='nodeType', value='ELECTABLE'}, Tag{name='provider', value='AWS'}, Tag{name='region', value='EU_WEST_3'}, Tag{name='workloadType', value='OPERATIONAL'}]}, roundTripTime=476.6 ms, state=CONNECTED}]
18:10:35.944 [cluster-ClusterId{value='63cacb0a492f3b6b8666f04a', description='null'}-ac-chrld8z-shard-00-02.jgjryxb.mongodb.net:27017] DEBUG org.mongodb.driver.cluster - Checking status of ac-chrld8z-shard-00-02.jgjryxb.mongodb.net:27017
18:10:36.245 [async-channel-group-0-handler-executor] INFO org.mongodb.driver.connection - Opened connection [connectionId{localValue:7, serverValue:167161}] to ac-chrld8z-shard-00-02.jgjryxb.mongodb.net:27017
18:10:36.259 [async-channel-group-0-handler-executor] DEBUG org.mongodb.driver.operation - retryWrites set but one or more writeRequests do not support retryable writes
18:10:36.302 [async-channel-group-0-handler-executor] DEBUG org.mongodb.driver.protocol.command - Sending command '{"delete": "racket", "ordered": true, "$db": "tennisLab", "lsid": {"id": {"$binary": {"base64": "06jgatE/SoSF02EgLYbZCA==", "subType": "04"}}}, "deletes": [{"q": {}, "limit": 0}]}' with request id 13 to database tennisLab on connection [connectionId{localValue:7, serverValue:167161}] to server ac-chrld8z-shard-00-02.jgjryxb.mongodb.net:27017
18:10:36.330 [async-channel-group-0-handler-executor] DEBUG org.mongodb.driver.protocol.command - Execution of command with request id 13 completed successfully in 38.17 ms on connection [connectionId{localValue:7, serverValue:167161}] to server ac-chrld8z-shard-00-02.jgjryxb.mongodb.net:27017
18:10:36.377 [Test worker @coroutine#3] DEBUG repositories.rackets.RacketRepositoryImpl - Salvando raqueta: Racket(id=63cacb0b492f3b6b8666f04b, brand=Test, model=Test, maneuverability=25.0, balance=2.5, rigidity=1.8)
18:10:36.755 [AsyncGetter-3-thread-1] DEBUG org.mongodb.driver.protocol.command - Sending command '{"update": "racket", "ordered": true, "txnNumber": 1, "$db": "tennisLab", "$clusterTime": {"clusterTime": {"$timestamp": {"t": 1674234635, "i": 1}}, "signature": {"hash": {"$binary": {"base64": "EAgwfB4L5IktJDFarosq73Nlud8=", "subType": "00"}}, "keyId": 7140997052225290242}}, "lsid": {"id": {"$binary": {"base64": "06jgatE/SoSF02EgLYbZCA==", "subType": "04"}}}, "updates": [{"q": {"_id": {"$oid": "63cacb0b492f3b6b8666f04b"}}, "u": {"_id": {"$oid": "63cacb0b492f3b6b8666f04b"}, "brand": "Test", "model": "Test", "maneuverability": 25.0, "balance": 2.5, "rigidity": 1.7999999523162842}, "upsert": true}]}' with request id 14 to database tennisLab on connection [connectionId{localValue:7, serverValue:167161}] to server ac-chrld8z-shard-00-02.jgjryxb.mongodb.net:27017
18:10:36.821 [async-channel-group-0-handler-executor] DEBUG org.mongodb.driver.protocol.command - Execution of command with request id 14 completed successfully in 67.79 ms on connection [connectionId{localValue:7, serverValue:167161}] to server ac-chrld8z-shard-00-02.jgjryxb.mongodb.net:27017
18:10:36.828 [Test worker @background work runner#4] DEBUG repositories.rackets.RacketRepositoryImpl - Eliminando raqueta: Racket(id=63cacb0b492f3b6b8666f04b, brand=Test, model=Test, maneuverability=25.0, balance=2.5, rigidity=1.8)
18:10:36.832 [AsyncGetter-3-thread-1] DEBUG org.mongodb.driver.protocol.command - Sending command '{"delete": "racket", "ordered": true, "txnNumber": 2, "$db": "tennisLab", "$clusterTime": {"clusterTime": {"$timestamp": {"t": 1674234635, "i": 4}}, "signature": {"hash": {"$binary": {"base64": "EAgwfB4L5IktJDFarosq73Nlud8=", "subType": "00"}}, "keyId": 7140997052225290242}}, "lsid": {"id": {"$binary": {"base64": "06jgatE/SoSF02EgLYbZCA==", "subType": "04"}}}, "deletes": [{"q": {"_id": {"$oid": "63cacb0b492f3b6b8666f04b"}}, "limit": 1}]}' with request id 15 to database tennisLab on connection [connectionId{localValue:7, serverValue:167161}] to server ac-chrld8z-shard-00-02.jgjryxb.mongodb.net:27017
18:10:36.870 [async-channel-group-0-handler-executor] DEBUG org.mongodb.driver.protocol.command - Execution of command with request id 15 completed successfully in 38.90 ms on connection [connectionId{localValue:7, serverValue:167161}] to server ac-chrld8z-shard-00-02.jgjryxb.mongodb.net:27017
18:10:36.889 [Test worker @coroutine#6] DEBUG repositories.rackets.RacketRepositoryImpl - Elminando todas las raquetas
18:10:36.889 [AsyncGetter-3-thread-1] DEBUG org.mongodb.driver.operation - retryWrites set but one or more writeRequests do not support retryable writes
18:10:36.891 [AsyncGetter-3-thread-1] DEBUG org.mongodb.driver.protocol.command - Sending command '{"delete": "racket", "ordered": true, "$db": "tennisLab", "$clusterTime": {"clusterTime": {"$timestamp": {"t": 1674234636, "i": 1}}, "signature": {"hash": {"$binary": {"base64": "tVouhjKZnTZa1T8+bCwCr2XgDLA=", "subType": "00"}}, "keyId": 7140997052225290242}}, "lsid": {"id": {"$binary": {"base64": "06jgatE/SoSF02EgLYbZCA==", "subType": "04"}}}, "deletes": [{"q": {}, "limit": 0}]}' with request id 16 to database tennisLab on connection [connectionId{localValue:7, serverValue:167161}] to server ac-chrld8z-shard-00-02.jgjryxb.mongodb.net:27017
18:10:36.927 [async-channel-group-0-handler-executor] DEBUG org.mongodb.driver.protocol.command - Execution of command with request id 16 completed successfully in 36.19 ms on connection [connectionId{localValue:7, serverValue:167161}] to server ac-chrld8z-shard-00-02.jgjryxb.mongodb.net:27017
18:10:36.930 [Test worker @coroutine#8] DEBUG repositories.rackets.RacketRepositoryImpl - Salvando raqueta: Racket(id=63cacb0c492f3b6b8666f04c, brand=Test, model=Test, maneuverability=25.0, balance=2.5, rigidity=1.8)
18:10:36.933 [AsyncGetter-3-thread-1] DEBUG org.mongodb.driver.protocol.command - Sending command '{"update": "racket", "ordered": true, "txnNumber": 3, "$db": "tennisLab", "$clusterTime": {"clusterTime": {"$timestamp": {"t": 1674234636, "i": 1}}, "signature": {"hash": {"$binary": {"base64": "tVouhjKZnTZa1T8+bCwCr2XgDLA=", "subType": "00"}}, "keyId": 7140997052225290242}}, "lsid": {"id": {"$binary": {"base64": "06jgatE/SoSF02EgLYbZCA==", "subType": "04"}}}, "updates": [{"q": {"_id": {"$oid": "63cacb0c492f3b6b8666f04c"}}, "u": {"_id": {"$oid": "63cacb0c492f3b6b8666f04c"}, "brand": "Test", "model": "Test", "maneuverability": 25.0, "balance": 2.5, "rigidity": 1.7999999523162842}, "upsert": true}]}' with request id 17 to database tennisLab on connection [connectionId{localValue:7, serverValue:167161}] to server ac-chrld8z-shard-00-02.jgjryxb.mongodb.net:27017
18:10:36.966 [async-channel-group-0-handler-executor] DEBUG org.mongodb.driver.protocol.command - Execution of command with request id 17 completed successfully in 33.92 ms on connection [connectionId{localValue:7, serverValue:167161}] to server ac-chrld8z-shard-00-02.jgjryxb.mongodb.net:27017
18:10:36.969 [Test worker @background work runner#9] DEBUG repositories.rackets.RacketRepositoryImpl - Buscando rauqetas
18:10:37.044 [AsyncGetter-3-thread-1] DEBUG org.mongodb.driver.protocol.command - Sending command '{"find": "racket", "filter": {}, "batchSize": 64, "$db": "tennisLab", "$clusterTime": {"clusterTime": {"$timestamp": {"t": 1674234636, "i": 2}}, "signature": {"hash": {"$binary": {"base64": "tVouhjKZnTZa1T8+bCwCr2XgDLA=", "subType": "00"}}, "keyId": 7140997052225290242}}, "lsid": {"id": {"$binary": {"base64": "06jgatE/SoSF02EgLYbZCA==", "subType": "04"}}}}' with request id 18 to database tennisLab on connection [connectionId{localValue:7, serverValue:167161}] to server ac-chrld8z-shard-00-02.jgjryxb.mongodb.net:27017
18:10:37.072 [async-channel-group-0-handler-executor] DEBUG org.mongodb.driver.protocol.command - Execution of command with request id 18 completed successfully in 29.25 ms on connection [connectionId{localValue:7, serverValue:167161}] to server ac-chrld8z-shard-00-02.jgjryxb.mongodb.net:27017
18:10:37.144 [async-channel-group-0-handler-executor] DEBUG org.mongodb.driver.operation - Received batch of 1 documents with cursorId 0 from server ac-chrld8z-shard-00-02.jgjryxb.mongodb.net:27017
18:10:37.159 [Test worker @coroutine#11] DEBUG repositories.rackets.RacketRepositoryImpl - Elminando todas las raquetas
18:10:37.160 [AsyncGetter-3-thread-1] DEBUG org.mongodb.driver.operation - retryWrites set but one or more writeRequests do not support retryable writes
18:10:37.161 [AsyncGetter-3-thread-1] DEBUG org.mongodb.driver.protocol.command - Sending command '{"delete": "racket", "ordered": true, "$db": "tennisLab", "$clusterTime": {"clusterTime": {"$timestamp": {"t": 1674234636, "i": 2}}, "signature": {"hash": {"$binary": {"base64": "tVouhjKZnTZa1T8+bCwCr2XgDLA=", "subType": "00"}}, "keyId": 7140997052225290242}}, "lsid": {"id": {"$binary": {"base64": "06jgatE/SoSF02EgLYbZCA==", "subType": "04"}}}, "deletes": [{"q": {}, "limit": 0}]}' with request id 19 to database tennisLab on connection [connectionId{localValue:7, serverValue:167161}] to server ac-chrld8z-shard-00-02.jgjryxb.mongodb.net:27017
18:10:37.193 [async-channel-group-0-handler-executor] DEBUG org.mongodb.driver.protocol.command - Execution of command with request id 19 completed successfully in 32.77 ms on connection [connectionId{localValue:7, serverValue:167161}] to server ac-chrld8z-shard-00-02.jgjryxb.mongodb.net:27017
18:10:37.196 [Test worker @coroutine#13] DEBUG repositories.rackets.RacketRepositoryImpl - Salvando raqueta: Racket(id=63cacb0d492f3b6b8666f04d, brand=Test, model=Test, maneuverability=25.0, balance=2.5, rigidity=1.8)
18:10:37.200 [AsyncGetter-3-thread-1] DEBUG org.mongodb.driver.protocol.command - Sending command '{"update": "racket", "ordered": true, "txnNumber": 4, "$db": "tennisLab", "$clusterTime": {"clusterTime": {"$timestamp": {"t": 1674234636, "i": 3}}, "signature": {"hash": {"$binary": {"base64": "tVouhjKZnTZa1T8+bCwCr2XgDLA=", "subType": "00"}}, "keyId": 7140997052225290242}}, "lsid": {"id": {"$binary": {"base64": "06jgatE/SoSF02EgLYbZCA==", "subType": "04"}}}, "updates": [{"q": {"_id": {"$oid": "63cacb0d492f3b6b8666f04d"}}, "u": {"_id": {"$oid": "63cacb0d492f3b6b8666f04d"}, "brand": "Test", "model": "Test", "maneuverability": 25.0, "balance": 2.5, "rigidity": 1.7999999523162842}, "upsert": true}]}' with request id 20 to database tennisLab on connection [connectionId{localValue:7, serverValue:167161}] to server ac-chrld8z-shard-00-02.jgjryxb.mongodb.net:27017
18:10:37.232 [async-channel-group-0-handler-executor] DEBUG org.mongodb.driver.protocol.command - Execution of command with request id 20 completed successfully in 32.62 ms on connection [connectionId{localValue:7, serverValue:167161}] to server ac-chrld8z-shard-00-02.jgjryxb.mongodb.net:27017
18:10:37.235 [Test worker @background work runner#14] DEBUG repositories.rackets.RacketRepositoryImpl - Actualizando raqueta: Racket(id=63cacb0d492f3b6b8666f04d, brand=Nuevo test, model=Test, maneuverability=25.0, balance=2.5, rigidity=1.8)
18:10:37.243 [AsyncGetter-3-thread-1] DEBUG org.mongodb.driver.protocol.command - Sending command '{"update": "racket", "ordered": true, "txnNumber": 5, "$db": "tennisLab", "$clusterTime": {"clusterTime": {"$timestamp": {"t": 1674234636, "i": 4}}, "signature": {"hash": {"$binary": {"base64": "tVouhjKZnTZa1T8+bCwCr2XgDLA=", "subType": "00"}}, "keyId": 7140997052225290242}}, "lsid": {"id": {"$binary": {"base64": "06jgatE/SoSF02EgLYbZCA==", "subType": "04"}}}, "updates": [{"q": {"_id": {"$oid": "63cacb0d492f3b6b8666f04d"}}, "u": {"$set": {"_id": {"$oid": "63cacb0d492f3b6b8666f04d"}, "brand": "Nuevo test", "model": "Test", "maneuverability": 25.0, "balance": 2.5, "rigidity": 1.7999999523162842}}}]}' with request id 21 to database tennisLab on connection [connectionId{localValue:7, serverValue:167161}] to server ac-chrld8z-shard-00-02.jgjryxb.mongodb.net:27017
18:10:37.276 [async-channel-group-0-handler-executor] DEBUG org.mongodb.driver.protocol.command - Execution of command with request id 21 completed successfully in 33.42 ms on connection [connectionId{localValue:7, serverValue:167161}] to server ac-chrld8z-shard-00-02.jgjryxb.mongodb.net:27017
18:10:37.280 [Test worker @coroutine#16] DEBUG repositories.rackets.RacketRepositoryImpl - Elminando todas las raquetas
18:10:37.281 [AsyncGetter-3-thread-1] DEBUG org.mongodb.driver.operation - retryWrites set but one or more writeRequests do not support retryable writes
18:10:37.283 [AsyncGetter-3-thread-1] DEBUG org.mongodb.driver.protocol.command - Sending command '{"delete": "racket", "ordered": true, "$db": "tennisLab", "$clusterTime": {"clusterTime": {"$timestamp": {"t": 1674234636, "i": 5}}, "signature": {"hash": {"$binary": {"base64": "tVouhjKZnTZa1T8+bCwCr2XgDLA=", "subType": "00"}}, "keyId": 7140997052225290242}}, "lsid": {"id": {"$binary": {"base64": "06jgatE/SoSF02EgLYbZCA==", "subType": "04"}}}, "deletes": [{"q": {}, "limit": 0}]}' with request id 22 to database tennisLab on connection [connectionId{localValue:7, serverValue:167161}] to server ac-chrld8z-shard-00-02.jgjryxb.mongodb.net:27017
18:10:37.314 [async-channel-group-0-handler-executor] DEBUG org.mongodb.driver.protocol.command - Execution of command with request id 22 completed successfully in 31.67 ms on connection [connectionId{localValue:7, serverValue:167161}] to server ac-chrld8z-shard-00-02.jgjryxb.mongodb.net:27017
18:10:37.317 [Test worker @coroutine#18] DEBUG repositories.rackets.RacketRepositoryImpl - Salvando raqueta: Racket(id=63cacb0d492f3b6b8666f04e, brand=Test, model=Test, maneuverability=25.0, balance=2.5, rigidity=1.8)
18:10:37.320 [AsyncGetter-3-thread-1] DEBUG org.mongodb.driver.protocol.command - Sending command '{"update": "racket", "ordered": true, "txnNumber": 6, "$db": "tennisLab", "$clusterTime": {"clusterTime": {"$timestamp": {"t": 1674234636, "i": 6}}, "signature": {"hash": {"$binary": {"base64": "tVouhjKZnTZa1T8+bCwCr2XgDLA=", "subType": "00"}}, "keyId": 7140997052225290242}}, "lsid": {"id": {"$binary": {"base64": "06jgatE/SoSF02EgLYbZCA==", "subType": "04"}}}, "updates": [{"q": {"_id": {"$oid": "63cacb0d492f3b6b8666f04e"}}, "u": {"_id": {"$oid": "63cacb0d492f3b6b8666f04e"}, "brand": "Test", "model": "Test", "maneuverability": 25.0, "balance": 2.5, "rigidity": 1.7999999523162842}, "upsert": true}]}' with request id 23 to database tennisLab on connection [connectionId{localValue:7, serverValue:167161}] to server ac-chrld8z-shard-00-02.jgjryxb.mongodb.net:27017
18:10:37.352 [async-channel-group-0-handler-executor] DEBUG org.mongodb.driver.protocol.command - Execution of command with request id 23 completed successfully in 33.45 ms on connection [connectionId{localValue:7, serverValue:167161}] to server ac-chrld8z-shard-00-02.jgjryxb.mongodb.net:27017
18:10:37.355 [Test worker @background work runner#19] DEBUG repositories.rackets.RacketRepositoryImpl - Buscando raqueta con id: 63cacb0d492f3b6b8666f04e
18:10:37.358 [AsyncGetter-3-thread-1] DEBUG org.mongodb.driver.protocol.command - Sending command '{"find": "racket", "filter": {"_id": {"$oid": "63cacb0d492f3b6b8666f04e"}}, "limit": 1, "singleBatch": true, "$db": "tennisLab", "$clusterTime": {"clusterTime": {"$timestamp": {"t": 1674234636, "i": 7}}, "signature": {"hash": {"$binary": {"base64": "tVouhjKZnTZa1T8+bCwCr2XgDLA=", "subType": "00"}}, "keyId": 7140997052225290242}}, "lsid": {"id": {"$binary": {"base64": "06jgatE/SoSF02EgLYbZCA==", "subType": "04"}}}}' with request id 24 to database tennisLab on connection [connectionId{localValue:7, serverValue:167161}] to server ac-chrld8z-shard-00-02.jgjryxb.mongodb.net:27017
18:10:37.385 [async-channel-group-0-handler-executor] DEBUG org.mongodb.driver.protocol.command - Execution of command with request id 24 completed successfully in 27.67 ms on connection [connectionId{localValue:7, serverValue:167161}] to server ac-chrld8z-shard-00-02.jgjryxb.mongodb.net:27017
18:10:37.386 [async-channel-group-0-handler-executor] DEBUG org.mongodb.driver.operation - Received batch of 1 documents with cursorId 0 from server ac-chrld8z-shard-00-02.jgjryxb.mongodb.net:27017
18:10:37.393 [Test worker @coroutine#21] DEBUG repositories.rackets.RacketRepositoryImpl - Elminando todas las raquetas
18:10:37.394 [AsyncGetter-3-thread-1] DEBUG org.mongodb.driver.operation - retryWrites set but one or more writeRequests do not support retryable writes
18:10:37.397 [AsyncGetter-3-thread-1] DEBUG org.mongodb.driver.protocol.command - Sending command '{"delete": "racket", "ordered": true, "$db": "tennisLab", "$clusterTime": {"clusterTime": {"$timestamp": {"t": 1674234636, "i": 7}}, "signature": {"hash": {"$binary": {"base64": "tVouhjKZnTZa1T8+bCwCr2XgDLA=", "subType": "00"}}, "keyId": 7140997052225290242}}, "lsid": {"id": {"$binary": {"base64": "06jgatE/SoSF02EgLYbZCA==", "subType": "04"}}}, "deletes": [{"q": {}, "limit": 0}]}' with request id 25 to database tennisLab on connection [connectionId{localValue:7, serverValue:167161}] to server ac-chrld8z-shard-00-02.jgjryxb.mongodb.net:27017
18:10:37.429 [async-channel-group-0-handler-executor] DEBUG org.mongodb.driver.protocol.command - Execution of command with request id 25 completed successfully in 33.19 ms on connection [connectionId{localValue:7, serverValue:167161}] to server ac-chrld8z-shard-00-02.jgjryxb.mongodb.net:27017
18:10:37.431 [Test worker @coroutine#23] DEBUG repositories.rackets.RacketRepositoryImpl - Salvando raqueta: Racket(id=63cacb0d492f3b6b8666f04f, brand=Test, model=Test, maneuverability=25.0, balance=2.5, rigidity=1.8)
18:10:37.434 [AsyncGetter-3-thread-1] DEBUG org.mongodb.driver.protocol.command - Sending command '{"update": "racket", "ordered": true, "txnNumber": 7, "$db": "tennisLab", "$clusterTime": {"clusterTime": {"$timestamp": {"t": 1674234636, "i": 8}}, "signature": {"hash": {"$binary": {"base64": "tVouhjKZnTZa1T8+bCwCr2XgDLA=", "subType": "00"}}, "keyId": 7140997052225290242}}, "lsid": {"id": {"$binary": {"base64": "06jgatE/SoSF02EgLYbZCA==", "subType": "04"}}}, "updates": [{"q": {"_id": {"$oid": "63cacb0d492f3b6b8666f04f"}}, "u": {"_id": {"$oid": "63cacb0d492f3b6b8666f04f"}, "brand": "Test", "model": "Test", "maneuverability": 25.0, "balance": 2.5, "rigidity": 1.7999999523162842}, "upsert": true}]}' with request id 26 to database tennisLab on connection [connectionId{localValue:7, serverValue:167161}] to server ac-chrld8z-shard-00-02.jgjryxb.mongodb.net:27017
18:10:37.468 [async-channel-group-0-handler-executor] DEBUG org.mongodb.driver.protocol.command - Execution of command with request id 26 completed successfully in 34.54 ms on connection [connectionId{localValue:7, serverValue:167161}] to server ac-chrld8z-shard-00-02.jgjryxb.mongodb.net:27017
18:10:37.469 [Test worker @background work runner#24] DEBUG repositories.rackets.RacketRepositoryImpl - Elminando todas las raquetas
18:10:37.470 [AsyncGetter-3-thread-1] DEBUG org.mongodb.driver.operation - retryWrites set but one or more writeRequests do not support retryable writes
18:10:37.472 [AsyncGetter-3-thread-1] DEBUG org.mongodb.driver.protocol.command - Sending command '{"delete": "racket", "ordered": true, "$db": "tennisLab", "$clusterTime": {"clusterTime": {"$timestamp": {"t": 1674234636, "i": 9}}, "signature": {"hash": {"$binary": {"base64": "tVouhjKZnTZa1T8+bCwCr2XgDLA=", "subType": "00"}}, "keyId": 7140997052225290242}}, "lsid": {"id": {"$binary": {"base64": "06jgatE/SoSF02EgLYbZCA==", "subType": "04"}}}, "deletes": [{"q": {}, "limit": 0}]}' with request id 27 to database tennisLab on connection [connectionId{localValue:7, serverValue:167161}] to server ac-chrld8z-shard-00-02.jgjryxb.mongodb.net:27017
18:10:37.503 [async-channel-group-0-handler-executor] DEBUG org.mongodb.driver.protocol.command - Execution of command with request id 27 completed successfully in 31.41 ms on connection [connectionId{localValue:7, serverValue:167161}] to server ac-chrld8z-shard-00-02.jgjryxb.mongodb.net:27017
18:10:37.505 [Test worker @coroutine#26] DEBUG repositories.rackets.RacketRepositoryImpl - Elminando todas las raquetas
18:10:37.506 [AsyncGetter-3-thread-1] DEBUG org.mongodb.driver.operation - retryWrites set but one or more writeRequests do not support retryable writes
18:10:37.507 [AsyncGetter-3-thread-1] DEBUG org.mongodb.driver.protocol.command - Sending command '{"delete": "racket", "ordered": true, "$db": "tennisLab", "$clusterTime": {"clusterTime": {"$timestamp": {"t": 1674234636, "i": 10}}, "signature": {"hash": {"$binary": {"base64": "tVouhjKZnTZa1T8+bCwCr2XgDLA=", "subType": "00"}}, "keyId": 7140997052225290242}}, "lsid": {"id": {"$binary": {"base64": "06jgatE/SoSF02EgLYbZCA==", "subType": "04"}}}, "deletes": [{"q": {}, "limit": 0}]}' with request id 28 to database tennisLab on connection [connectionId{localValue:7, serverValue:167161}] to server ac-chrld8z-shard-00-02.jgjryxb.mongodb.net:27017
18:10:37.534 [async-channel-group-0-handler-executor] DEBUG org.mongodb.driver.protocol.command - Execution of command with request id 28 completed successfully in 27.85 ms on connection [connectionId{localValue:7, serverValue:167161}] to server ac-chrld8z-shard-00-02.jgjryxb.mongodb.net:27017
18:10:37.538 [Test worker @coroutine#28] DEBUG repositories.rackets.RacketRepositoryImpl - Salvando raqueta: Racket(id=63cacb0d492f3b6b8666f050, brand=Test, model=Test, maneuverability=25.0, balance=2.5, rigidity=1.8)
18:10:37.541 [AsyncGetter-3-thread-1] DEBUG org.mongodb.driver.protocol.command - Sending command '{"update": "racket", "ordered": true, "txnNumber": 8, "$db": "tennisLab", "$clusterTime": {"clusterTime": {"$timestamp": {"t": 1674234636, "i": 10}}, "signature": {"hash": {"$binary": {"base64": "tVouhjKZnTZa1T8+bCwCr2XgDLA=", "subType": "00"}}, "keyId": 7140997052225290242}}, "lsid": {"id": {"$binary": {"base64": "06jgatE/SoSF02EgLYbZCA==", "subType": "04"}}}, "updates": [{"q": {"_id": {"$oid": "63cacb0d492f3b6b8666f050"}}, "u": {"_id": {"$oid": "63cacb0d492f3b6b8666f050"}, "brand": "Test", "model": "Test", "maneuverability": 25.0, "balance": 2.5, "rigidity": 1.7999999523162842}, "upsert": true}]}' with request id 29 to database tennisLab on connection [connectionId{localValue:7, serverValue:167161}] to server ac-chrld8z-shard-00-02.jgjryxb.mongodb.net:27017
18:10:37.573 [async-channel-group-0-handler-executor] DEBUG org.mongodb.driver.protocol.command - Execution of command with request id 29 completed successfully in 33.04 ms on connection [connectionId{localValue:7, serverValue:167161}] to server ac-chrld8z-shard-00-02.jgjryxb.mongodb.net:27017
]]></system-out>
  <system-err><![CDATA[]]></system-err>
</testsuite>
