<?xml version="1.0" encoding="UTF-8"?>
<testsuite name="controllers.EmployeeControllerTest" tests="8" skipped="0" failures="0" errors="0" timestamp="2023-01-25T16:07:20" hostname="RO-PC" time="0.275">
  <properties/>
  <testcase name="addEmployeeError()" classname="controllers.EmployeeControllerTest" time="0.108"/>
  <testcase name="deleteEmployee()" classname="controllers.EmployeeControllerTest" time="0.021"/>
  <testcase name="getEmployeeById()" classname="controllers.EmployeeControllerTest" time="0.018"/>
  <testcase name="addEmployee()" classname="controllers.EmployeeControllerTest" time="0.034"/>
  <testcase name="getEmployeeByIdError()" classname="controllers.EmployeeControllerTest" time="0.016"/>
  <testcase name="getCustomerByEmailAndPasswordError()" classname="controllers.EmployeeControllerTest" time="0.024"/>
  <testcase name="getAllEmployees()" classname="controllers.EmployeeControllerTest" time="0.022"/>
  <testcase name="updateEmployee()" classname="controllers.EmployeeControllerTest" time="0.018"/>
  <system-out><![CDATA[]]></system-out>
  <system-err><![CDATA[]]></system-err>
</testsuite>
