<?xml version="1.0" encoding="UTF-8"?>
<testsuite name="repositories.users.EmployeeRepositoryImplTest" tests="7" skipped="0" failures="0" errors="0" timestamp="2023-01-20T15:51:04" hostname="RO-PC" time="3.221">
  <properties/>
  <testcase name="delete()" classname="repositories.users.EmployeeRepositoryImplTest" time="2.351"/>
  <testcase name="findAll()" classname="repositories.users.EmployeeRepositoryImplTest" time="0.277"/>
  <testcase name="update()" classname="repositories.users.EmployeeRepositoryImplTest" time="0.129"/>
  <testcase name="findById()" classname="repositories.users.EmployeeRepositoryImplTest" time="0.118"/>
  <testcase name="deleteAll()" classname="repositories.users.EmployeeRepositoryImplTest" time="0.115"/>
  <testcase name="save()" classname="repositories.users.EmployeeRepositoryImplTest" time="0.081"/>
  <testcase name="findByEmail()" classname="repositories.users.EmployeeRepositoryImplTest" time="0.142"/>
  <system-out><![CDATA[16:51:03.369 [Test worker] DEBUG db.MongoDbManager - Inicializando conexion a MongoDB
Inicializando conexion a MongoDB -> mongodb+srv://moha:1234@tennislabcluster.jgjryxb.mongodb.net/
16:51:04.312 [cluster-ClusterId{value='63cab868c94d8d5ed94f9dca', description='null'}-srv-tennislabcluster.jgjryxb.mongodb.net] INFO org.mongodb.driver.cluster - Adding discovered server ac-chrld8z-shard-00-02.jgjryxb.mongodb.net:27017 to client view of cluster
16:51:04.372 [Test worker] INFO org.mongodb.driver.client - MongoClient with metadata {"driver": {"name": "mongo-java-driver|reactive-streams|kmongo", "version": "4.7.2"}, "os": {"type": "Windows", "name": "Windows 10", "architecture": "amd64", "version": "10.0"}, "platform": "Java/BellSoft/17.0.3+7-LTS|Kotlin/1.7.21"} created with settings MongoClientSettings{readPreference=primary, writeConcern=WriteConcern{w=null, wTimeout=null ms, journal=null}, retryWrites=true, retryReads=true, readConcern=ReadConcern{level=null}, credential=MongoCredential{mechanism=null, userName='moha', source='admin', password=<hidden>, mechanismProperties=<hidden>}, streamFactoryFactory=null, commandListeners=[], codecRegistry=ProvidersCodecRegistry{codecProviders=[ProvidersCodecRegistry{codecProviders=[ValueCodecProvider{}, BsonValueCodecProvider{}, DBRefCodecProvider{}, DBObjectCodecProvider{}, DocumentCodecProvider{}, IterableCodecProvider{}, MapCodecProvider{}, GeoJsonCodecProvider{}, GridFSFileCodecProvider{}, Jsr310CodecProvider{}, JsonObjectCodecProvider{}, BsonCodecProvider{}, EnumCodecProvider{}, com.mongodb.Jep395RecordCodecProvider@771d1ffb]}, org.litote.kmongo.service.CustomCodecProvider@4f67e3df, ProvidersCodecRegistry{codecProviders=[org.litote.kmongo.jackson.JacksonCodecProvider@56681eaf]}]}, clusterSettings={hosts=[127.0.0.1:27017], srvHost=tennislabcluster.jgjryxb.mongodb.net, srvServiceName=mongodb, mode=MULTIPLE, requiredClusterType=REPLICA_SET, requiredReplicaSetName='atlas-se6cg8-shard-0', serverSelector='null', clusterListeners='[]', serverSelectionTimeout='30000 ms', localThreshold='30000 ms'}, socketSettings=SocketSettings{connectTimeoutMS=10000, readTimeoutMS=0, receiveBufferSize=0, sendBufferSize=0}, heartbeatSocketSettings=SocketSettings{connectTimeoutMS=10000, readTimeoutMS=10000, receiveBufferSize=0, sendBufferSize=0}, connectionPoolSettings=ConnectionPoolSettings{maxSize=100, minSize=0, maxWaitTimeMS=120000, maxConnectionLifeTimeMS=0, maxConnectionIdleTimeMS=0, maintenanceInitialDelayMS=0, maintenanceFrequencyMS=60000, connectionPoolListeners=[], maxConnecting=2}, serverSettings=ServerSettings{heartbeatFrequencyMS=10000, minHeartbeatFrequencyMS=500, serverListeners='[]', serverMonitorListeners='[]'}, sslSettings=SslSettings{enabled=true, invalidHostNameAllowed=false, context=null}, applicationName='null', compressorList=[], uuidRepresentation=UNSPECIFIED, serverApi=null, autoEncryptionSettings=null, contextProvider=null}
16:51:04.384 [cluster-ClusterId{value='63cab868c94d8d5ed94f9dca', description='null'}-srv-tennislabcluster.jgjryxb.mongodb.net] INFO org.mongodb.driver.cluster - Adding discovered server ac-chrld8z-shard-00-00.jgjryxb.mongodb.net:27017 to client view of cluster
16:51:04.385 [cluster-ClusterId{value='63cab868c94d8d5ed94f9dca', description='null'}-srv-tennislabcluster.jgjryxb.mongodb.net] INFO org.mongodb.driver.cluster - Adding discovered server ac-chrld8z-shard-00-01.jgjryxb.mongodb.net:27017 to client view of cluster
16:51:04.388 [cluster-ClusterId{value='63cab868c94d8d5ed94f9dca', description='null'}-srv-tennislabcluster.jgjryxb.mongodb.net] DEBUG org.mongodb.driver.cluster - Updating cluster description to  {type=REPLICA_SET, servers=[{address=ac-chrld8z-shard-00-00.jgjryxb.mongodb.net:27017, type=UNKNOWN, state=CONNECTING}, {address=ac-chrld8z-shard-00-01.jgjryxb.mongodb.net:27017, type=UNKNOWN, state=CONNECTING}, {address=ac-chrld8z-shard-00-02.jgjryxb.mongodb.net:27017, type=UNKNOWN, state=CONNECTING}]
16:51:04.612 [Test worker @coroutine#1] DEBUG repositories.users.EmployeeRepositoryImpl - Eliminando todos los empleados.
16:51:04.710 [Thread-4] DEBUG org.mongodb.driver.connection.tls - initialized direct buffer deallocator for java >= 9
16:51:04.723 [Test worker @coroutine#1] DEBUG reactor.util.Loggers$LoggerFactory - Using Slf4j logging framework
16:51:04.917 [Test worker @coroutine#1] INFO org.mongodb.driver.cluster - No server chosen by com.mongodb.reactivestreams.client.internal.ClientSessionHelper$$Lambda$488/0x0000000800f857b8@328d044f from cluster description ClusterDescription{type=REPLICA_SET, connectionMode=MULTIPLE, serverDescriptions=[ServerDescription{address=ac-chrld8z-shard-00-00.jgjryxb.mongodb.net:27017, type=UNKNOWN, state=CONNECTING}, ServerDescription{address=ac-chrld8z-shard-00-01.jgjryxb.mongodb.net:27017, type=UNKNOWN, state=CONNECTING}, ServerDescription{address=ac-chrld8z-shard-00-02.jgjryxb.mongodb.net:27017, type=UNKNOWN, state=CONNECTING}]}. Waiting for 30000 ms before timing out
16:51:05.166 [cluster-ClusterId{value='63cab868c94d8d5ed94f9dca', description='null'}-ac-chrld8z-shard-00-00.jgjryxb.mongodb.net:27017] INFO org.mongodb.driver.connection - Opened connection [connectionId{localValue:6, serverValue:169114}] to ac-chrld8z-shard-00-00.jgjryxb.mongodb.net:27017
16:51:05.166 [cluster-ClusterId{value='63cab868c94d8d5ed94f9dca', description='null'}-ac-chrld8z-shard-00-02.jgjryxb.mongodb.net:27017] INFO org.mongodb.driver.connection - Opened connection [connectionId{localValue:4, serverValue:166097}] to ac-chrld8z-shard-00-02.jgjryxb.mongodb.net:27017
16:51:05.166 [cluster-ClusterId{value='63cab868c94d8d5ed94f9dca', description='null'}-ac-chrld8z-shard-00-01.jgjryxb.mongodb.net:27017] INFO org.mongodb.driver.connection - Opened connection [connectionId{localValue:3, serverValue:165767}] to ac-chrld8z-shard-00-01.jgjryxb.mongodb.net:27017
16:51:05.166 [cluster-rtt-ClusterId{value='63cab868c94d8d5ed94f9dca', description='null'}-ac-chrld8z-shard-00-01.jgjryxb.mongodb.net:27017] INFO org.mongodb.driver.connection - Opened connection [connectionId{localValue:5, serverValue:165767}] to ac-chrld8z-shard-00-01.jgjryxb.mongodb.net:27017
16:51:05.166 [cluster-rtt-ClusterId{value='63cab868c94d8d5ed94f9dca', description='null'}-ac-chrld8z-shard-00-02.jgjryxb.mongodb.net:27017] INFO org.mongodb.driver.connection - Opened connection [connectionId{localValue:1, serverValue:166097}] to ac-chrld8z-shard-00-02.jgjryxb.mongodb.net:27017
16:51:05.166 [cluster-rtt-ClusterId{value='63cab868c94d8d5ed94f9dca', description='null'}-ac-chrld8z-shard-00-00.jgjryxb.mongodb.net:27017] INFO org.mongodb.driver.connection - Opened connection [connectionId{localValue:2, serverValue:169114}] to ac-chrld8z-shard-00-00.jgjryxb.mongodb.net:27017
16:51:05.182 [cluster-ClusterId{value='63cab868c94d8d5ed94f9dca', description='null'}-ac-chrld8z-shard-00-01.jgjryxb.mongodb.net:27017] INFO org.mongodb.driver.cluster - Monitor thread successfully connected to server with description ServerDescription{address=ac-chrld8z-shard-00-01.jgjryxb.mongodb.net:27017, type=REPLICA_SET_SECONDARY, state=CONNECTED, ok=true, minWireVersion=0, maxWireVersion=13, maxDocumentSize=16777216, logicalSessionTimeoutMinutes=30, roundTripTimeNanos=435030700, setName='atlas-se6cg8-shard-0', canonicalAddress=ac-chrld8z-shard-00-01.jgjryxb.mongodb.net:27017, hosts=[ac-chrld8z-shard-00-00.jgjryxb.mongodb.net:27017, ac-chrld8z-shard-00-02.jgjryxb.mongodb.net:27017, ac-chrld8z-shard-00-01.jgjryxb.mongodb.net:27017], passives=[], arbiters=[], primary='ac-chrld8z-shard-00-02.jgjryxb.mongodb.net:27017', tagSet=TagSet{[Tag{name='nodeType', value='ELECTABLE'}, Tag{name='provider', value='AWS'}, Tag{name='region', value='EU_WEST_3'}, Tag{name='workloadType', value='OPERATIONAL'}]}, electionId=null, setVersion=1, topologyVersion=TopologyVersion{processId=63c0164a8862cecbd79b2178, counter=3}, lastWriteDate=Fri Jan 20 16:51:04 CET 2023, lastUpdateTimeNanos=807658376959900}
16:51:05.182 [cluster-ClusterId{value='63cab868c94d8d5ed94f9dca', description='null'}-ac-chrld8z-shard-00-02.jgjryxb.mongodb.net:27017] INFO org.mongodb.driver.cluster - Monitor thread successfully connected to server with description ServerDescription{address=ac-chrld8z-shard-00-02.jgjryxb.mongodb.net:27017, type=REPLICA_SET_PRIMARY, state=CONNECTED, ok=true, minWireVersion=0, maxWireVersion=13, maxDocumentSize=16777216, logicalSessionTimeoutMinutes=30, roundTripTimeNanos=434596700, setName='atlas-se6cg8-shard-0', canonicalAddress=ac-chrld8z-shard-00-02.jgjryxb.mongodb.net:27017, hosts=[ac-chrld8z-shard-00-00.jgjryxb.mongodb.net:27017, ac-chrld8z-shard-00-02.jgjryxb.mongodb.net:27017, ac-chrld8z-shard-00-01.jgjryxb.mongodb.net:27017], passives=[], arbiters=[], primary='ac-chrld8z-shard-00-02.jgjryxb.mongodb.net:27017', tagSet=TagSet{[Tag{name='nodeType', value='ELECTABLE'}, Tag{name='provider', value='AWS'}, Tag{name='region', value='EU_WEST_3'}, Tag{name='workloadType', value='OPERATIONAL'}]}, electionId=7fffffff000000000000001c, setVersion=1, topologyVersion=TopologyVersion{processId=63c0153d7a1841ad2662f40e, counter=6}, lastWriteDate=Fri Jan 20 16:51:04 CET 2023, lastUpdateTimeNanos=807658376959900}
16:51:05.182 [cluster-ClusterId{value='63cab868c94d8d5ed94f9dca', description='null'}-ac-chrld8z-shard-00-00.jgjryxb.mongodb.net:27017] INFO org.mongodb.driver.cluster - Monitor thread successfully connected to server with description ServerDescription{address=ac-chrld8z-shard-00-00.jgjryxb.mongodb.net:27017, type=REPLICA_SET_SECONDARY, state=CONNECTED, ok=true, minWireVersion=0, maxWireVersion=13, maxDocumentSize=16777216, logicalSessionTimeoutMinutes=30, roundTripTimeNanos=434490700, setName='atlas-se6cg8-shard-0', canonicalAddress=ac-chrld8z-shard-00-00.jgjryxb.mongodb.net:27017, hosts=[ac-chrld8z-shard-00-00.jgjryxb.mongodb.net:27017, ac-chrld8z-shard-00-02.jgjryxb.mongodb.net:27017, ac-chrld8z-shard-00-01.jgjryxb.mongodb.net:27017], passives=[], arbiters=[], primary='ac-chrld8z-shard-00-02.jgjryxb.mongodb.net:27017', tagSet=TagSet{[Tag{name='nodeType', value='ELECTABLE'}, Tag{name='provider', value='AWS'}, Tag{name='region', value='EU_WEST_3'}, Tag{name='workloadType', value='OPERATIONAL'}]}, electionId=null, setVersion=1, topologyVersion=TopologyVersion{processId=63c0141e24b55518e53618c0, counter=4}, lastWriteDate=Fri Jan 20 16:51:04 CET 2023, lastUpdateTimeNanos=807658377171400}
16:51:05.187 [cluster-ClusterId{value='63cab868c94d8d5ed94f9dca', description='null'}-ac-chrld8z-shard-00-02.jgjryxb.mongodb.net:27017] DEBUG org.mongodb.driver.connection - Marking the connection pool for ServerId{clusterId=ClusterId{value='63cab868c94d8d5ed94f9dca', description='null'}, address=ac-chrld8z-shard-00-02.jgjryxb.mongodb.net:27017} as 'ready'
16:51:05.188 [MaintenanceTimer-2-thread-1] DEBUG org.mongodb.driver.connection - Pruning pooled connections to ac-chrld8z-shard-00-02.jgjryxb.mongodb.net:27017
16:51:05.190 [cluster-ClusterId{value='63cab868c94d8d5ed94f9dca', description='null'}-ac-chrld8z-shard-00-02.jgjryxb.mongodb.net:27017] INFO org.mongodb.driver.cluster - Setting max election id to 7fffffff000000000000001c from replica set primary ac-chrld8z-shard-00-02.jgjryxb.mongodb.net:27017
16:51:05.191 [cluster-ClusterId{value='63cab868c94d8d5ed94f9dca', description='null'}-ac-chrld8z-shard-00-02.jgjryxb.mongodb.net:27017] INFO org.mongodb.driver.cluster - Setting max set version to 1 from replica set primary ac-chrld8z-shard-00-02.jgjryxb.mongodb.net:27017
16:51:05.191 [cluster-ClusterId{value='63cab868c94d8d5ed94f9dca', description='null'}-ac-chrld8z-shard-00-02.jgjryxb.mongodb.net:27017] INFO org.mongodb.driver.cluster - Discovered replica set primary ac-chrld8z-shard-00-02.jgjryxb.mongodb.net:27017
16:51:05.195 [cluster-ClusterId{value='63cab868c94d8d5ed94f9dca', description='null'}-ac-chrld8z-shard-00-02.jgjryxb.mongodb.net:27017] DEBUG org.mongodb.driver.cluster - Updating cluster description to  {type=REPLICA_SET, servers=[{address=ac-chrld8z-shard-00-00.jgjryxb.mongodb.net:27017, type=UNKNOWN, state=CONNECTING}, {address=ac-chrld8z-shard-00-01.jgjryxb.mongodb.net:27017, type=UNKNOWN, state=CONNECTING}, {address=ac-chrld8z-shard-00-02.jgjryxb.mongodb.net:27017, type=REPLICA_SET_PRIMARY, TagSet{[Tag{name='nodeType', value='ELECTABLE'}, Tag{name='provider', value='AWS'}, Tag{name='region', value='EU_WEST_3'}, Tag{name='workloadType', value='OPERATIONAL'}]}, roundTripTime=434.6 ms, state=CONNECTED}]
16:51:05.195 [cluster-ClusterId{value='63cab868c94d8d5ed94f9dca', description='null'}-ac-chrld8z-shard-00-02.jgjryxb.mongodb.net:27017] DEBUG org.mongodb.driver.cluster - Checking status of ac-chrld8z-shard-00-02.jgjryxb.mongodb.net:27017
16:51:05.196 [cluster-ClusterId{value='63cab868c94d8d5ed94f9dca', description='null'}-ac-chrld8z-shard-00-01.jgjryxb.mongodb.net:27017] DEBUG org.mongodb.driver.connection - Marking the connection pool for ServerId{clusterId=ClusterId{value='63cab868c94d8d5ed94f9dca', description='null'}, address=ac-chrld8z-shard-00-01.jgjryxb.mongodb.net:27017} as 'ready'
16:51:05.196 [cluster-ClusterId{value='63cab868c94d8d5ed94f9dca', description='null'}-ac-chrld8z-shard-00-01.jgjryxb.mongodb.net:27017] DEBUG org.mongodb.driver.cluster - Updating cluster description to  {type=REPLICA_SET, servers=[{address=ac-chrld8z-shard-00-00.jgjryxb.mongodb.net:27017, type=UNKNOWN, state=CONNECTING}, {address=ac-chrld8z-shard-00-01.jgjryxb.mongodb.net:27017, type=REPLICA_SET_SECONDARY, TagSet{[Tag{name='nodeType', value='ELECTABLE'}, Tag{name='provider', value='AWS'}, Tag{name='region', value='EU_WEST_3'}, Tag{name='workloadType', value='OPERATIONAL'}]}, roundTripTime=435.0 ms, state=CONNECTED}, {address=ac-chrld8z-shard-00-02.jgjryxb.mongodb.net:27017, type=REPLICA_SET_PRIMARY, TagSet{[Tag{name='nodeType', value='ELECTABLE'}, Tag{name='provider', value='AWS'}, Tag{name='region', value='EU_WEST_3'}, Tag{name='workloadType', value='OPERATIONAL'}]}, roundTripTime=434.6 ms, state=CONNECTED}]
16:51:05.196 [cluster-ClusterId{value='63cab868c94d8d5ed94f9dca', description='null'}-ac-chrld8z-shard-00-01.jgjryxb.mongodb.net:27017] DEBUG org.mongodb.driver.cluster - Checking status of ac-chrld8z-shard-00-01.jgjryxb.mongodb.net:27017
16:51:05.197 [cluster-ClusterId{value='63cab868c94d8d5ed94f9dca', description='null'}-ac-chrld8z-shard-00-00.jgjryxb.mongodb.net:27017] DEBUG org.mongodb.driver.connection - Marking the connection pool for ServerId{clusterId=ClusterId{value='63cab868c94d8d5ed94f9dca', description='null'}, address=ac-chrld8z-shard-00-00.jgjryxb.mongodb.net:27017} as 'ready'
16:51:05.198 [cluster-ClusterId{value='63cab868c94d8d5ed94f9dca', description='null'}-ac-chrld8z-shard-00-00.jgjryxb.mongodb.net:27017] DEBUG org.mongodb.driver.cluster - Updating cluster description to  {type=REPLICA_SET, servers=[{address=ac-chrld8z-shard-00-00.jgjryxb.mongodb.net:27017, type=REPLICA_SET_SECONDARY, TagSet{[Tag{name='nodeType', value='ELECTABLE'}, Tag{name='provider', value='AWS'}, Tag{name='region', value='EU_WEST_3'}, Tag{name='workloadType', value='OPERATIONAL'}]}, roundTripTime=434.5 ms, state=CONNECTED}, {address=ac-chrld8z-shard-00-01.jgjryxb.mongodb.net:27017, type=REPLICA_SET_SECONDARY, TagSet{[Tag{name='nodeType', value='ELECTABLE'}, Tag{name='provider', value='AWS'}, Tag{name='region', value='EU_WEST_3'}, Tag{name='workloadType', value='OPERATIONAL'}]}, roundTripTime=435.0 ms, state=CONNECTED}, {address=ac-chrld8z-shard-00-02.jgjryxb.mongodb.net:27017, type=REPLICA_SET_PRIMARY, TagSet{[Tag{name='nodeType', value='ELECTABLE'}, Tag{name='provider', value='AWS'}, Tag{name='region', value='EU_WEST_3'}, Tag{name='workloadType', value='OPERATIONAL'}]}, roundTripTime=434.6 ms, state=CONNECTED}]
16:51:05.199 [cluster-ClusterId{value='63cab868c94d8d5ed94f9dca', description='null'}-ac-chrld8z-shard-00-00.jgjryxb.mongodb.net:27017] DEBUG org.mongodb.driver.cluster - Checking status of ac-chrld8z-shard-00-00.jgjryxb.mongodb.net:27017
16:51:05.201 [MaintenanceTimer-4-thread-1] DEBUG org.mongodb.driver.connection - Pruning pooled connections to ac-chrld8z-shard-00-00.jgjryxb.mongodb.net:27017
16:51:05.205 [MaintenanceTimer-6-thread-1] DEBUG org.mongodb.driver.connection - Pruning pooled connections to ac-chrld8z-shard-00-01.jgjryxb.mongodb.net:27017
16:51:05.513 [async-channel-group-0-handler-executor] INFO org.mongodb.driver.connection - Opened connection [connectionId{localValue:7, serverValue:166099}] to ac-chrld8z-shard-00-02.jgjryxb.mongodb.net:27017
16:51:05.523 [async-channel-group-0-handler-executor] DEBUG org.mongodb.driver.operation - retryWrites set but one or more writeRequests do not support retryable writes
16:51:05.566 [async-channel-group-0-handler-executor] DEBUG org.mongodb.driver.protocol.command - Sending command '{"delete": "employee", "ordered": true, "$db": "tennisLab", "lsid": {"id": {"$binary": {"base64": "jfoFr5rBQRSsVdMlTxrNyg==", "subType": "04"}}}, "deletes": [{"q": {}, "limit": 0}]}' with request id 13 to database tennisLab on connection [connectionId{localValue:7, serverValue:166099}] to server ac-chrld8z-shard-00-02.jgjryxb.mongodb.net:27017
16:51:05.597 [async-channel-group-0-handler-executor] DEBUG org.mongodb.driver.protocol.command - Execution of command with request id 13 completed successfully in 43.11 ms on connection [connectionId{localValue:7, serverValue:166099}] to server ac-chrld8z-shard-00-02.jgjryxb.mongodb.net:27017
16:51:05.641 [Test worker @coroutine#3] DEBUG repositories.users.EmployeeRepositoryImpl - Salvando empleado: Employee(id=63cab868c94d8d5ed94f9dcb, name=Empleado, surname=Test, email=test, password=1234, available=true, isAdmin=true, entryTime=2023-01-20T16:51:04.387517900, departureTime=2023-01-20T16:51:04.387517900, orderList=[])
16:51:06.671 [AsyncGetter-3-thread-1] DEBUG org.mongodb.driver.protocol.command - Sending command '{"update": "employee", "ordered": true, "txnNumber": 1, "$db": "tennisLab", "$clusterTime": {"clusterTime": {"$timestamp": {"t": 1674229864, "i": 2}}, "signature": {"hash": {"$binary": {"base64": "jJhy2pwWdK+Z84TDy24EG9wG3Kk=", "subType": "00"}}, "keyId": 7140997052225290242}}, "lsid": {"id": {"$binary": {"base64": "jfoFr5rBQRSsVdMlTxrNyg==", "subType": "04"}}}, "updates": [{"q": {"_id": {"$oid": "63cab868c94d8d5ed94f9dcb"}}, "u": {"_id": {"$oid": "63cab868c94d8d5ed94f9dcb"}, "name": "Empleado", "surname": "Test", "email": "test", "password": "1234", "available": true, "isAdmin": true, "entryTime": {"$date": "2023-01-20T16:51:04.387Z"}, "departureTime": {"$date": "2023-01-20T16:51:04.387Z"}, "orderList": []}, "upsert": true}]}' with request id 14 to database tennisLab on connection [connectionId{localValue:7, serverValue:166099}] to server ac-chrld8z-shard-00-02.jgjryxb.mongodb.net:27017
16:51:06.704 [async-channel-group-0-handler-executor] DEBUG org.mongodb.driver.protocol.command - Execution of command with request id 14 completed successfully in 39.65 ms on connection [connectionId{localValue:7, serverValue:166099}] to server ac-chrld8z-shard-00-02.jgjryxb.mongodb.net:27017
16:51:06.712 [Test worker @background work runner#4] DEBUG repositories.users.EmployeeRepositoryImpl - Eliminando empleado: Employee(id=63cab868c94d8d5ed94f9dcb, name=Empleado, surname=Test, email=test, password=1234, available=true, isAdmin=true, entryTime=2023-01-20T16:51:04.387517900, departureTime=2023-01-20T16:51:04.387517900, orderList=[])
16:51:06.723 [AsyncGetter-3-thread-1] DEBUG org.mongodb.driver.protocol.command - Sending command '{"update": "employee", "ordered": true, "txnNumber": 2, "$db": "tennisLab", "$clusterTime": {"clusterTime": {"$timestamp": {"t": 1674229865, "i": 2}}, "signature": {"hash": {"$binary": {"base64": "h+DTlFjLVh4XfCHzDXt/8KOWC8A=", "subType": "00"}}, "keyId": 7140997052225290242}}, "lsid": {"id": {"$binary": {"base64": "jfoFr5rBQRSsVdMlTxrNyg==", "subType": "04"}}}, "updates": [{"q": {"_id": {"$oid": "63cab868c94d8d5ed94f9dcb"}}, "u": {"$set": {"available": false}}}]}' with request id 15 to database tennisLab on connection [connectionId{localValue:7, serverValue:166099}] to server ac-chrld8z-shard-00-02.jgjryxb.mongodb.net:27017
16:51:06.756 [async-channel-group-0-handler-executor] DEBUG org.mongodb.driver.protocol.command - Execution of command with request id 15 completed successfully in 35.00 ms on connection [connectionId{localValue:7, serverValue:166099}] to server ac-chrld8z-shard-00-02.jgjryxb.mongodb.net:27017
16:51:06.783 [Test worker @coroutine#6] DEBUG repositories.users.EmployeeRepositoryImpl - Eliminando todos los empleados.
16:51:06.784 [AsyncGetter-3-thread-1] DEBUG org.mongodb.driver.operation - retryWrites set but one or more writeRequests do not support retryable writes
16:51:06.787 [AsyncGetter-3-thread-1] DEBUG org.mongodb.driver.protocol.command - Sending command '{"delete": "employee", "ordered": true, "$db": "tennisLab", "$clusterTime": {"clusterTime": {"$timestamp": {"t": 1674229865, "i": 3}}, "signature": {"hash": {"$binary": {"base64": "h+DTlFjLVh4XfCHzDXt/8KOWC8A=", "subType": "00"}}, "keyId": 7140997052225290242}}, "lsid": {"id": {"$binary": {"base64": "jfoFr5rBQRSsVdMlTxrNyg==", "subType": "04"}}}, "deletes": [{"q": {}, "limit": 0}]}' with request id 16 to database tennisLab on connection [connectionId{localValue:7, serverValue:166099}] to server ac-chrld8z-shard-00-02.jgjryxb.mongodb.net:27017
16:51:06.820 [async-channel-group-0-handler-executor] DEBUG org.mongodb.driver.protocol.command - Execution of command with request id 16 completed successfully in 33.84 ms on connection [connectionId{localValue:7, serverValue:166099}] to server ac-chrld8z-shard-00-02.jgjryxb.mongodb.net:27017
16:51:06.825 [Test worker @coroutine#8] DEBUG repositories.users.EmployeeRepositoryImpl - Salvando empleado: Employee(id=63cab86ac94d8d5ed94f9dcc, name=Empleado, surname=Test, email=test, password=1234, available=true, isAdmin=true, entryTime=2023-01-20T16:51:06.781555600, departureTime=2023-01-20T16:51:06.781555600, orderList=[])
16:51:06.830 [AsyncGetter-3-thread-1] DEBUG org.mongodb.driver.protocol.command - Sending command '{"update": "employee", "ordered": true, "txnNumber": 3, "$db": "tennisLab", "$clusterTime": {"clusterTime": {"$timestamp": {"t": 1674229866, "i": 1}}, "signature": {"hash": {"$binary": {"base64": "ECSYdiDiKNJCCJvxL8/7Yne/K+0=", "subType": "00"}}, "keyId": 7140997052225290242}}, "lsid": {"id": {"$binary": {"base64": "jfoFr5rBQRSsVdMlTxrNyg==", "subType": "04"}}}, "updates": [{"q": {"_id": {"$oid": "63cab86ac94d8d5ed94f9dcc"}}, "u": {"_id": {"$oid": "63cab86ac94d8d5ed94f9dcc"}, "name": "Empleado", "surname": "Test", "email": "test", "password": "1234", "available": true, "isAdmin": true, "entryTime": {"$date": "2023-01-20T16:51:06.781Z"}, "departureTime": {"$date": "2023-01-20T16:51:06.781Z"}, "orderList": []}, "upsert": true}]}' with request id 17 to database tennisLab on connection [connectionId{localValue:7, serverValue:166099}] to server ac-chrld8z-shard-00-02.jgjryxb.mongodb.net:27017
16:51:06.864 [async-channel-group-0-handler-executor] DEBUG org.mongodb.driver.protocol.command - Execution of command with request id 17 completed successfully in 37.01 ms on connection [connectionId{localValue:7, serverValue:166099}] to server ac-chrld8z-shard-00-02.jgjryxb.mongodb.net:27017
16:51:06.867 [Test worker @background work runner#9] DEBUG repositories.users.EmployeeRepositoryImpl - Buscando todos los empleados.
16:51:06.927 [AsyncGetter-3-thread-1] DEBUG org.mongodb.driver.protocol.command - Sending command '{"find": "employee", "filter": {}, "batchSize": 64, "$db": "tennisLab", "$clusterTime": {"clusterTime": {"$timestamp": {"t": 1674229866, "i": 2}}, "signature": {"hash": {"$binary": {"base64": "ECSYdiDiKNJCCJvxL8/7Yne/K+0=", "subType": "00"}}, "keyId": 7140997052225290242}}, "lsid": {"id": {"$binary": {"base64": "jfoFr5rBQRSsVdMlTxrNyg==", "subType": "04"}}}}' with request id 18 to database tennisLab on connection [connectionId{localValue:7, serverValue:166099}] to server ac-chrld8z-shard-00-02.jgjryxb.mongodb.net:27017
16:51:06.955 [async-channel-group-0-handler-executor] DEBUG org.mongodb.driver.protocol.command - Execution of command with request id 18 completed successfully in 30.17 ms on connection [connectionId{localValue:7, serverValue:166099}] to server ac-chrld8z-shard-00-02.jgjryxb.mongodb.net:27017
16:51:07.040 [async-channel-group-0-handler-executor] DEBUG org.mongodb.driver.operation - Received batch of 1 documents with cursorId 0 from server ac-chrld8z-shard-00-02.jgjryxb.mongodb.net:27017
16:51:07.062 [Test worker @coroutine#11] DEBUG repositories.users.EmployeeRepositoryImpl - Eliminando todos los empleados.
16:51:07.063 [AsyncGetter-3-thread-1] DEBUG org.mongodb.driver.operation - retryWrites set but one or more writeRequests do not support retryable writes
16:51:07.065 [AsyncGetter-3-thread-1] DEBUG org.mongodb.driver.protocol.command - Sending command '{"delete": "employee", "ordered": true, "$db": "tennisLab", "$clusterTime": {"clusterTime": {"$timestamp": {"t": 1674229866, "i": 2}}, "signature": {"hash": {"$binary": {"base64": "ECSYdiDiKNJCCJvxL8/7Yne/K+0=", "subType": "00"}}, "keyId": 7140997052225290242}}, "lsid": {"id": {"$binary": {"base64": "jfoFr5rBQRSsVdMlTxrNyg==", "subType": "04"}}}, "deletes": [{"q": {}, "limit": 0}]}' with request id 19 to database tennisLab on connection [connectionId{localValue:7, serverValue:166099}] to server ac-chrld8z-shard-00-02.jgjryxb.mongodb.net:27017
16:51:07.099 [async-channel-group-0-handler-executor] DEBUG org.mongodb.driver.protocol.command - Execution of command with request id 19 completed successfully in 34.88 ms on connection [connectionId{localValue:7, serverValue:166099}] to server ac-chrld8z-shard-00-02.jgjryxb.mongodb.net:27017
16:51:07.103 [Test worker @coroutine#13] DEBUG repositories.users.EmployeeRepositoryImpl - Salvando empleado: Employee(id=63cab86bc94d8d5ed94f9dcd, name=Empleado, surname=Test, email=test, password=1234, available=true, isAdmin=true, entryTime=2023-01-20T16:51:07.060552200, departureTime=2023-01-20T16:51:07.060552200, orderList=[])
16:51:07.108 [AsyncGetter-3-thread-1] DEBUG org.mongodb.driver.protocol.command - Sending command '{"update": "employee", "ordered": true, "txnNumber": 4, "$db": "tennisLab", "$clusterTime": {"clusterTime": {"$timestamp": {"t": 1674229866, "i": 4}}, "signature": {"hash": {"$binary": {"base64": "ECSYdiDiKNJCCJvxL8/7Yne/K+0=", "subType": "00"}}, "keyId": 7140997052225290242}}, "lsid": {"id": {"$binary": {"base64": "jfoFr5rBQRSsVdMlTxrNyg==", "subType": "04"}}}, "updates": [{"q": {"_id": {"$oid": "63cab86bc94d8d5ed94f9dcd"}}, "u": {"_id": {"$oid": "63cab86bc94d8d5ed94f9dcd"}, "name": "Empleado", "surname": "Test", "email": "test", "password": "1234", "available": true, "isAdmin": true, "entryTime": {"$date": "2023-01-20T16:51:07.06Z"}, "departureTime": {"$date": "2023-01-20T16:51:07.06Z"}, "orderList": []}, "upsert": true}]}' with request id 20 to database tennisLab on connection [connectionId{localValue:7, serverValue:166099}] to server ac-chrld8z-shard-00-02.jgjryxb.mongodb.net:27017
16:51:07.141 [async-channel-group-0-handler-executor] DEBUG org.mongodb.driver.protocol.command - Execution of command with request id 20 completed successfully in 34.04 ms on connection [connectionId{localValue:7, serverValue:166099}] to server ac-chrld8z-shard-00-02.jgjryxb.mongodb.net:27017
16:51:07.145 [Test worker @background work runner#14] DEBUG repositories.users.EmployeeRepositoryImpl - Actualizando empleado: Employee(id=63cab86bc94d8d5ed94f9dcd, name=Empleado, surname=Test, email=emailnuevo@gmail, password=1234, available=true, isAdmin=true, entryTime=2023-01-20T16:51:07.060552200, departureTime=2023-01-20T16:51:07.060552200, orderList=[])
16:51:07.154 [AsyncGetter-3-thread-1] DEBUG org.mongodb.driver.protocol.command - Sending command '{"update": "employee", "ordered": true, "txnNumber": 5, "$db": "tennisLab", "$clusterTime": {"clusterTime": {"$timestamp": {"t": 1674229866, "i": 5}}, "signature": {"hash": {"$binary": {"base64": "ECSYdiDiKNJCCJvxL8/7Yne/K+0=", "subType": "00"}}, "keyId": 7140997052225290242}}, "lsid": {"id": {"$binary": {"base64": "jfoFr5rBQRSsVdMlTxrNyg==", "subType": "04"}}}, "updates": [{"q": {"_id": {"$oid": "63cab86bc94d8d5ed94f9dcd"}}, "u": {"$set": {"_id": {"$oid": "63cab86bc94d8d5ed94f9dcd"}, "name": "Empleado", "surname": "Test", "email": "emailnuevo@gmail", "password": "1234", "available": true, "isAdmin": true, "entryTime": {"$date": "2023-01-20T16:51:07.06Z"}, "departureTime": {"$date": "2023-01-20T16:51:07.06Z"}, "orderList": []}}}]}' with request id 21 to database tennisLab on connection [connectionId{localValue:7, serverValue:166099}] to server ac-chrld8z-shard-00-02.jgjryxb.mongodb.net:27017
16:51:07.187 [async-channel-group-0-handler-executor] DEBUG org.mongodb.driver.protocol.command - Execution of command with request id 21 completed successfully in 34.77 ms on connection [connectionId{localValue:7, serverValue:166099}] to server ac-chrld8z-shard-00-02.jgjryxb.mongodb.net:27017
16:51:07.192 [Test worker @coroutine#16] DEBUG repositories.users.EmployeeRepositoryImpl - Eliminando todos los empleados.
16:51:07.193 [AsyncGetter-3-thread-1] DEBUG org.mongodb.driver.operation - retryWrites set but one or more writeRequests do not support retryable writes
16:51:07.195 [AsyncGetter-3-thread-1] DEBUG org.mongodb.driver.protocol.command - Sending command '{"delete": "employee", "ordered": true, "$db": "tennisLab", "$clusterTime": {"clusterTime": {"$timestamp": {"t": 1674229866, "i": 6}}, "signature": {"hash": {"$binary": {"base64": "ECSYdiDiKNJCCJvxL8/7Yne/K+0=", "subType": "00"}}, "keyId": 7140997052225290242}}, "lsid": {"id": {"$binary": {"base64": "jfoFr5rBQRSsVdMlTxrNyg==", "subType": "04"}}}, "deletes": [{"q": {}, "limit": 0}]}' with request id 22 to database tennisLab on connection [connectionId{localValue:7, serverValue:166099}] to server ac-chrld8z-shard-00-02.jgjryxb.mongodb.net:27017
16:51:07.226 [async-channel-group-0-handler-executor] DEBUG org.mongodb.driver.protocol.command - Execution of command with request id 22 completed successfully in 32.51 ms on connection [connectionId{localValue:7, serverValue:166099}] to server ac-chrld8z-shard-00-02.jgjryxb.mongodb.net:27017
16:51:07.230 [Test worker @coroutine#18] DEBUG repositories.users.EmployeeRepositoryImpl - Salvando empleado: Employee(id=63cab86bc94d8d5ed94f9dce, name=Empleado, surname=Test, email=test, password=1234, available=true, isAdmin=true, entryTime=2023-01-20T16:51:07.191550500, departureTime=2023-01-20T16:51:07.191550500, orderList=[])
16:51:07.234 [AsyncGetter-3-thread-1] DEBUG org.mongodb.driver.protocol.command - Sending command '{"update": "employee", "ordered": true, "txnNumber": 6, "$db": "tennisLab", "$clusterTime": {"clusterTime": {"$timestamp": {"t": 1674229866, "i": 7}}, "signature": {"hash": {"$binary": {"base64": "ECSYdiDiKNJCCJvxL8/7Yne/K+0=", "subType": "00"}}, "keyId": 7140997052225290242}}, "lsid": {"id": {"$binary": {"base64": "jfoFr5rBQRSsVdMlTxrNyg==", "subType": "04"}}}, "updates": [{"q": {"_id": {"$oid": "63cab86bc94d8d5ed94f9dce"}}, "u": {"_id": {"$oid": "63cab86bc94d8d5ed94f9dce"}, "name": "Empleado", "surname": "Test", "email": "test", "password": "1234", "available": true, "isAdmin": true, "entryTime": {"$date": "2023-01-20T16:51:07.191Z"}, "departureTime": {"$date": "2023-01-20T16:51:07.191Z"}, "orderList": []}, "upsert": true}]}' with request id 23 to database tennisLab on connection [connectionId{localValue:7, serverValue:166099}] to server ac-chrld8z-shard-00-02.jgjryxb.mongodb.net:27017
16:51:07.269 [async-channel-group-0-handler-executor] DEBUG org.mongodb.driver.protocol.command - Execution of command with request id 23 completed successfully in 35.92 ms on connection [connectionId{localValue:7, serverValue:166099}] to server ac-chrld8z-shard-00-02.jgjryxb.mongodb.net:27017
16:51:07.271 [Test worker @background work runner#19] DEBUG repositories.users.EmployeeRepositoryImpl - Buscando empleado por id: 63cab86bc94d8d5ed94f9dce
16:51:07.274 [AsyncGetter-3-thread-1] DEBUG org.mongodb.driver.protocol.command - Sending command '{"find": "employee", "filter": {"_id": {"$oid": "63cab86bc94d8d5ed94f9dce"}}, "limit": 1, "singleBatch": true, "$db": "tennisLab", "$clusterTime": {"clusterTime": {"$timestamp": {"t": 1674229866, "i": 8}}, "signature": {"hash": {"$binary": {"base64": "ECSYdiDiKNJCCJvxL8/7Yne/K+0=", "subType": "00"}}, "keyId": 7140997052225290242}}, "lsid": {"id": {"$binary": {"base64": "jfoFr5rBQRSsVdMlTxrNyg==", "subType": "04"}}}}' with request id 24 to database tennisLab on connection [connectionId{localValue:7, serverValue:166099}] to server ac-chrld8z-shard-00-02.jgjryxb.mongodb.net:27017
16:51:07.302 [async-channel-group-0-handler-executor] DEBUG org.mongodb.driver.protocol.command - Execution of command with request id 24 completed successfully in 28.50 ms on connection [connectionId{localValue:7, serverValue:166099}] to server ac-chrld8z-shard-00-02.jgjryxb.mongodb.net:27017
16:51:07.304 [async-channel-group-0-handler-executor] DEBUG org.mongodb.driver.operation - Received batch of 1 documents with cursorId 0 from server ac-chrld8z-shard-00-02.jgjryxb.mongodb.net:27017
16:51:07.311 [Test worker @coroutine#21] DEBUG repositories.users.EmployeeRepositoryImpl - Eliminando todos los empleados.
16:51:07.313 [AsyncGetter-3-thread-1] DEBUG org.mongodb.driver.operation - retryWrites set but one or more writeRequests do not support retryable writes
16:51:07.316 [AsyncGetter-3-thread-1] DEBUG org.mongodb.driver.protocol.command - Sending command '{"delete": "employee", "ordered": true, "$db": "tennisLab", "$clusterTime": {"clusterTime": {"$timestamp": {"t": 1674229866, "i": 8}}, "signature": {"hash": {"$binary": {"base64": "ECSYdiDiKNJCCJvxL8/7Yne/K+0=", "subType": "00"}}, "keyId": 7140997052225290242}}, "lsid": {"id": {"$binary": {"base64": "jfoFr5rBQRSsVdMlTxrNyg==", "subType": "04"}}}, "deletes": [{"q": {}, "limit": 0}]}' with request id 25 to database tennisLab on connection [connectionId{localValue:7, serverValue:166099}] to server ac-chrld8z-shard-00-02.jgjryxb.mongodb.net:27017
16:51:07.348 [async-channel-group-0-handler-executor] DEBUG org.mongodb.driver.protocol.command - Execution of command with request id 25 completed successfully in 33.75 ms on connection [connectionId{localValue:7, serverValue:166099}] to server ac-chrld8z-shard-00-02.jgjryxb.mongodb.net:27017
16:51:07.352 [Test worker @coroutine#23] DEBUG repositories.users.EmployeeRepositoryImpl - Salvando empleado: Employee(id=63cab86bc94d8d5ed94f9dcf, name=Empleado, surname=Test, email=test, password=1234, available=true, isAdmin=true, entryTime=2023-01-20T16:51:07.310551500, departureTime=2023-01-20T16:51:07.310551500, orderList=[])
16:51:07.355 [AsyncGetter-3-thread-1] DEBUG org.mongodb.driver.protocol.command - Sending command '{"update": "employee", "ordered": true, "txnNumber": 7, "$db": "tennisLab", "$clusterTime": {"clusterTime": {"$timestamp": {"t": 1674229866, "i": 9}}, "signature": {"hash": {"$binary": {"base64": "ECSYdiDiKNJCCJvxL8/7Yne/K+0=", "subType": "00"}}, "keyId": 7140997052225290242}}, "lsid": {"id": {"$binary": {"base64": "jfoFr5rBQRSsVdMlTxrNyg==", "subType": "04"}}}, "updates": [{"q": {"_id": {"$oid": "63cab86bc94d8d5ed94f9dcf"}}, "u": {"_id": {"$oid": "63cab86bc94d8d5ed94f9dcf"}, "name": "Empleado", "surname": "Test", "email": "test", "password": "1234", "available": true, "isAdmin": true, "entryTime": {"$date": "2023-01-20T16:51:07.31Z"}, "departureTime": {"$date": "2023-01-20T16:51:07.31Z"}, "orderList": []}, "upsert": true}]}' with request id 26 to database tennisLab on connection [connectionId{localValue:7, serverValue:166099}] to server ac-chrld8z-shard-00-02.jgjryxb.mongodb.net:27017
16:51:07.388 [async-channel-group-0-handler-executor] DEBUG org.mongodb.driver.protocol.command - Execution of command with request id 26 completed successfully in 33.88 ms on connection [connectionId{localValue:7, serverValue:166099}] to server ac-chrld8z-shard-00-02.jgjryxb.mongodb.net:27017
16:51:07.390 [Test worker @background work runner#24] DEBUG repositories.users.EmployeeRepositoryImpl - Eliminando todos los empleados.
16:51:07.390 [AsyncGetter-3-thread-1] DEBUG org.mongodb.driver.operation - retryWrites set but one or more writeRequests do not support retryable writes
16:51:07.392 [AsyncGetter-3-thread-1] DEBUG org.mongodb.driver.protocol.command - Sending command '{"delete": "employee", "ordered": true, "$db": "tennisLab", "$clusterTime": {"clusterTime": {"$timestamp": {"t": 1674229866, "i": 10}}, "signature": {"hash": {"$binary": {"base64": "ECSYdiDiKNJCCJvxL8/7Yne/K+0=", "subType": "00"}}, "keyId": 7140997052225290242}}, "lsid": {"id": {"$binary": {"base64": "jfoFr5rBQRSsVdMlTxrNyg==", "subType": "04"}}}, "deletes": [{"q": {}, "limit": 0}]}' with request id 27 to database tennisLab on connection [connectionId{localValue:7, serverValue:166099}] to server ac-chrld8z-shard-00-02.jgjryxb.mongodb.net:27017
16:51:07.424 [async-channel-group-0-handler-executor] DEBUG org.mongodb.driver.protocol.command - Execution of command with request id 27 completed successfully in 32.48 ms on connection [connectionId{localValue:7, serverValue:166099}] to server ac-chrld8z-shard-00-02.jgjryxb.mongodb.net:27017
16:51:07.427 [Test worker @coroutine#26] DEBUG repositories.users.EmployeeRepositoryImpl - Eliminando todos los empleados.
16:51:07.428 [AsyncGetter-3-thread-1] DEBUG org.mongodb.driver.operation - retryWrites set but one or more writeRequests do not support retryable writes
16:51:07.431 [AsyncGetter-3-thread-1] DEBUG org.mongodb.driver.protocol.command - Sending command '{"delete": "employee", "ordered": true, "$db": "tennisLab", "$clusterTime": {"clusterTime": {"$timestamp": {"t": 1674229866, "i": 11}}, "signature": {"hash": {"$binary": {"base64": "ECSYdiDiKNJCCJvxL8/7Yne/K+0=", "subType": "00"}}, "keyId": 7140997052225290242}}, "lsid": {"id": {"$binary": {"base64": "jfoFr5rBQRSsVdMlTxrNyg==", "subType": "04"}}}, "deletes": [{"q": {}, "limit": 0}]}' with request id 28 to database tennisLab on connection [connectionId{localValue:7, serverValue:166099}] to server ac-chrld8z-shard-00-02.jgjryxb.mongodb.net:27017
16:51:07.460 [async-channel-group-0-handler-executor] DEBUG org.mongodb.driver.protocol.command - Execution of command with request id 28 completed successfully in 30.34 ms on connection [connectionId{localValue:7, serverValue:166099}] to server ac-chrld8z-shard-00-02.jgjryxb.mongodb.net:27017
16:51:07.465 [Test worker @coroutine#28] DEBUG repositories.users.EmployeeRepositoryImpl - Salvando empleado: Employee(id=63cab86bc94d8d5ed94f9dd0, name=Empleado, surname=Test, email=test, password=1234, available=true, isAdmin=true, entryTime=2023-01-20T16:51:07.426555500, departureTime=2023-01-20T16:51:07.426555500, orderList=[])
16:51:07.470 [AsyncGetter-3-thread-1] DEBUG org.mongodb.driver.protocol.command - Sending command '{"update": "employee", "ordered": true, "txnNumber": 8, "$db": "tennisLab", "$clusterTime": {"clusterTime": {"$timestamp": {"t": 1674229866, "i": 11}}, "signature": {"hash": {"$binary": {"base64": "ECSYdiDiKNJCCJvxL8/7Yne/K+0=", "subType": "00"}}, "keyId": 7140997052225290242}}, "lsid": {"id": {"$binary": {"base64": "jfoFr5rBQRSsVdMlTxrNyg==", "subType": "04"}}}, "updates": [{"q": {"_id": {"$oid": "63cab86bc94d8d5ed94f9dd0"}}, "u": {"_id": {"$oid": "63cab86bc94d8d5ed94f9dd0"}, "name": "Empleado", "surname": "Test", "email": "test", "password": "1234", "available": true, "isAdmin": true, "entryTime": {"$date": "2023-01-20T16:51:07.426Z"}, "departureTime": {"$date": "2023-01-20T16:51:07.426Z"}, "orderList": []}, "upsert": true}]}' with request id 29 to database tennisLab on connection [connectionId{localValue:7, serverValue:166099}] to server ac-chrld8z-shard-00-02.jgjryxb.mongodb.net:27017
16:51:07.503 [async-channel-group-0-handler-executor] DEBUG org.mongodb.driver.protocol.command - Execution of command with request id 29 completed successfully in 34.72 ms on connection [connectionId{localValue:7, serverValue:166099}] to server ac-chrld8z-shard-00-02.jgjryxb.mongodb.net:27017
16:51:07.509 [Test worker @coroutine#30] DEBUG repositories.users.EmployeeRepositoryImpl - Eliminando todos los empleados.
16:51:07.510 [AsyncGetter-3-thread-1] DEBUG org.mongodb.driver.operation - retryWrites set but one or more writeRequests do not support retryable writes
16:51:07.512 [AsyncGetter-3-thread-1] DEBUG org.mongodb.driver.protocol.command - Sending command '{"delete": "employee", "ordered": true, "$db": "tennisLab", "$clusterTime": {"clusterTime": {"$timestamp": {"t": 1674229866, "i": 12}}, "signature": {"hash": {"$binary": {"base64": "ECSYdiDiKNJCCJvxL8/7Yne/K+0=", "subType": "00"}}, "keyId": 7140997052225290242}}, "lsid": {"id": {"$binary": {"base64": "jfoFr5rBQRSsVdMlTxrNyg==", "subType": "04"}}}, "deletes": [{"q": {}, "limit": 0}]}' with request id 30 to database tennisLab on connection [connectionId{localValue:7, serverValue:166099}] to server ac-chrld8z-shard-00-02.jgjryxb.mongodb.net:27017
16:51:07.549 [async-channel-group-0-handler-executor] DEBUG org.mongodb.driver.protocol.command - Execution of command with request id 30 completed successfully in 38.05 ms on connection [connectionId{localValue:7, serverValue:166099}] to server ac-chrld8z-shard-00-02.jgjryxb.mongodb.net:27017
16:51:07.553 [Test worker @coroutine#32] DEBUG repositories.users.EmployeeRepositoryImpl - Salvando empleado: Employee(id=63cab86bc94d8d5ed94f9dd1, name=Empleado, surname=Test, email=test, password=1234, available=true, isAdmin=true, entryTime=2023-01-20T16:51:07.507549700, departureTime=2023-01-20T16:51:07.507549700, orderList=[])
16:51:07.558 [AsyncGetter-3-thread-1] DEBUG org.mongodb.driver.protocol.command - Sending command '{"update": "employee", "ordered": true, "txnNumber": 9, "$db": "tennisLab", "$clusterTime": {"clusterTime": {"$timestamp": {"t": 1674229866, "i": 13}}, "signature": {"hash": {"$binary": {"base64": "ECSYdiDiKNJCCJvxL8/7Yne/K+0=", "subType": "00"}}, "keyId": 7140997052225290242}}, "lsid": {"id": {"$binary": {"base64": "jfoFr5rBQRSsVdMlTxrNyg==", "subType": "04"}}}, "updates": [{"q": {"_id": {"$oid": "63cab86bc94d8d5ed94f9dd1"}}, "u": {"_id": {"$oid": "63cab86bc94d8d5ed94f9dd1"}, "name": "Empleado", "surname": "Test", "email": "test", "password": "1234", "available": true, "isAdmin": true, "entryTime": {"$date": "2023-01-20T16:51:07.507Z"}, "departureTime": {"$date": "2023-01-20T16:51:07.507Z"}, "orderList": []}, "upsert": true}]}' with request id 31 to database tennisLab on connection [connectionId{localValue:7, serverValue:166099}] to server ac-chrld8z-shard-00-02.jgjryxb.mongodb.net:27017
16:51:07.595 [async-channel-group-0-handler-executor] DEBUG org.mongodb.driver.protocol.command - Execution of command with request id 31 completed successfully in 38.43 ms on connection [connectionId{localValue:7, serverValue:166099}] to server ac-chrld8z-shard-00-02.jgjryxb.mongodb.net:27017
16:51:07.597 [Test worker @background work runner#33] DEBUG repositories.users.EmployeeRepositoryImpl - Buscando empleado por email: test
16:51:07.616 [AsyncGetter-3-thread-1] DEBUG org.mongodb.driver.protocol.command - Sending command '{"find": "employee", "filter": {"email": "test"}, "limit": 1, "singleBatch": true, "$db": "tennisLab", "$clusterTime": {"clusterTime": {"$timestamp": {"t": 1674229866, "i": 14}}, "signature": {"hash": {"$binary": {"base64": "ECSYdiDiKNJCCJvxL8/7Yne/K+0=", "subType": "00"}}, "keyId": 7140997052225290242}}, "lsid": {"id": {"$binary": {"base64": "jfoFr5rBQRSsVdMlTxrNyg==", "subType": "04"}}}}' with request id 32 to database tennisLab on connection [connectionId{localValue:7, serverValue:166099}] to server ac-chrld8z-shard-00-02.jgjryxb.mongodb.net:27017
16:51:07.644 [async-channel-group-0-handler-executor] DEBUG org.mongodb.driver.protocol.command - Execution of command with request id 32 completed successfully in 28.29 ms on connection [connectionId{localValue:7, serverValue:166099}] to server ac-chrld8z-shard-00-02.jgjryxb.mongodb.net:27017
16:51:07.645 [async-channel-group-0-handler-executor] DEBUG org.mongodb.driver.operation - Received batch of 1 documents with cursorId 0 from server ac-chrld8z-shard-00-02.jgjryxb.mongodb.net:27017
]]></system-out>
  <system-err><![CDATA[]]></system-err>
</testsuite>
