<?xml version="1.0" encoding="UTF-8"?>
<testsuite name="repositories.machines.CustomizerRepositoryImplTest" tests="6" skipped="0" failures="0" errors="0" timestamp="2023-01-25T16:07:22" hostname="RO-PC" time="3.505">
  <properties/>
  <testcase name="delete()" classname="repositories.machines.CustomizerRepositoryImplTest" time="2.47"/>
  <testcase name="findAll()" classname="repositories.machines.CustomizerRepositoryImplTest" time="0.447"/>
  <testcase name="update()" classname="repositories.machines.CustomizerRepositoryImplTest" time="0.176"/>
  <testcase name="findById()" classname="repositories.machines.CustomizerRepositoryImplTest" time="0.15"/>
  <testcase name="deleteAll()" classname="repositories.machines.CustomizerRepositoryImplTest" time="0.134"/>
  <testcase name="save()" classname="repositories.machines.CustomizerRepositoryImplTest" time="0.123"/>
  <system-out><![CDATA[17:07:21.224 [Test worker] DEBUG db.MongoDbManager - Inicializando conexion a MongoDB
Inicializando conexion a MongoDB -> mongodb+srv://moha:1234@tennislabcluster.jgjryxb.mongodb.net/
17:07:22.266 [cluster-ClusterId{value='63d153baae6c0968c6962cbd', description='null'}-srv-tennislabcluster.jgjryxb.mongodb.net] INFO org.mongodb.driver.cluster - Adding discovered server ac-chrld8z-shard-00-02.jgjryxb.mongodb.net:27017 to client view of cluster
17:07:22.339 [Test worker] INFO org.mongodb.driver.client - MongoClient with metadata {"driver": {"name": "mongo-java-driver|reactive-streams|kmongo", "version": "4.7.2"}, "os": {"type": "Windows", "name": "Windows 10", "architecture": "amd64", "version": "10.0"}, "platform": "Java/BellSoft/17.0.3+7-LTS|Kotlin/1.7.21"} created with settings MongoClientSettings{readPreference=primary, writeConcern=WriteConcern{w=null, wTimeout=null ms, journal=null}, retryWrites=true, retryReads=true, readConcern=ReadConcern{level=null}, credential=MongoCredential{mechanism=null, userName='moha', source='admin', password=<hidden>, mechanismProperties=<hidden>}, streamFactoryFactory=null, commandListeners=[], codecRegistry=ProvidersCodecRegistry{codecProviders=[ProvidersCodecRegistry{codecProviders=[ValueCodecProvider{}, BsonValueCodecProvider{}, DBRefCodecProvider{}, DBObjectCodecProvider{}, DocumentCodecProvider{}, IterableCodecProvider{}, MapCodecProvider{}, GeoJsonCodecProvider{}, GridFSFileCodecProvider{}, Jsr310CodecProvider{}, JsonObjectCodecProvider{}, BsonCodecProvider{}, EnumCodecProvider{}, com.mongodb.Jep395RecordCodecProvider@87aec6a]}, org.litote.kmongo.service.CustomCodecProvider@213012a0, ProvidersCodecRegistry{codecProviders=[org.litote.kmongo.jackson.JacksonCodecProvider@43a59289]}]}, clusterSettings={hosts=[127.0.0.1:27017], srvHost=tennislabcluster.jgjryxb.mongodb.net, srvServiceName=mongodb, mode=MULTIPLE, requiredClusterType=REPLICA_SET, requiredReplicaSetName='atlas-se6cg8-shard-0', serverSelector='null', clusterListeners='[]', serverSelectionTimeout='30000 ms', localThreshold='30000 ms'}, socketSettings=SocketSettings{connectTimeoutMS=10000, readTimeoutMS=0, receiveBufferSize=0, sendBufferSize=0}, heartbeatSocketSettings=SocketSettings{connectTimeoutMS=10000, readTimeoutMS=10000, receiveBufferSize=0, sendBufferSize=0}, connectionPoolSettings=ConnectionPoolSettings{maxSize=100, minSize=0, maxWaitTimeMS=120000, maxConnectionLifeTimeMS=0, maxConnectionIdleTimeMS=0, maintenanceInitialDelayMS=0, maintenanceFrequencyMS=60000, connectionPoolListeners=[], maxConnecting=2}, serverSettings=ServerSettings{heartbeatFrequencyMS=10000, minHeartbeatFrequencyMS=500, serverListeners='[]', serverMonitorListeners='[]'}, sslSettings=SslSettings{enabled=true, invalidHostNameAllowed=false, context=null}, applicationName='null', compressorList=[], uuidRepresentation=UNSPECIFIED, serverApi=null, autoEncryptionSettings=null, contextProvider=null}
17:07:22.349 [cluster-ClusterId{value='63d153baae6c0968c6962cbd', description='null'}-srv-tennislabcluster.jgjryxb.mongodb.net] INFO org.mongodb.driver.cluster - Adding discovered server ac-chrld8z-shard-00-00.jgjryxb.mongodb.net:27017 to client view of cluster
17:07:22.351 [cluster-ClusterId{value='63d153baae6c0968c6962cbd', description='null'}-srv-tennislabcluster.jgjryxb.mongodb.net] INFO org.mongodb.driver.cluster - Adding discovered server ac-chrld8z-shard-00-01.jgjryxb.mongodb.net:27017 to client view of cluster
17:07:22.354 [cluster-ClusterId{value='63d153baae6c0968c6962cbd', description='null'}-srv-tennislabcluster.jgjryxb.mongodb.net] DEBUG org.mongodb.driver.cluster - Updating cluster description to  {type=REPLICA_SET, servers=[{address=ac-chrld8z-shard-00-00.jgjryxb.mongodb.net:27017, type=UNKNOWN, state=CONNECTING}, {address=ac-chrld8z-shard-00-01.jgjryxb.mongodb.net:27017, type=UNKNOWN, state=CONNECTING}, {address=ac-chrld8z-shard-00-02.jgjryxb.mongodb.net:27017, type=UNKNOWN, state=CONNECTING}]
17:07:22.359 [Test worker @coroutine#168] DEBUG repositories.machines.CustomizerRepositoryImpl - Eliminando todas las personalizadoras
17:07:22.557 [Test worker @coroutine#168] DEBUG reactor.util.Loggers$LoggerFactory - Using Slf4j logging framework
17:07:22.842 [Thread-7] DEBUG org.mongodb.driver.connection.tls - initialized direct buffer deallocator for java >= 9
17:07:22.867 [Test worker @coroutine#168] INFO org.mongodb.driver.cluster - No server chosen by com.mongodb.reactivestreams.client.internal.ClientSessionHelper$$Lambda$667/0x0000000801115218@431babe6 from cluster description ClusterDescription{type=REPLICA_SET, connectionMode=MULTIPLE, serverDescriptions=[ServerDescription{address=ac-chrld8z-shard-00-00.jgjryxb.mongodb.net:27017, type=UNKNOWN, state=CONNECTING}, ServerDescription{address=ac-chrld8z-shard-00-01.jgjryxb.mongodb.net:27017, type=UNKNOWN, state=CONNECTING}, ServerDescription{address=ac-chrld8z-shard-00-02.jgjryxb.mongodb.net:27017, type=UNKNOWN, state=CONNECTING}]}. Waiting for 30000 ms before timing out
17:07:23.562 [cluster-ClusterId{value='63d153baae6c0968c6962cbd', description='null'}-ac-chrld8z-shard-00-00.jgjryxb.mongodb.net:27017] INFO org.mongodb.driver.connection - Opened connection [connectionId{localValue:5, serverValue:266437}] to ac-chrld8z-shard-00-00.jgjryxb.mongodb.net:27017
17:07:23.563 [cluster-rtt-ClusterId{value='63d153baae6c0968c6962cbd', description='null'}-ac-chrld8z-shard-00-02.jgjryxb.mongodb.net:27017] INFO org.mongodb.driver.connection - Opened connection [connectionId{localValue:6, serverValue:264864}] to ac-chrld8z-shard-00-02.jgjryxb.mongodb.net:27017
17:07:23.562 [cluster-rtt-ClusterId{value='63d153baae6c0968c6962cbd', description='null'}-ac-chrld8z-shard-00-00.jgjryxb.mongodb.net:27017] INFO org.mongodb.driver.connection - Opened connection [connectionId{localValue:1, serverValue:266437}] to ac-chrld8z-shard-00-00.jgjryxb.mongodb.net:27017
17:07:23.562 [cluster-ClusterId{value='63d153baae6c0968c6962cbd', description='null'}-ac-chrld8z-shard-00-02.jgjryxb.mongodb.net:27017] INFO org.mongodb.driver.connection - Opened connection [connectionId{localValue:3, serverValue:264864}] to ac-chrld8z-shard-00-02.jgjryxb.mongodb.net:27017
17:07:23.562 [cluster-rtt-ClusterId{value='63d153baae6c0968c6962cbd', description='null'}-ac-chrld8z-shard-00-01.jgjryxb.mongodb.net:27017] INFO org.mongodb.driver.connection - Opened connection [connectionId{localValue:2, serverValue:262792}] to ac-chrld8z-shard-00-01.jgjryxb.mongodb.net:27017
17:07:23.563 [cluster-ClusterId{value='63d153baae6c0968c6962cbd', description='null'}-ac-chrld8z-shard-00-01.jgjryxb.mongodb.net:27017] INFO org.mongodb.driver.connection - Opened connection [connectionId{localValue:4, serverValue:262792}] to ac-chrld8z-shard-00-01.jgjryxb.mongodb.net:27017
17:07:23.581 [cluster-ClusterId{value='63d153baae6c0968c6962cbd', description='null'}-ac-chrld8z-shard-00-02.jgjryxb.mongodb.net:27017] INFO org.mongodb.driver.cluster - Monitor thread successfully connected to server with description ServerDescription{address=ac-chrld8z-shard-00-02.jgjryxb.mongodb.net:27017, type=REPLICA_SET_PRIMARY, state=CONNECTED, ok=true, minWireVersion=0, maxWireVersion=13, maxDocumentSize=16777216, logicalSessionTimeoutMinutes=30, roundTripTimeNanos=681766900, setName='atlas-se6cg8-shard-0', canonicalAddress=ac-chrld8z-shard-00-02.jgjryxb.mongodb.net:27017, hosts=[ac-chrld8z-shard-00-00.jgjryxb.mongodb.net:27017, ac-chrld8z-shard-00-02.jgjryxb.mongodb.net:27017, ac-chrld8z-shard-00-01.jgjryxb.mongodb.net:27017], passives=[], arbiters=[], primary='ac-chrld8z-shard-00-02.jgjryxb.mongodb.net:27017', tagSet=TagSet{[Tag{name='nodeType', value='ELECTABLE'}, Tag{name='provider', value='AWS'}, Tag{name='region', value='EU_WEST_3'}, Tag{name='workloadType', value='OPERATIONAL'}]}, electionId=7fffffff000000000000001c, setVersion=1, topologyVersion=TopologyVersion{processId=63c0153d7a1841ad2662f40e, counter=6}, lastWriteDate=Wed Jan 25 17:07:20 CET 2023, lastUpdateTimeNanos=275740063759700}
17:07:23.581 [cluster-ClusterId{value='63d153baae6c0968c6962cbd', description='null'}-ac-chrld8z-shard-00-00.jgjryxb.mongodb.net:27017] INFO org.mongodb.driver.cluster - Monitor thread successfully connected to server with description ServerDescription{address=ac-chrld8z-shard-00-00.jgjryxb.mongodb.net:27017, type=REPLICA_SET_SECONDARY, state=CONNECTED, ok=true, minWireVersion=0, maxWireVersion=13, maxDocumentSize=16777216, logicalSessionTimeoutMinutes=30, roundTripTimeNanos=682610200, setName='atlas-se6cg8-shard-0', canonicalAddress=ac-chrld8z-shard-00-00.jgjryxb.mongodb.net:27017, hosts=[ac-chrld8z-shard-00-00.jgjryxb.mongodb.net:27017, ac-chrld8z-shard-00-02.jgjryxb.mongodb.net:27017, ac-chrld8z-shard-00-01.jgjryxb.mongodb.net:27017], passives=[], arbiters=[], primary='ac-chrld8z-shard-00-02.jgjryxb.mongodb.net:27017', tagSet=TagSet{[Tag{name='nodeType', value='ELECTABLE'}, Tag{name='provider', value='AWS'}, Tag{name='region', value='EU_WEST_3'}, Tag{name='workloadType', value='OPERATIONAL'}]}, electionId=null, setVersion=1, topologyVersion=TopologyVersion{processId=63c0141e24b55518e53618c0, counter=4}, lastWriteDate=Wed Jan 25 17:07:20 CET 2023, lastUpdateTimeNanos=275740063963999}
17:07:23.581 [cluster-ClusterId{value='63d153baae6c0968c6962cbd', description='null'}-ac-chrld8z-shard-00-01.jgjryxb.mongodb.net:27017] INFO org.mongodb.driver.cluster - Monitor thread successfully connected to server with description ServerDescription{address=ac-chrld8z-shard-00-01.jgjryxb.mongodb.net:27017, type=REPLICA_SET_SECONDARY, state=CONNECTED, ok=true, minWireVersion=0, maxWireVersion=13, maxDocumentSize=16777216, logicalSessionTimeoutMinutes=30, roundTripTimeNanos=679360301, setName='atlas-se6cg8-shard-0', canonicalAddress=ac-chrld8z-shard-00-01.jgjryxb.mongodb.net:27017, hosts=[ac-chrld8z-shard-00-00.jgjryxb.mongodb.net:27017, ac-chrld8z-shard-00-02.jgjryxb.mongodb.net:27017, ac-chrld8z-shard-00-01.jgjryxb.mongodb.net:27017], passives=[], arbiters=[], primary='ac-chrld8z-shard-00-02.jgjryxb.mongodb.net:27017', tagSet=TagSet{[Tag{name='nodeType', value='ELECTABLE'}, Tag{name='provider', value='AWS'}, Tag{name='region', value='EU_WEST_3'}, Tag{name='workloadType', value='OPERATIONAL'}]}, electionId=null, setVersion=1, topologyVersion=TopologyVersion{processId=63c0164a8862cecbd79b2178, counter=3}, lastWriteDate=Wed Jan 25 17:07:20 CET 2023, lastUpdateTimeNanos=275740063759800}
17:07:23.588 [cluster-ClusterId{value='63d153baae6c0968c6962cbd', description='null'}-ac-chrld8z-shard-00-00.jgjryxb.mongodb.net:27017] DEBUG org.mongodb.driver.connection - Marking the connection pool for ServerId{clusterId=ClusterId{value='63d153baae6c0968c6962cbd', description='null'}, address=ac-chrld8z-shard-00-00.jgjryxb.mongodb.net:27017} as 'ready'
17:07:23.590 [MaintenanceTimer-4-thread-1] DEBUG org.mongodb.driver.connection - Pruning pooled connections to ac-chrld8z-shard-00-00.jgjryxb.mongodb.net:27017
17:07:23.597 [cluster-ClusterId{value='63d153baae6c0968c6962cbd', description='null'}-ac-chrld8z-shard-00-00.jgjryxb.mongodb.net:27017] DEBUG org.mongodb.driver.cluster - Updating cluster description to  {type=REPLICA_SET, servers=[{address=ac-chrld8z-shard-00-00.jgjryxb.mongodb.net:27017, type=REPLICA_SET_SECONDARY, TagSet{[Tag{name='nodeType', value='ELECTABLE'}, Tag{name='provider', value='AWS'}, Tag{name='region', value='EU_WEST_3'}, Tag{name='workloadType', value='OPERATIONAL'}]}, roundTripTime=682.6 ms, state=CONNECTED}, {address=ac-chrld8z-shard-00-01.jgjryxb.mongodb.net:27017, type=UNKNOWN, state=CONNECTING}, {address=ac-chrld8z-shard-00-02.jgjryxb.mongodb.net:27017, type=UNKNOWN, state=CONNECTING}]
17:07:23.598 [cluster-ClusterId{value='63d153baae6c0968c6962cbd', description='null'}-ac-chrld8z-shard-00-00.jgjryxb.mongodb.net:27017] DEBUG org.mongodb.driver.cluster - Checking status of ac-chrld8z-shard-00-00.jgjryxb.mongodb.net:27017
17:07:23.598 [cluster-ClusterId{value='63d153baae6c0968c6962cbd', description='null'}-ac-chrld8z-shard-00-01.jgjryxb.mongodb.net:27017] DEBUG org.mongodb.driver.connection - Marking the connection pool for ServerId{clusterId=ClusterId{value='63d153baae6c0968c6962cbd', description='null'}, address=ac-chrld8z-shard-00-01.jgjryxb.mongodb.net:27017} as 'ready'
17:07:23.599 [cluster-ClusterId{value='63d153baae6c0968c6962cbd', description='null'}-ac-chrld8z-shard-00-01.jgjryxb.mongodb.net:27017] DEBUG org.mongodb.driver.cluster - Updating cluster description to  {type=REPLICA_SET, servers=[{address=ac-chrld8z-shard-00-00.jgjryxb.mongodb.net:27017, type=REPLICA_SET_SECONDARY, TagSet{[Tag{name='nodeType', value='ELECTABLE'}, Tag{name='provider', value='AWS'}, Tag{name='region', value='EU_WEST_3'}, Tag{name='workloadType', value='OPERATIONAL'}]}, roundTripTime=682.6 ms, state=CONNECTED}, {address=ac-chrld8z-shard-00-01.jgjryxb.mongodb.net:27017, type=REPLICA_SET_SECONDARY, TagSet{[Tag{name='nodeType', value='ELECTABLE'}, Tag{name='provider', value='AWS'}, Tag{name='region', value='EU_WEST_3'}, Tag{name='workloadType', value='OPERATIONAL'}]}, roundTripTime=679.4 ms, state=CONNECTED}, {address=ac-chrld8z-shard-00-02.jgjryxb.mongodb.net:27017, type=UNKNOWN, state=CONNECTING}]
17:07:23.600 [cluster-ClusterId{value='63d153baae6c0968c6962cbd', description='null'}-ac-chrld8z-shard-00-01.jgjryxb.mongodb.net:27017] DEBUG org.mongodb.driver.cluster - Checking status of ac-chrld8z-shard-00-01.jgjryxb.mongodb.net:27017
17:07:23.601 [cluster-ClusterId{value='63d153baae6c0968c6962cbd', description='null'}-ac-chrld8z-shard-00-02.jgjryxb.mongodb.net:27017] DEBUG org.mongodb.driver.connection - Marking the connection pool for ServerId{clusterId=ClusterId{value='63d153baae6c0968c6962cbd', description='null'}, address=ac-chrld8z-shard-00-02.jgjryxb.mongodb.net:27017} as 'ready'
17:07:23.601 [cluster-ClusterId{value='63d153baae6c0968c6962cbd', description='null'}-ac-chrld8z-shard-00-02.jgjryxb.mongodb.net:27017] INFO org.mongodb.driver.cluster - Setting max election id to 7fffffff000000000000001c from replica set primary ac-chrld8z-shard-00-02.jgjryxb.mongodb.net:27017
17:07:23.602 [cluster-ClusterId{value='63d153baae6c0968c6962cbd', description='null'}-ac-chrld8z-shard-00-02.jgjryxb.mongodb.net:27017] INFO org.mongodb.driver.cluster - Setting max set version to 1 from replica set primary ac-chrld8z-shard-00-02.jgjryxb.mongodb.net:27017
17:07:23.602 [cluster-ClusterId{value='63d153baae6c0968c6962cbd', description='null'}-ac-chrld8z-shard-00-02.jgjryxb.mongodb.net:27017] INFO org.mongodb.driver.cluster - Discovered replica set primary ac-chrld8z-shard-00-02.jgjryxb.mongodb.net:27017
17:07:23.603 [cluster-ClusterId{value='63d153baae6c0968c6962cbd', description='null'}-ac-chrld8z-shard-00-02.jgjryxb.mongodb.net:27017] DEBUG org.mongodb.driver.cluster - Updating cluster description to  {type=REPLICA_SET, servers=[{address=ac-chrld8z-shard-00-00.jgjryxb.mongodb.net:27017, type=REPLICA_SET_SECONDARY, TagSet{[Tag{name='nodeType', value='ELECTABLE'}, Tag{name='provider', value='AWS'}, Tag{name='region', value='EU_WEST_3'}, Tag{name='workloadType', value='OPERATIONAL'}]}, roundTripTime=682.6 ms, state=CONNECTED}, {address=ac-chrld8z-shard-00-01.jgjryxb.mongodb.net:27017, type=REPLICA_SET_SECONDARY, TagSet{[Tag{name='nodeType', value='ELECTABLE'}, Tag{name='provider', value='AWS'}, Tag{name='region', value='EU_WEST_3'}, Tag{name='workloadType', value='OPERATIONAL'}]}, roundTripTime=679.4 ms, state=CONNECTED}, {address=ac-chrld8z-shard-00-02.jgjryxb.mongodb.net:27017, type=REPLICA_SET_PRIMARY, TagSet{[Tag{name='nodeType', value='ELECTABLE'}, Tag{name='provider', value='AWS'}, Tag{name='region', value='EU_WEST_3'}, Tag{name='workloadType', value='OPERATIONAL'}]}, roundTripTime=681.8 ms, state=CONNECTED}]
17:07:23.603 [cluster-ClusterId{value='63d153baae6c0968c6962cbd', description='null'}-ac-chrld8z-shard-00-02.jgjryxb.mongodb.net:27017] DEBUG org.mongodb.driver.cluster - Checking status of ac-chrld8z-shard-00-02.jgjryxb.mongodb.net:27017
17:07:23.611 [MaintenanceTimer-6-thread-1] DEBUG org.mongodb.driver.connection - Pruning pooled connections to ac-chrld8z-shard-00-01.jgjryxb.mongodb.net:27017
17:07:23.613 [MaintenanceTimer-2-thread-1] DEBUG org.mongodb.driver.connection - Pruning pooled connections to ac-chrld8z-shard-00-02.jgjryxb.mongodb.net:27017
17:07:24.183 [async-channel-group-0-handler-executor] INFO org.mongodb.driver.connection - Opened connection [connectionId{localValue:7, serverValue:264873}] to ac-chrld8z-shard-00-02.jgjryxb.mongodb.net:27017
17:07:24.209 [async-channel-group-0-handler-executor] DEBUG org.mongodb.driver.operation - retryWrites set but one or more writeRequests do not support retryable writes
17:07:24.287 [async-channel-group-0-handler-executor] DEBUG org.mongodb.driver.protocol.command - Sending command '{"delete": "customizer", "ordered": true, "$db": "tennisLab", "lsid": {"id": {"$binary": {"base64": "4QxgNiEfTyK8Bl7OjiY/Hw==", "subType": "04"}}}, "deletes": [{"q": {}, "limit": 0}]}' with request id 13 to database tennisLab on connection [connectionId{localValue:7, serverValue:264873}] to server ac-chrld8z-shard-00-02.jgjryxb.mongodb.net:27017
17:07:24.326 [async-channel-group-0-handler-executor] DEBUG org.mongodb.driver.protocol.command - Execution of command with request id 13 completed successfully in 60.73 ms on connection [connectionId{localValue:7, serverValue:264873}] to server ac-chrld8z-shard-00-02.jgjryxb.mongodb.net:27017
17:07:24.400 [Test worker @coroutine#170] DEBUG repositories.machines.CustomizerRepositoryImpl - Salvando personalizadora: Customizer(id=63d153baae6c0968c6962cbe, uuid=bf8d0ff5-8eac-4109-81a6-e50c5fdecd94, brand=test, model=test, acquisitionDate=2023-01-25, available=true, maneuverability=true, balance=false, rigidity=true)
17:07:24.735 [AsyncGetter-3-thread-1] DEBUG org.mongodb.driver.protocol.command - Sending command '{"update": "customizer", "ordered": true, "txnNumber": 1, "$db": "tennisLab", "$clusterTime": {"clusterTime": {"$timestamp": {"t": 1674662842, "i": 1}}, "signature": {"hash": {"$binary": {"base64": "7VDoVt7JrsklXry6C0z3ZZUbVnI=", "subType": "00"}}, "keyId": 7140997052225290242}}, "lsid": {"id": {"$binary": {"base64": "4QxgNiEfTyK8Bl7OjiY/Hw==", "subType": "04"}}}, "updates": [{"q": {"_id": "63d153baae6c0968c6962cbe"}, "u": {"_id": "63d153baae6c0968c6962cbe", "uuid": {"$binary": {"base64": "CUGsjvUPjb+Uzd5fDOWmgQ==", "subType": "03"}}, "brand": "test", "model": "test", "acquisitionDate": {"$date": "2023-01-25T00:00:00Z"}, "available": true, "maneuverability": true, "balance": false, "rigidity": true}, "upsert": true}]}' with request id 14 to database tennisLab on connection [connectionId{localValue:7, serverValue:264873}] to server ac-chrld8z-shard-00-02.jgjryxb.mongodb.net:27017
17:07:24.769 [async-channel-group-0-handler-executor] DEBUG org.mongodb.driver.protocol.command - Execution of command with request id 14 completed successfully in 39.17 ms on connection [connectionId{localValue:7, serverValue:264873}] to server ac-chrld8z-shard-00-02.jgjryxb.mongodb.net:27017
17:07:24.779 [Test worker @background work runner#171] DEBUG repositories.machines.CustomizerRepositoryImpl - Eliminando personalizadora: Customizer(id=63d153baae6c0968c6962cbe, uuid=bf8d0ff5-8eac-4109-81a6-e50c5fdecd94, brand=test, model=test, acquisitionDate=2023-01-25, available=true, maneuverability=true, balance=false, rigidity=true)
17:07:24.783 [AsyncGetter-3-thread-1] DEBUG org.mongodb.driver.protocol.command - Sending command '{"delete": "customizer", "ordered": true, "txnNumber": 2, "$db": "tennisLab", "$clusterTime": {"clusterTime": {"$timestamp": {"t": 1674662843, "i": 2}}, "signature": {"hash": {"$binary": {"base64": "pe+PtlKigBpN0umxcSHAUM1DusU=", "subType": "00"}}, "keyId": 7140997052225290242}}, "lsid": {"id": {"$binary": {"base64": "4QxgNiEfTyK8Bl7OjiY/Hw==", "subType": "04"}}}, "deletes": [{"q": {"_id": "63d153baae6c0968c6962cbe"}, "limit": 1}]}' with request id 15 to database tennisLab on connection [connectionId{localValue:7, serverValue:264873}] to server ac-chrld8z-shard-00-02.jgjryxb.mongodb.net:27017
17:07:24.816 [async-channel-group-0-handler-executor] DEBUG org.mongodb.driver.protocol.command - Execution of command with request id 15 completed successfully in 33.55 ms on connection [connectionId{localValue:7, serverValue:264873}] to server ac-chrld8z-shard-00-02.jgjryxb.mongodb.net:27017
17:07:24.821 [Test worker @coroutine#173] DEBUG repositories.machines.CustomizerRepositoryImpl - Eliminando todas las personalizadoras
17:07:24.823 [AsyncGetter-3-thread-1] DEBUG org.mongodb.driver.operation - retryWrites set but one or more writeRequests do not support retryable writes
17:07:24.826 [AsyncGetter-3-thread-1] DEBUG org.mongodb.driver.protocol.command - Sending command '{"delete": "customizer", "ordered": true, "$db": "tennisLab", "$clusterTime": {"clusterTime": {"$timestamp": {"t": 1674662843, "i": 3}}, "signature": {"hash": {"$binary": {"base64": "pe+PtlKigBpN0umxcSHAUM1DusU=", "subType": "00"}}, "keyId": 7140997052225290242}}, "lsid": {"id": {"$binary": {"base64": "4QxgNiEfTyK8Bl7OjiY/Hw==", "subType": "04"}}}, "deletes": [{"q": {}, "limit": 0}]}' with request id 16 to database tennisLab on connection [connectionId{localValue:7, serverValue:264873}] to server ac-chrld8z-shard-00-02.jgjryxb.mongodb.net:27017
17:07:24.854 [async-channel-group-0-handler-executor] DEBUG org.mongodb.driver.protocol.command - Execution of command with request id 16 completed successfully in 29.51 ms on connection [connectionId{localValue:7, serverValue:264873}] to server ac-chrld8z-shard-00-02.jgjryxb.mongodb.net:27017
17:07:24.859 [Test worker @coroutine#175] DEBUG repositories.machines.CustomizerRepositoryImpl - Salvando personalizadora: Customizer(id=63d153bcae6c0968c6962cbf, uuid=e3161aa6-b643-48d4-812a-d07846c0f0e3, brand=test, model=test, acquisitionDate=2023-01-25, available=true, maneuverability=true, balance=false, rigidity=true)
17:07:24.863 [AsyncGetter-3-thread-1] DEBUG org.mongodb.driver.protocol.command - Sending command '{"update": "customizer", "ordered": true, "txnNumber": 3, "$db": "tennisLab", "$clusterTime": {"clusterTime": {"$timestamp": {"t": 1674662843, "i": 3}}, "signature": {"hash": {"$binary": {"base64": "pe+PtlKigBpN0umxcSHAUM1DusU=", "subType": "00"}}, "keyId": 7140997052225290242}}, "lsid": {"id": {"$binary": {"base64": "4QxgNiEfTyK8Bl7OjiY/Hw==", "subType": "04"}}}, "updates": [{"q": {"_id": "63d153bcae6c0968c6962cbf"}, "u": {"_id": "63d153bcae6c0968c6962cbf", "uuid": {"$binary": {"base64": "1EhDtqYaFuPj8MBGeNAqgQ==", "subType": "03"}}, "brand": "test", "model": "test", "acquisitionDate": {"$date": "2023-01-25T00:00:00Z"}, "available": true, "maneuverability": true, "balance": false, "rigidity": true}, "upsert": true}]}' with request id 17 to database tennisLab on connection [connectionId{localValue:7, serverValue:264873}] to server ac-chrld8z-shard-00-02.jgjryxb.mongodb.net:27017
17:07:24.896 [async-channel-group-0-handler-executor] DEBUG org.mongodb.driver.protocol.command - Execution of command with request id 17 completed successfully in 34.29 ms on connection [connectionId{localValue:7, serverValue:264873}] to server ac-chrld8z-shard-00-02.jgjryxb.mongodb.net:27017
17:07:24.900 [Test worker @background work runner#176] DEBUG repositories.machines.CustomizerRepositoryImpl - Buscando todas las personalizadoras
17:07:25.073 [AsyncGetter-3-thread-1] DEBUG org.mongodb.driver.protocol.command - Sending command '{"find": "customizer", "filter": {}, "batchSize": 64, "$db": "tennisLab", "$clusterTime": {"clusterTime": {"$timestamp": {"t": 1674662843, "i": 4}}, "signature": {"hash": {"$binary": {"base64": "pe+PtlKigBpN0umxcSHAUM1DusU=", "subType": "00"}}, "keyId": 7140997052225290242}}, "lsid": {"id": {"$binary": {"base64": "4QxgNiEfTyK8Bl7OjiY/Hw==", "subType": "04"}}}}' with request id 18 to database tennisLab on connection [connectionId{localValue:7, serverValue:264873}] to server ac-chrld8z-shard-00-02.jgjryxb.mongodb.net:27017
17:07:25.102 [async-channel-group-0-handler-executor] DEBUG org.mongodb.driver.protocol.command - Execution of command with request id 18 completed successfully in 33.32 ms on connection [connectionId{localValue:7, serverValue:264873}] to server ac-chrld8z-shard-00-02.jgjryxb.mongodb.net:27017
17:07:25.255 [async-channel-group-0-handler-executor] DEBUG org.mongodb.driver.operation - Received batch of 1 documents with cursorId 0 from server ac-chrld8z-shard-00-02.jgjryxb.mongodb.net:27017
17:07:25.269 [Test worker @coroutine#178] DEBUG repositories.machines.CustomizerRepositoryImpl - Eliminando todas las personalizadoras
17:07:25.269 [AsyncGetter-3-thread-1] DEBUG org.mongodb.driver.operation - retryWrites set but one or more writeRequests do not support retryable writes
17:07:25.271 [AsyncGetter-3-thread-1] DEBUG org.mongodb.driver.protocol.command - Sending command '{"delete": "customizer", "ordered": true, "$db": "tennisLab", "$clusterTime": {"clusterTime": {"$timestamp": {"t": 1674662843, "i": 4}}, "signature": {"hash": {"$binary": {"base64": "pe+PtlKigBpN0umxcSHAUM1DusU=", "subType": "00"}}, "keyId": 7140997052225290242}}, "lsid": {"id": {"$binary": {"base64": "4QxgNiEfTyK8Bl7OjiY/Hw==", "subType": "04"}}}, "deletes": [{"q": {}, "limit": 0}]}' with request id 19 to database tennisLab on connection [connectionId{localValue:7, serverValue:264873}] to server ac-chrld8z-shard-00-02.jgjryxb.mongodb.net:27017
17:07:25.324 [async-channel-group-0-handler-executor] DEBUG org.mongodb.driver.protocol.command - Execution of command with request id 19 completed successfully in 53.74 ms on connection [connectionId{localValue:7, serverValue:264873}] to server ac-chrld8z-shard-00-02.jgjryxb.mongodb.net:27017
17:07:25.330 [Test worker @coroutine#180] DEBUG repositories.machines.CustomizerRepositoryImpl - Salvando personalizadora: Customizer(id=63d153bdae6c0968c6962cc0, uuid=51c4f655-8fb2-4d39-8ddb-851bb0c509de, brand=test, model=test, acquisitionDate=2023-01-25, available=true, maneuverability=true, balance=false, rigidity=true)
17:07:25.334 [AsyncGetter-3-thread-1] DEBUG org.mongodb.driver.protocol.command - Sending command '{"update": "customizer", "ordered": true, "txnNumber": 4, "$db": "tennisLab", "$clusterTime": {"clusterTime": {"$timestamp": {"t": 1674662843, "i": 5}}, "signature": {"hash": {"$binary": {"base64": "pe+PtlKigBpN0umxcSHAUM1DusU=", "subType": "00"}}, "keyId": 7140997052225290242}}, "lsid": {"id": {"$binary": {"base64": "4QxgNiEfTyK8Bl7OjiY/Hw==", "subType": "04"}}}, "updates": [{"q": {"_id": "63d153bdae6c0968c6962cc0"}, "u": {"_id": "63d153bdae6c0968c6962cc0", "uuid": {"$binary": {"base64": "OU2yj1X2xFHeCcWwG4XbjQ==", "subType": "03"}}, "brand": "test", "model": "test", "acquisitionDate": {"$date": "2023-01-25T00:00:00Z"}, "available": true, "maneuverability": true, "balance": false, "rigidity": true}, "upsert": true}]}' with request id 20 to database tennisLab on connection [connectionId{localValue:7, serverValue:264873}] to server ac-chrld8z-shard-00-02.jgjryxb.mongodb.net:27017
17:07:25.379 [async-channel-group-0-handler-executor] DEBUG org.mongodb.driver.protocol.command - Execution of command with request id 20 completed successfully in 46.73 ms on connection [connectionId{localValue:7, serverValue:264873}] to server ac-chrld8z-shard-00-02.jgjryxb.mongodb.net:27017
17:07:25.386 [Test worker @background work runner#181] DEBUG repositories.machines.CustomizerRepositoryImpl - Actualizando personalizadora: Customizer(id=63d153bdae6c0968c6962cc0, uuid=51c4f655-8fb2-4d39-8ddb-851bb0c509de, brand=test, model=test, acquisitionDate=2023-01-25, available=false, maneuverability=true, balance=false, rigidity=true)
17:07:25.403 [AsyncGetter-3-thread-1] DEBUG org.mongodb.driver.protocol.command - Sending command '{"update": "customizer", "ordered": true, "txnNumber": 5, "$db": "tennisLab", "$clusterTime": {"clusterTime": {"$timestamp": {"t": 1674662843, "i": 6}}, "signature": {"hash": {"$binary": {"base64": "pe+PtlKigBpN0umxcSHAUM1DusU=", "subType": "00"}}, "keyId": 7140997052225290242}}, "lsid": {"id": {"$binary": {"base64": "4QxgNiEfTyK8Bl7OjiY/Hw==", "subType": "04"}}}, "updates": [{"q": {"_id": "63d153bdae6c0968c6962cc0"}, "u": {"$set": {"_id": "63d153bdae6c0968c6962cc0", "uuid": {"$binary": {"base64": "OU2yj1X2xFHeCcWwG4XbjQ==", "subType": "03"}}, "brand": "test", "model": "test", "acquisitionDate": {"$date": "2023-01-25T00:00:00Z"}, "available": false, "maneuverability": true, "balance": false, "rigidity": true}}}]}' with request id 21 to database tennisLab on connection [connectionId{localValue:7, serverValue:264873}] to server ac-chrld8z-shard-00-02.jgjryxb.mongodb.net:27017
17:07:25.439 [async-channel-group-0-handler-executor] DEBUG org.mongodb.driver.protocol.command - Execution of command with request id 21 completed successfully in 38.15 ms on connection [connectionId{localValue:7, serverValue:264873}] to server ac-chrld8z-shard-00-02.jgjryxb.mongodb.net:27017
17:07:25.446 [Test worker @coroutine#183] DEBUG repositories.machines.CustomizerRepositoryImpl - Eliminando todas las personalizadoras
17:07:25.448 [AsyncGetter-3-thread-1] DEBUG org.mongodb.driver.operation - retryWrites set but one or more writeRequests do not support retryable writes
17:07:25.450 [AsyncGetter-3-thread-1] DEBUG org.mongodb.driver.protocol.command - Sending command '{"delete": "customizer", "ordered": true, "$db": "tennisLab", "$clusterTime": {"clusterTime": {"$timestamp": {"t": 1674662843, "i": 7}}, "signature": {"hash": {"$binary": {"base64": "pe+PtlKigBpN0umxcSHAUM1DusU=", "subType": "00"}}, "keyId": 7140997052225290242}}, "lsid": {"id": {"$binary": {"base64": "4QxgNiEfTyK8Bl7OjiY/Hw==", "subType": "04"}}}, "deletes": [{"q": {}, "limit": 0}]}' with request id 22 to database tennisLab on connection [connectionId{localValue:7, serverValue:264873}] to server ac-chrld8z-shard-00-02.jgjryxb.mongodb.net:27017
17:07:25.505 [async-channel-group-0-handler-executor] DEBUG org.mongodb.driver.protocol.command - Execution of command with request id 22 completed successfully in 56.14 ms on connection [connectionId{localValue:7, serverValue:264873}] to server ac-chrld8z-shard-00-02.jgjryxb.mongodb.net:27017
17:07:25.511 [Test worker @coroutine#185] DEBUG repositories.machines.CustomizerRepositoryImpl - Salvando personalizadora: Customizer(id=63d153bdae6c0968c6962cc1, uuid=f32f9e42-afa4-4e73-abd4-00ee0ccd7aa7, brand=test, model=test, acquisitionDate=2023-01-25, available=true, maneuverability=true, balance=false, rigidity=true)
17:07:25.517 [AsyncGetter-3-thread-1] DEBUG org.mongodb.driver.protocol.command - Sending command '{"update": "customizer", "ordered": true, "txnNumber": 6, "$db": "tennisLab", "$clusterTime": {"clusterTime": {"$timestamp": {"t": 1674662843, "i": 8}}, "signature": {"hash": {"$binary": {"base64": "pe+PtlKigBpN0umxcSHAUM1DusU=", "subType": "00"}}, "keyId": 7140997052225290242}}, "lsid": {"id": {"$binary": {"base64": "4QxgNiEfTyK8Bl7OjiY/Hw==", "subType": "04"}}}, "updates": [{"q": {"_id": "63d153bdae6c0968c6962cc1"}, "u": {"_id": "63d153bdae6c0968c6962cc1", "uuid": {"$binary": {"base64": "c06kr0KeL/Ones0M7gDUqw==", "subType": "03"}}, "brand": "test", "model": "test", "acquisitionDate": {"$date": "2023-01-25T00:00:00Z"}, "available": true, "maneuverability": true, "balance": false, "rigidity": true}, "upsert": true}]}' with request id 23 to database tennisLab on connection [connectionId{localValue:7, serverValue:264873}] to server ac-chrld8z-shard-00-02.jgjryxb.mongodb.net:27017
17:07:25.550 [async-channel-group-0-handler-executor] DEBUG org.mongodb.driver.protocol.command - Execution of command with request id 23 completed successfully in 34.68 ms on connection [connectionId{localValue:7, serverValue:264873}] to server ac-chrld8z-shard-00-02.jgjryxb.mongodb.net:27017
17:07:25.553 [Test worker @background work runner#186] DEBUG repositories.machines.CustomizerRepositoryImpl - Buscando personalizadora por id: 63d153bdae6c0968c6962cc1
17:07:25.558 [AsyncGetter-3-thread-1] DEBUG org.mongodb.driver.protocol.command - Sending command '{"find": "customizer", "filter": {"_id": "63d153bdae6c0968c6962cc1"}, "limit": 1, "singleBatch": true, "$db": "tennisLab", "$clusterTime": {"clusterTime": {"$timestamp": {"t": 1674662843, "i": 9}}, "signature": {"hash": {"$binary": {"base64": "pe+PtlKigBpN0umxcSHAUM1DusU=", "subType": "00"}}, "keyId": 7140997052225290242}}, "lsid": {"id": {"$binary": {"base64": "4QxgNiEfTyK8Bl7OjiY/Hw==", "subType": "04"}}}}' with request id 24 to database tennisLab on connection [connectionId{localValue:7, serverValue:264873}] to server ac-chrld8z-shard-00-02.jgjryxb.mongodb.net:27017
17:07:25.585 [async-channel-group-0-handler-executor] DEBUG org.mongodb.driver.protocol.command - Execution of command with request id 24 completed successfully in 28.24 ms on connection [connectionId{localValue:7, serverValue:264873}] to server ac-chrld8z-shard-00-02.jgjryxb.mongodb.net:27017
17:07:25.586 [async-channel-group-0-handler-executor] DEBUG org.mongodb.driver.operation - Received batch of 1 documents with cursorId 0 from server ac-chrld8z-shard-00-02.jgjryxb.mongodb.net:27017
17:07:25.596 [Test worker @coroutine#188] DEBUG repositories.machines.CustomizerRepositoryImpl - Eliminando todas las personalizadoras
17:07:25.598 [AsyncGetter-3-thread-1] DEBUG org.mongodb.driver.operation - retryWrites set but one or more writeRequests do not support retryable writes
17:07:25.600 [AsyncGetter-3-thread-1] DEBUG org.mongodb.driver.protocol.command - Sending command '{"delete": "customizer", "ordered": true, "$db": "tennisLab", "$clusterTime": {"clusterTime": {"$timestamp": {"t": 1674662843, "i": 9}}, "signature": {"hash": {"$binary": {"base64": "pe+PtlKigBpN0umxcSHAUM1DusU=", "subType": "00"}}, "keyId": 7140997052225290242}}, "lsid": {"id": {"$binary": {"base64": "4QxgNiEfTyK8Bl7OjiY/Hw==", "subType": "04"}}}, "deletes": [{"q": {}, "limit": 0}]}' with request id 25 to database tennisLab on connection [connectionId{localValue:7, serverValue:264873}] to server ac-chrld8z-shard-00-02.jgjryxb.mongodb.net:27017
17:07:25.631 [async-channel-group-0-handler-executor] DEBUG org.mongodb.driver.protocol.command - Execution of command with request id 25 completed successfully in 32.60 ms on connection [connectionId{localValue:7, serverValue:264873}] to server ac-chrld8z-shard-00-02.jgjryxb.mongodb.net:27017
17:07:25.636 [Test worker @coroutine#190] DEBUG repositories.machines.CustomizerRepositoryImpl - Salvando personalizadora: Customizer(id=63d153bdae6c0968c6962cc2, uuid=831daf47-af3c-47e4-9e63-8d6dd7703231, brand=test, model=test, acquisitionDate=2023-01-25, available=true, maneuverability=true, balance=false, rigidity=true)
17:07:25.640 [AsyncGetter-3-thread-1] DEBUG org.mongodb.driver.protocol.command - Sending command '{"update": "customizer", "ordered": true, "txnNumber": 7, "$db": "tennisLab", "$clusterTime": {"clusterTime": {"$timestamp": {"t": 1674662844, "i": 1}}, "signature": {"hash": {"$binary": {"base64": "e4fGbT0f1w95o23Gon5Hi21L3lk=", "subType": "00"}}, "keyId": 7140997052225290242}}, "lsid": {"id": {"$binary": {"base64": "4QxgNiEfTyK8Bl7OjiY/Hw==", "subType": "04"}}}, "updates": [{"q": {"_id": "63d153bdae6c0968c6962cc2"}, "u": {"_id": "63d153bdae6c0968c6962cc2", "uuid": {"$binary": {"base64": "5Ec8r0evHYMxMnDXbY1jng==", "subType": "03"}}, "brand": "test", "model": "test", "acquisitionDate": {"$date": "2023-01-25T00:00:00Z"}, "available": true, "maneuverability": true, "balance": false, "rigidity": true}, "upsert": true}]}' with request id 26 to database tennisLab on connection [connectionId{localValue:7, serverValue:264873}] to server ac-chrld8z-shard-00-02.jgjryxb.mongodb.net:27017
17:07:25.676 [async-channel-group-0-handler-executor] DEBUG org.mongodb.driver.protocol.command - Execution of command with request id 26 completed successfully in 37.48 ms on connection [connectionId{localValue:7, serverValue:264873}] to server ac-chrld8z-shard-00-02.jgjryxb.mongodb.net:27017
17:07:25.679 [Test worker @background work runner#191] DEBUG repositories.machines.CustomizerRepositoryImpl - Eliminando todas las personalizadoras
17:07:25.680 [AsyncGetter-3-thread-1] DEBUG org.mongodb.driver.operation - retryWrites set but one or more writeRequests do not support retryable writes
17:07:25.683 [AsyncGetter-3-thread-1] DEBUG org.mongodb.driver.protocol.command - Sending command '{"delete": "customizer", "ordered": true, "$db": "tennisLab", "$clusterTime": {"clusterTime": {"$timestamp": {"t": 1674662844, "i": 3}}, "signature": {"hash": {"$binary": {"base64": "e4fGbT0f1w95o23Gon5Hi21L3lk=", "subType": "00"}}, "keyId": 7140997052225290242}}, "lsid": {"id": {"$binary": {"base64": "4QxgNiEfTyK8Bl7OjiY/Hw==", "subType": "04"}}}, "deletes": [{"q": {}, "limit": 0}]}' with request id 27 to database tennisLab on connection [connectionId{localValue:7, serverValue:264873}] to server ac-chrld8z-shard-00-02.jgjryxb.mongodb.net:27017
17:07:25.728 [async-channel-group-0-handler-executor] DEBUG org.mongodb.driver.protocol.command - Execution of command with request id 27 completed successfully in 46.43 ms on connection [connectionId{localValue:7, serverValue:264873}] to server ac-chrld8z-shard-00-02.jgjryxb.mongodb.net:27017
17:07:25.732 [Test worker @coroutine#193] DEBUG repositories.machines.CustomizerRepositoryImpl - Eliminando todas las personalizadoras
17:07:25.734 [AsyncGetter-3-thread-1] DEBUG org.mongodb.driver.operation - retryWrites set but one or more writeRequests do not support retryable writes
17:07:25.739 [AsyncGetter-3-thread-1] DEBUG org.mongodb.driver.protocol.command - Sending command '{"delete": "customizer", "ordered": true, "$db": "tennisLab", "$clusterTime": {"clusterTime": {"$timestamp": {"t": 1674662844, "i": 4}}, "signature": {"hash": {"$binary": {"base64": "e4fGbT0f1w95o23Gon5Hi21L3lk=", "subType": "00"}}, "keyId": 7140997052225290242}}, "lsid": {"id": {"$binary": {"base64": "4QxgNiEfTyK8Bl7OjiY/Hw==", "subType": "04"}}}, "deletes": [{"q": {}, "limit": 0}]}' with request id 28 to database tennisLab on connection [connectionId{localValue:7, serverValue:264873}] to server ac-chrld8z-shard-00-02.jgjryxb.mongodb.net:27017
17:07:25.792 [async-channel-group-0-handler-executor] DEBUG org.mongodb.driver.protocol.command - Execution of command with request id 28 completed successfully in 54.57 ms on connection [connectionId{localValue:7, serverValue:264873}] to server ac-chrld8z-shard-00-02.jgjryxb.mongodb.net:27017
17:07:25.813 [Test worker @coroutine#195] DEBUG repositories.machines.CustomizerRepositoryImpl - Salvando personalizadora: Customizer(id=63d153bdae6c0968c6962cc3, uuid=0c74661d-ce94-4e27-838a-39cd6e31aed0, brand=test, model=test, acquisitionDate=2023-01-25, available=true, maneuverability=true, balance=false, rigidity=true)
17:07:25.817 [AsyncGetter-3-thread-1] DEBUG org.mongodb.driver.protocol.command - Sending command '{"update": "customizer", "ordered": true, "txnNumber": 8, "$db": "tennisLab", "$clusterTime": {"clusterTime": {"$timestamp": {"t": 1674662844, "i": 4}}, "signature": {"hash": {"$binary": {"base64": "e4fGbT0f1w95o23Gon5Hi21L3lk=", "subType": "00"}}, "keyId": 7140997052225290242}}, "lsid": {"id": {"$binary": {"base64": "4QxgNiEfTyK8Bl7OjiY/Hw==", "subType": "04"}}}, "updates": [{"q": {"_id": "63d153bdae6c0968c6962cc3"}, "u": {"_id": "63d153bdae6c0968c6962cc3", "uuid": {"$binary": {"base64": "J06Uzh1mdAzQrjFuzTmKgw==", "subType": "03"}}, "brand": "test", "model": "test", "acquisitionDate": {"$date": "2023-01-25T00:00:00Z"}, "available": true, "maneuverability": true, "balance": false, "rigidity": true}, "upsert": true}]}' with request id 29 to database tennisLab on connection [connectionId{localValue:7, serverValue:264873}] to server ac-chrld8z-shard-00-02.jgjryxb.mongodb.net:27017
17:07:25.849 [async-channel-group-0-handler-executor] DEBUG org.mongodb.driver.protocol.command - Execution of command with request id 29 completed successfully in 33.73 ms on connection [connectionId{localValue:7, serverValue:264873}] to server ac-chrld8z-shard-00-02.jgjryxb.mongodb.net:27017
]]></system-out>
  <system-err><![CDATA[]]></system-err>
</testsuite>
