<?xml version="1.0" encoding="UTF-8"?>
<testsuite name="repositories.users.CustomerRepositoryImplTest" tests="1" skipped="0" failures="0" errors="0" timestamp="2023-01-19T21:06:12" hostname="RO-PC" time="0.02">
  <properties/>
  <testcase name="findByEmail()" classname="repositories.users.CustomerRepositoryImplTest" time="0.02"/>
  <system-out><![CDATA[]]></system-out>
  <system-err><![CDATA[]]></system-err>
</testsuite>
