<?xml version="1.0" encoding="UTF-8"?>
<testsuite name="repositories.users.CustomerRepositoryImplTest" tests="7" skipped="0" failures="0" errors="0" timestamp="2023-01-20T15:34:37" hostname="RO-PC" time="3.837">
  <properties/>
  <testcase name="delete()" classname="repositories.users.CustomerRepositoryImplTest" time="2.902"/>
  <testcase name="findAll()" classname="repositories.users.CustomerRepositoryImplTest" time="0.329"/>
  <testcase name="update()" classname="repositories.users.CustomerRepositoryImplTest" time="0.141"/>
  <testcase name="findById()" classname="repositories.users.CustomerRepositoryImplTest" time="0.127"/>
  <testcase name="deleteAll()" classname="repositories.users.CustomerRepositoryImplTest" time="0.117"/>
  <testcase name="save()" classname="repositories.users.CustomerRepositoryImplTest" time="0.079"/>
  <testcase name="findByEmail()" classname="repositories.users.CustomerRepositoryImplTest" time="0.135"/>
  <system-out><![CDATA[16:34:36.233 [Test worker] DEBUG db.MongoDbManager - Inicializando conexion a MongoDB
Inicializando conexion a MongoDB -> mongodb+srv://moha:1234@tennislabcluster.jgjryxb.mongodb.net/
16:34:37.598 [cluster-ClusterId{value='63cab48d5d94b251ac6fad3b', description='null'}-srv-tennislabcluster.jgjryxb.mongodb.net] INFO org.mongodb.driver.cluster - Adding discovered server ac-chrld8z-shard-00-02.jgjryxb.mongodb.net:27017 to client view of cluster
16:34:37.699 [Test worker] INFO org.mongodb.driver.client - MongoClient with metadata {"driver": {"name": "mongo-java-driver|reactive-streams|kmongo", "version": "4.7.2"}, "os": {"type": "Windows", "name": "Windows 10", "architecture": "amd64", "version": "10.0"}, "platform": "Java/BellSoft/17.0.3+7-LTS|Kotlin/1.7.21"} created with settings MongoClientSettings{readPreference=primary, writeConcern=WriteConcern{w=null, wTimeout=null ms, journal=null}, retryWrites=true, retryReads=true, readConcern=ReadConcern{level=null}, credential=MongoCredential{mechanism=null, userName='moha', source='admin', password=<hidden>, mechanismProperties=<hidden>}, streamFactoryFactory=null, commandListeners=[], codecRegistry=ProvidersCodecRegistry{codecProviders=[ProvidersCodecRegistry{codecProviders=[ValueCodecProvider{}, BsonValueCodecProvider{}, DBRefCodecProvider{}, DBObjectCodecProvider{}, DocumentCodecProvider{}, IterableCodecProvider{}, MapCodecProvider{}, GeoJsonCodecProvider{}, GridFSFileCodecProvider{}, Jsr310CodecProvider{}, JsonObjectCodecProvider{}, BsonCodecProvider{}, EnumCodecProvider{}, com.mongodb.Jep395RecordCodecProvider@771d1ffb]}, org.litote.kmongo.service.CustomCodecProvider@4f67e3df, ProvidersCodecRegistry{codecProviders=[org.litote.kmongo.jackson.JacksonCodecProvider@56681eaf]}]}, clusterSettings={hosts=[127.0.0.1:27017], srvHost=tennislabcluster.jgjryxb.mongodb.net, srvServiceName=mongodb, mode=MULTIPLE, requiredClusterType=REPLICA_SET, requiredReplicaSetName='atlas-se6cg8-shard-0', serverSelector='null', clusterListeners='[]', serverSelectionTimeout='30000 ms', localThreshold='30000 ms'}, socketSettings=SocketSettings{connectTimeoutMS=10000, readTimeoutMS=0, receiveBufferSize=0, sendBufferSize=0}, heartbeatSocketSettings=SocketSettings{connectTimeoutMS=10000, readTimeoutMS=10000, receiveBufferSize=0, sendBufferSize=0}, connectionPoolSettings=ConnectionPoolSettings{maxSize=100, minSize=0, maxWaitTimeMS=120000, maxConnectionLifeTimeMS=0, maxConnectionIdleTimeMS=0, maintenanceInitialDelayMS=0, maintenanceFrequencyMS=60000, connectionPoolListeners=[], maxConnecting=2}, serverSettings=ServerSettings{heartbeatFrequencyMS=10000, minHeartbeatFrequencyMS=500, serverListeners='[]', serverMonitorListeners='[]'}, sslSettings=SslSettings{enabled=true, invalidHostNameAllowed=false, context=null}, applicationName='null', compressorList=[], uuidRepresentation=UNSPECIFIED, serverApi=null, autoEncryptionSettings=null, contextProvider=null}
16:34:37.712 [cluster-ClusterId{value='63cab48d5d94b251ac6fad3b', description='null'}-srv-tennislabcluster.jgjryxb.mongodb.net] INFO org.mongodb.driver.cluster - Adding discovered server ac-chrld8z-shard-00-00.jgjryxb.mongodb.net:27017 to client view of cluster
16:34:37.714 [cluster-ClusterId{value='63cab48d5d94b251ac6fad3b', description='null'}-srv-tennislabcluster.jgjryxb.mongodb.net] INFO org.mongodb.driver.cluster - Adding discovered server ac-chrld8z-shard-00-01.jgjryxb.mongodb.net:27017 to client view of cluster
16:34:37.717 [cluster-ClusterId{value='63cab48d5d94b251ac6fad3b', description='null'}-srv-tennislabcluster.jgjryxb.mongodb.net] DEBUG org.mongodb.driver.cluster - Updating cluster description to  {type=REPLICA_SET, servers=[{address=ac-chrld8z-shard-00-00.jgjryxb.mongodb.net:27017, type=UNKNOWN, state=CONNECTING}, {address=ac-chrld8z-shard-00-01.jgjryxb.mongodb.net:27017, type=UNKNOWN, state=CONNECTING}, {address=ac-chrld8z-shard-00-02.jgjryxb.mongodb.net:27017, type=UNKNOWN, state=CONNECTING}]
16:34:37.963 [Test worker @coroutine#1] DEBUG repositories.users.CustomerRepositoryImpl - Elminando todos los clientes
16:34:38.109 [Test worker @coroutine#1] DEBUG reactor.util.Loggers$LoggerFactory - Using Slf4j logging framework
16:34:38.280 [Thread-4] DEBUG org.mongodb.driver.connection.tls - initialized direct buffer deallocator for java >= 9
16:34:38.425 [Test worker @coroutine#1] INFO org.mongodb.driver.cluster - No server chosen by com.mongodb.reactivestreams.client.internal.ClientSessionHelper$$Lambda$459/0x0000000800f84368@328d044f from cluster description ClusterDescription{type=REPLICA_SET, connectionMode=MULTIPLE, serverDescriptions=[ServerDescription{address=ac-chrld8z-shard-00-00.jgjryxb.mongodb.net:27017, type=UNKNOWN, state=CONNECTING}, ServerDescription{address=ac-chrld8z-shard-00-01.jgjryxb.mongodb.net:27017, type=UNKNOWN, state=CONNECTING}, ServerDescription{address=ac-chrld8z-shard-00-02.jgjryxb.mongodb.net:27017, type=UNKNOWN, state=CONNECTING}]}. Waiting for 30000 ms before timing out
16:34:38.864 [cluster-ClusterId{value='63cab48d5d94b251ac6fad3b', description='null'}-ac-chrld8z-shard-00-01.jgjryxb.mongodb.net:27017] INFO org.mongodb.driver.connection - Opened connection [connectionId{localValue:3, serverValue:165557}] to ac-chrld8z-shard-00-01.jgjryxb.mongodb.net:27017
16:34:38.864 [cluster-ClusterId{value='63cab48d5d94b251ac6fad3b', description='null'}-ac-chrld8z-shard-00-02.jgjryxb.mongodb.net:27017] INFO org.mongodb.driver.connection - Opened connection [connectionId{localValue:1, serverValue:165862}] to ac-chrld8z-shard-00-02.jgjryxb.mongodb.net:27017
16:34:38.864 [cluster-ClusterId{value='63cab48d5d94b251ac6fad3b', description='null'}-ac-chrld8z-shard-00-00.jgjryxb.mongodb.net:27017] INFO org.mongodb.driver.connection - Opened connection [connectionId{localValue:4, serverValue:168894}] to ac-chrld8z-shard-00-00.jgjryxb.mongodb.net:27017
16:34:38.864 [cluster-rtt-ClusterId{value='63cab48d5d94b251ac6fad3b', description='null'}-ac-chrld8z-shard-00-00.jgjryxb.mongodb.net:27017] INFO org.mongodb.driver.connection - Opened connection [connectionId{localValue:5, serverValue:168894}] to ac-chrld8z-shard-00-00.jgjryxb.mongodb.net:27017
16:34:38.864 [cluster-rtt-ClusterId{value='63cab48d5d94b251ac6fad3b', description='null'}-ac-chrld8z-shard-00-01.jgjryxb.mongodb.net:27017] INFO org.mongodb.driver.connection - Opened connection [connectionId{localValue:6, serverValue:165557}] to ac-chrld8z-shard-00-01.jgjryxb.mongodb.net:27017
16:34:38.864 [cluster-rtt-ClusterId{value='63cab48d5d94b251ac6fad3b', description='null'}-ac-chrld8z-shard-00-02.jgjryxb.mongodb.net:27017] INFO org.mongodb.driver.connection - Opened connection [connectionId{localValue:2, serverValue:165862}] to ac-chrld8z-shard-00-02.jgjryxb.mongodb.net:27017
16:34:38.885 [cluster-ClusterId{value='63cab48d5d94b251ac6fad3b', description='null'}-ac-chrld8z-shard-00-02.jgjryxb.mongodb.net:27017] INFO org.mongodb.driver.cluster - Monitor thread successfully connected to server with description ServerDescription{address=ac-chrld8z-shard-00-02.jgjryxb.mongodb.net:27017, type=REPLICA_SET_PRIMARY, state=CONNECTED, ok=true, minWireVersion=0, maxWireVersion=13, maxDocumentSize=16777216, logicalSessionTimeoutMinutes=30, roundTripTimeNanos=560138200, setName='atlas-se6cg8-shard-0', canonicalAddress=ac-chrld8z-shard-00-02.jgjryxb.mongodb.net:27017, hosts=[ac-chrld8z-shard-00-00.jgjryxb.mongodb.net:27017, ac-chrld8z-shard-00-02.jgjryxb.mongodb.net:27017, ac-chrld8z-shard-00-01.jgjryxb.mongodb.net:27017], passives=[], arbiters=[], primary='ac-chrld8z-shard-00-02.jgjryxb.mongodb.net:27017', tagSet=TagSet{[Tag{name='nodeType', value='ELECTABLE'}, Tag{name='provider', value='AWS'}, Tag{name='region', value='EU_WEST_3'}, Tag{name='workloadType', value='OPERATIONAL'}]}, electionId=7fffffff000000000000001c, setVersion=1, topologyVersion=TopologyVersion{processId=63c0153d7a1841ad2662f40e, counter=6}, lastWriteDate=Fri Jan 20 16:34:37 CET 2023, lastUpdateTimeNanos=806672075354500}
16:34:38.885 [cluster-ClusterId{value='63cab48d5d94b251ac6fad3b', description='null'}-ac-chrld8z-shard-00-00.jgjryxb.mongodb.net:27017] INFO org.mongodb.driver.cluster - Monitor thread successfully connected to server with description ServerDescription{address=ac-chrld8z-shard-00-00.jgjryxb.mongodb.net:27017, type=REPLICA_SET_SECONDARY, state=CONNECTED, ok=true, minWireVersion=0, maxWireVersion=13, maxDocumentSize=16777216, logicalSessionTimeoutMinutes=30, roundTripTimeNanos=561872600, setName='atlas-se6cg8-shard-0', canonicalAddress=ac-chrld8z-shard-00-00.jgjryxb.mongodb.net:27017, hosts=[ac-chrld8z-shard-00-00.jgjryxb.mongodb.net:27017, ac-chrld8z-shard-00-02.jgjryxb.mongodb.net:27017, ac-chrld8z-shard-00-01.jgjryxb.mongodb.net:27017], passives=[], arbiters=[], primary='ac-chrld8z-shard-00-02.jgjryxb.mongodb.net:27017', tagSet=TagSet{[Tag{name='nodeType', value='ELECTABLE'}, Tag{name='provider', value='AWS'}, Tag{name='region', value='EU_WEST_3'}, Tag{name='workloadType', value='OPERATIONAL'}]}, electionId=null, setVersion=1, topologyVersion=TopologyVersion{processId=63c0141e24b55518e53618c0, counter=4}, lastWriteDate=Fri Jan 20 16:34:37 CET 2023, lastUpdateTimeNanos=806672075594700}
16:34:38.885 [cluster-ClusterId{value='63cab48d5d94b251ac6fad3b', description='null'}-ac-chrld8z-shard-00-01.jgjryxb.mongodb.net:27017] INFO org.mongodb.driver.cluster - Monitor thread successfully connected to server with description ServerDescription{address=ac-chrld8z-shard-00-01.jgjryxb.mongodb.net:27017, type=REPLICA_SET_SECONDARY, state=CONNECTED, ok=true, minWireVersion=0, maxWireVersion=13, maxDocumentSize=16777216, logicalSessionTimeoutMinutes=30, roundTripTimeNanos=561124700, setName='atlas-se6cg8-shard-0', canonicalAddress=ac-chrld8z-shard-00-01.jgjryxb.mongodb.net:27017, hosts=[ac-chrld8z-shard-00-00.jgjryxb.mongodb.net:27017, ac-chrld8z-shard-00-02.jgjryxb.mongodb.net:27017, ac-chrld8z-shard-00-01.jgjryxb.mongodb.net:27017], passives=[], arbiters=[], primary='ac-chrld8z-shard-00-02.jgjryxb.mongodb.net:27017', tagSet=TagSet{[Tag{name='nodeType', value='ELECTABLE'}, Tag{name='provider', value='AWS'}, Tag{name='region', value='EU_WEST_3'}, Tag{name='workloadType', value='OPERATIONAL'}]}, electionId=null, setVersion=1, topologyVersion=TopologyVersion{processId=63c0164a8862cecbd79b2178, counter=3}, lastWriteDate=Fri Jan 20 16:34:37 CET 2023, lastUpdateTimeNanos=806672075354400}
16:34:38.890 [cluster-ClusterId{value='63cab48d5d94b251ac6fad3b', description='null'}-ac-chrld8z-shard-00-02.jgjryxb.mongodb.net:27017] DEBUG org.mongodb.driver.connection - Marking the connection pool for ServerId{clusterId=ClusterId{value='63cab48d5d94b251ac6fad3b', description='null'}, address=ac-chrld8z-shard-00-02.jgjryxb.mongodb.net:27017} as 'ready'
16:34:38.891 [MaintenanceTimer-2-thread-1] DEBUG org.mongodb.driver.connection - Pruning pooled connections to ac-chrld8z-shard-00-02.jgjryxb.mongodb.net:27017
16:34:38.896 [cluster-ClusterId{value='63cab48d5d94b251ac6fad3b', description='null'}-ac-chrld8z-shard-00-02.jgjryxb.mongodb.net:27017] INFO org.mongodb.driver.cluster - Setting max election id to 7fffffff000000000000001c from replica set primary ac-chrld8z-shard-00-02.jgjryxb.mongodb.net:27017
16:34:38.897 [cluster-ClusterId{value='63cab48d5d94b251ac6fad3b', description='null'}-ac-chrld8z-shard-00-02.jgjryxb.mongodb.net:27017] INFO org.mongodb.driver.cluster - Setting max set version to 1 from replica set primary ac-chrld8z-shard-00-02.jgjryxb.mongodb.net:27017
16:34:38.898 [cluster-ClusterId{value='63cab48d5d94b251ac6fad3b', description='null'}-ac-chrld8z-shard-00-02.jgjryxb.mongodb.net:27017] INFO org.mongodb.driver.cluster - Discovered replica set primary ac-chrld8z-shard-00-02.jgjryxb.mongodb.net:27017
16:34:38.903 [cluster-ClusterId{value='63cab48d5d94b251ac6fad3b', description='null'}-ac-chrld8z-shard-00-02.jgjryxb.mongodb.net:27017] DEBUG org.mongodb.driver.cluster - Updating cluster description to  {type=REPLICA_SET, servers=[{address=ac-chrld8z-shard-00-00.jgjryxb.mongodb.net:27017, type=UNKNOWN, state=CONNECTING}, {address=ac-chrld8z-shard-00-01.jgjryxb.mongodb.net:27017, type=UNKNOWN, state=CONNECTING}, {address=ac-chrld8z-shard-00-02.jgjryxb.mongodb.net:27017, type=REPLICA_SET_PRIMARY, TagSet{[Tag{name='nodeType', value='ELECTABLE'}, Tag{name='provider', value='AWS'}, Tag{name='region', value='EU_WEST_3'}, Tag{name='workloadType', value='OPERATIONAL'}]}, roundTripTime=560.1 ms, state=CONNECTED}]
16:34:38.904 [cluster-ClusterId{value='63cab48d5d94b251ac6fad3b', description='null'}-ac-chrld8z-shard-00-02.jgjryxb.mongodb.net:27017] DEBUG org.mongodb.driver.cluster - Checking status of ac-chrld8z-shard-00-02.jgjryxb.mongodb.net:27017
16:34:38.904 [cluster-ClusterId{value='63cab48d5d94b251ac6fad3b', description='null'}-ac-chrld8z-shard-00-01.jgjryxb.mongodb.net:27017] DEBUG org.mongodb.driver.connection - Marking the connection pool for ServerId{clusterId=ClusterId{value='63cab48d5d94b251ac6fad3b', description='null'}, address=ac-chrld8z-shard-00-01.jgjryxb.mongodb.net:27017} as 'ready'
16:34:38.905 [cluster-ClusterId{value='63cab48d5d94b251ac6fad3b', description='null'}-ac-chrld8z-shard-00-01.jgjryxb.mongodb.net:27017] DEBUG org.mongodb.driver.cluster - Updating cluster description to  {type=REPLICA_SET, servers=[{address=ac-chrld8z-shard-00-00.jgjryxb.mongodb.net:27017, type=UNKNOWN, state=CONNECTING}, {address=ac-chrld8z-shard-00-01.jgjryxb.mongodb.net:27017, type=REPLICA_SET_SECONDARY, TagSet{[Tag{name='nodeType', value='ELECTABLE'}, Tag{name='provider', value='AWS'}, Tag{name='region', value='EU_WEST_3'}, Tag{name='workloadType', value='OPERATIONAL'}]}, roundTripTime=561.1 ms, state=CONNECTED}, {address=ac-chrld8z-shard-00-02.jgjryxb.mongodb.net:27017, type=REPLICA_SET_PRIMARY, TagSet{[Tag{name='nodeType', value='ELECTABLE'}, Tag{name='provider', value='AWS'}, Tag{name='region', value='EU_WEST_3'}, Tag{name='workloadType', value='OPERATIONAL'}]}, roundTripTime=560.1 ms, state=CONNECTED}]
16:34:38.905 [MaintenanceTimer-6-thread-1] DEBUG org.mongodb.driver.connection - Pruning pooled connections to ac-chrld8z-shard-00-01.jgjryxb.mongodb.net:27017
16:34:38.905 [cluster-ClusterId{value='63cab48d5d94b251ac6fad3b', description='null'}-ac-chrld8z-shard-00-01.jgjryxb.mongodb.net:27017] DEBUG org.mongodb.driver.cluster - Checking status of ac-chrld8z-shard-00-01.jgjryxb.mongodb.net:27017
16:34:38.908 [cluster-ClusterId{value='63cab48d5d94b251ac6fad3b', description='null'}-ac-chrld8z-shard-00-00.jgjryxb.mongodb.net:27017] DEBUG org.mongodb.driver.connection - Marking the connection pool for ServerId{clusterId=ClusterId{value='63cab48d5d94b251ac6fad3b', description='null'}, address=ac-chrld8z-shard-00-00.jgjryxb.mongodb.net:27017} as 'ready'
16:34:38.909 [cluster-ClusterId{value='63cab48d5d94b251ac6fad3b', description='null'}-ac-chrld8z-shard-00-00.jgjryxb.mongodb.net:27017] DEBUG org.mongodb.driver.cluster - Updating cluster description to  {type=REPLICA_SET, servers=[{address=ac-chrld8z-shard-00-00.jgjryxb.mongodb.net:27017, type=REPLICA_SET_SECONDARY, TagSet{[Tag{name='nodeType', value='ELECTABLE'}, Tag{name='provider', value='AWS'}, Tag{name='region', value='EU_WEST_3'}, Tag{name='workloadType', value='OPERATIONAL'}]}, roundTripTime=561.9 ms, state=CONNECTED}, {address=ac-chrld8z-shard-00-01.jgjryxb.mongodb.net:27017, type=REPLICA_SET_SECONDARY, TagSet{[Tag{name='nodeType', value='ELECTABLE'}, Tag{name='provider', value='AWS'}, Tag{name='region', value='EU_WEST_3'}, Tag{name='workloadType', value='OPERATIONAL'}]}, roundTripTime=561.1 ms, state=CONNECTED}, {address=ac-chrld8z-shard-00-02.jgjryxb.mongodb.net:27017, type=REPLICA_SET_PRIMARY, TagSet{[Tag{name='nodeType', value='ELECTABLE'}, Tag{name='provider', value='AWS'}, Tag{name='region', value='EU_WEST_3'}, Tag{name='workloadType', value='OPERATIONAL'}]}, roundTripTime=560.1 ms, state=CONNECTED}]
16:34:38.909 [cluster-ClusterId{value='63cab48d5d94b251ac6fad3b', description='null'}-ac-chrld8z-shard-00-00.jgjryxb.mongodb.net:27017] DEBUG org.mongodb.driver.cluster - Checking status of ac-chrld8z-shard-00-00.jgjryxb.mongodb.net:27017
16:34:38.914 [MaintenanceTimer-4-thread-1] DEBUG org.mongodb.driver.connection - Pruning pooled connections to ac-chrld8z-shard-00-00.jgjryxb.mongodb.net:27017
16:34:39.295 [async-channel-group-0-handler-executor] INFO org.mongodb.driver.connection - Opened connection [connectionId{localValue:7, serverValue:165846}] to ac-chrld8z-shard-00-02.jgjryxb.mongodb.net:27017
16:34:39.310 [async-channel-group-0-handler-executor] DEBUG org.mongodb.driver.operation - retryWrites set but one or more writeRequests do not support retryable writes
16:34:39.384 [async-channel-group-0-handler-executor] DEBUG org.mongodb.driver.protocol.command - Sending command '{"delete": "customer", "ordered": true, "$db": "tennisLab", "lsid": {"id": {"$binary": {"base64": "31fjhMMWQCKNUCr4p7T92g==", "subType": "04"}}}, "deletes": [{"q": {}, "limit": 0}]}' with request id 13 to database tennisLab on connection [connectionId{localValue:7, serverValue:165846}] to server ac-chrld8z-shard-00-02.jgjryxb.mongodb.net:27017
16:34:39.414 [async-channel-group-0-handler-executor] DEBUG org.mongodb.driver.protocol.command - Execution of command with request id 13 completed successfully in 45.43 ms on connection [connectionId{localValue:7, serverValue:165846}] to server ac-chrld8z-shard-00-02.jgjryxb.mongodb.net:27017
16:34:39.487 [Test worker @coroutine#3] DEBUG repositories.users.CustomerRepositoryImpl - Salvando cliente: Customer(id=63cab48d5d94b251ac6fad3c, name=Cliente, surname=Test, email=email, password=123456, available=true, orderList=[], tennisRacketsList=[])
16:34:40.545 [AsyncGetter-3-thread-1] DEBUG org.mongodb.driver.protocol.command - Sending command '{"update": "customer", "ordered": true, "txnNumber": 1, "$db": "tennisLab", "$clusterTime": {"clusterTime": {"$timestamp": {"t": 1674228877, "i": 1}}, "signature": {"hash": {"$binary": {"base64": "uO3YaGVqcOeHrx4Gw0NER7Qo9bY=", "subType": "00"}}, "keyId": 7140997052225290242}}, "lsid": {"id": {"$binary": {"base64": "31fjhMMWQCKNUCr4p7T92g==", "subType": "04"}}}, "updates": [{"q": {"_id": {"$oid": "63cab48d5d94b251ac6fad3c"}}, "u": {"_id": {"$oid": "63cab48d5d94b251ac6fad3c"}, "name": "Cliente", "surname": "Test", "email": "email", "password": "123456", "available": true, "orderList": [], "tennisRacketsList": []}, "upsert": true}]}' with request id 14 to database tennisLab on connection [connectionId{localValue:7, serverValue:165846}] to server ac-chrld8z-shard-00-02.jgjryxb.mongodb.net:27017
16:34:40.584 [async-channel-group-0-handler-executor] DEBUG org.mongodb.driver.protocol.command - Execution of command with request id 14 completed successfully in 41.52 ms on connection [connectionId{localValue:7, serverValue:165846}] to server ac-chrld8z-shard-00-02.jgjryxb.mongodb.net:27017
16:34:40.594 [Test worker @background work runner#4] DEBUG repositories.users.CustomerRepositoryImpl - Eliminando cliente: Customer(id=63cab48d5d94b251ac6fad3c, name=Cliente, surname=Test, email=email, password=123456, available=true, orderList=[], tennisRacketsList=[])
16:34:40.603 [AsyncGetter-3-thread-1] DEBUG org.mongodb.driver.protocol.command - Sending command '{"update": "customer", "ordered": true, "txnNumber": 2, "$db": "tennisLab", "$clusterTime": {"clusterTime": {"$timestamp": {"t": 1674228879, "i": 2}}, "signature": {"hash": {"$binary": {"base64": "DKn+SXkiUAia9kmZNK7H+PlUBv8=", "subType": "00"}}, "keyId": 7140997052225290242}}, "lsid": {"id": {"$binary": {"base64": "31fjhMMWQCKNUCr4p7T92g==", "subType": "04"}}}, "updates": [{"q": {"_id": {"$oid": "63cab48d5d94b251ac6fad3c"}}, "u": {"$set": {"available": false}}}]}' with request id 15 to database tennisLab on connection [connectionId{localValue:7, serverValue:165846}] to server ac-chrld8z-shard-00-02.jgjryxb.mongodb.net:27017
16:34:40.635 [async-channel-group-0-handler-executor] DEBUG org.mongodb.driver.protocol.command - Execution of command with request id 15 completed successfully in 33.86 ms on connection [connectionId{localValue:7, serverValue:165846}] to server ac-chrld8z-shard-00-02.jgjryxb.mongodb.net:27017
16:34:40.659 [Test worker @coroutine#6] DEBUG repositories.users.CustomerRepositoryImpl - Elminando todos los clientes
16:34:40.660 [AsyncGetter-3-thread-1] DEBUG org.mongodb.driver.operation - retryWrites set but one or more writeRequests do not support retryable writes
16:34:40.662 [AsyncGetter-3-thread-1] DEBUG org.mongodb.driver.protocol.command - Sending command '{"delete": "customer", "ordered": true, "$db": "tennisLab", "$clusterTime": {"clusterTime": {"$timestamp": {"t": 1674228879, "i": 3}}, "signature": {"hash": {"$binary": {"base64": "DKn+SXkiUAia9kmZNK7H+PlUBv8=", "subType": "00"}}, "keyId": 7140997052225290242}}, "lsid": {"id": {"$binary": {"base64": "31fjhMMWQCKNUCr4p7T92g==", "subType": "04"}}}, "deletes": [{"q": {}, "limit": 0}]}' with request id 16 to database tennisLab on connection [connectionId{localValue:7, serverValue:165846}] to server ac-chrld8z-shard-00-02.jgjryxb.mongodb.net:27017
16:34:40.696 [async-channel-group-0-handler-executor] DEBUG org.mongodb.driver.protocol.command - Execution of command with request id 16 completed successfully in 34.72 ms on connection [connectionId{localValue:7, serverValue:165846}] to server ac-chrld8z-shard-00-02.jgjryxb.mongodb.net:27017
16:34:40.701 [Test worker @coroutine#8] DEBUG repositories.users.CustomerRepositoryImpl - Salvando cliente: Customer(id=63cab4905d94b251ac6fad3d, name=Cliente, surname=Test, email=email, password=123456, available=true, orderList=[], tennisRacketsList=[])
16:34:40.705 [AsyncGetter-3-thread-1] DEBUG org.mongodb.driver.protocol.command - Sending command '{"update": "customer", "ordered": true, "txnNumber": 3, "$db": "tennisLab", "$clusterTime": {"clusterTime": {"$timestamp": {"t": 1674228879, "i": 4}}, "signature": {"hash": {"$binary": {"base64": "DKn+SXkiUAia9kmZNK7H+PlUBv8=", "subType": "00"}}, "keyId": 7140997052225290242}}, "lsid": {"id": {"$binary": {"base64": "31fjhMMWQCKNUCr4p7T92g==", "subType": "04"}}}, "updates": [{"q": {"_id": {"$oid": "63cab4905d94b251ac6fad3d"}}, "u": {"_id": {"$oid": "63cab4905d94b251ac6fad3d"}, "name": "Cliente", "surname": "Test", "email": "email", "password": "123456", "available": true, "orderList": [], "tennisRacketsList": []}, "upsert": true}]}' with request id 17 to database tennisLab on connection [connectionId{localValue:7, serverValue:165846}] to server ac-chrld8z-shard-00-02.jgjryxb.mongodb.net:27017
16:34:40.747 [async-channel-group-0-handler-executor] DEBUG org.mongodb.driver.protocol.command - Execution of command with request id 17 completed successfully in 43.71 ms on connection [connectionId{localValue:7, serverValue:165846}] to server ac-chrld8z-shard-00-02.jgjryxb.mongodb.net:27017
16:34:40.750 [Test worker @background work runner#9] DEBUG repositories.users.CustomerRepositoryImpl - Buscando clientes
16:34:40.841 [AsyncGetter-3-thread-1] DEBUG org.mongodb.driver.protocol.command - Sending command '{"find": "customer", "filter": {}, "batchSize": 64, "$db": "tennisLab", "$clusterTime": {"clusterTime": {"$timestamp": {"t": 1674228879, "i": 5}}, "signature": {"hash": {"$binary": {"base64": "DKn+SXkiUAia9kmZNK7H+PlUBv8=", "subType": "00"}}, "keyId": 7140997052225290242}}, "lsid": {"id": {"$binary": {"base64": "31fjhMMWQCKNUCr4p7T92g==", "subType": "04"}}}}' with request id 18 to database tennisLab on connection [connectionId{localValue:7, serverValue:165846}] to server ac-chrld8z-shard-00-02.jgjryxb.mongodb.net:27017
16:34:40.869 [async-channel-group-0-handler-executor] DEBUG org.mongodb.driver.protocol.command - Execution of command with request id 18 completed successfully in 29.63 ms on connection [connectionId{localValue:7, serverValue:165846}] to server ac-chrld8z-shard-00-02.jgjryxb.mongodb.net:27017
16:34:40.968 [async-channel-group-0-handler-executor] DEBUG org.mongodb.driver.operation - Received batch of 1 documents with cursorId 0 from server ac-chrld8z-shard-00-02.jgjryxb.mongodb.net:27017
16:34:40.989 [Test worker @coroutine#12] DEBUG repositories.users.CustomerRepositoryImpl - Elminando todos los clientes
16:34:40.990 [AsyncGetter-3-thread-1] DEBUG org.mongodb.driver.operation - retryWrites set but one or more writeRequests do not support retryable writes
16:34:40.995 [AsyncGetter-3-thread-1] DEBUG org.mongodb.driver.protocol.command - Sending command '{"delete": "customer", "ordered": true, "$db": "tennisLab", "$clusterTime": {"clusterTime": {"$timestamp": {"t": 1674228879, "i": 5}}, "signature": {"hash": {"$binary": {"base64": "DKn+SXkiUAia9kmZNK7H+PlUBv8=", "subType": "00"}}, "keyId": 7140997052225290242}}, "lsid": {"id": {"$binary": {"base64": "31fjhMMWQCKNUCr4p7T92g==", "subType": "04"}}}, "deletes": [{"q": {}, "limit": 0}]}' with request id 19 to database tennisLab on connection [connectionId{localValue:7, serverValue:165846}] to server ac-chrld8z-shard-00-02.jgjryxb.mongodb.net:27017
16:34:41.032 [async-channel-group-0-handler-executor] DEBUG org.mongodb.driver.protocol.command - Execution of command with request id 19 completed successfully in 40.63 ms on connection [connectionId{localValue:7, serverValue:165846}] to server ac-chrld8z-shard-00-02.jgjryxb.mongodb.net:27017
16:34:41.037 [Test worker @coroutine#14] DEBUG repositories.users.CustomerRepositoryImpl - Salvando cliente: Customer(id=63cab4905d94b251ac6fad3e, name=Cliente, surname=Test, email=email, password=123456, available=true, orderList=[], tennisRacketsList=[])
16:34:41.042 [AsyncGetter-3-thread-1] DEBUG org.mongodb.driver.protocol.command - Sending command '{"update": "customer", "ordered": true, "txnNumber": 4, "$db": "tennisLab", "$clusterTime": {"clusterTime": {"$timestamp": {"t": 1674228880, "i": 1}}, "signature": {"hash": {"$binary": {"base64": "5b23vUm1L/yFJWEE83TyJXVmOTo=", "subType": "00"}}, "keyId": 7140997052225290242}}, "lsid": {"id": {"$binary": {"base64": "31fjhMMWQCKNUCr4p7T92g==", "subType": "04"}}}, "updates": [{"q": {"_id": {"$oid": "63cab4905d94b251ac6fad3e"}}, "u": {"_id": {"$oid": "63cab4905d94b251ac6fad3e"}, "name": "Cliente", "surname": "Test", "email": "email", "password": "123456", "available": true, "orderList": [], "tennisRacketsList": []}, "upsert": true}]}' with request id 20 to database tennisLab on connection [connectionId{localValue:7, serverValue:165846}] to server ac-chrld8z-shard-00-02.jgjryxb.mongodb.net:27017
16:34:41.076 [async-channel-group-0-handler-executor] DEBUG org.mongodb.driver.protocol.command - Execution of command with request id 20 completed successfully in 34.45 ms on connection [connectionId{localValue:7, serverValue:165846}] to server ac-chrld8z-shard-00-02.jgjryxb.mongodb.net:27017
16:34:41.083 [Test worker @background work runner#15] DEBUG repositories.users.CustomerRepositoryImpl - Actualizando cliente: Customer(id=63cab4905d94b251ac6fad3e, name=Cliente, surname=Test, email=nuevoemail@gmail.com, password=123456, available=true, orderList=[], tennisRacketsList=[])
16:34:41.089 [AsyncGetter-3-thread-1] DEBUG org.mongodb.driver.protocol.command - Sending command '{"update": "customer", "ordered": true, "txnNumber": 5, "$db": "tennisLab", "$clusterTime": {"clusterTime": {"$timestamp": {"t": 1674228880, "i": 2}}, "signature": {"hash": {"$binary": {"base64": "5b23vUm1L/yFJWEE83TyJXVmOTo=", "subType": "00"}}, "keyId": 7140997052225290242}}, "lsid": {"id": {"$binary": {"base64": "31fjhMMWQCKNUCr4p7T92g==", "subType": "04"}}}, "updates": [{"q": {"_id": {"$oid": "63cab4905d94b251ac6fad3e"}}, "u": {"$set": {"_id": {"$oid": "63cab4905d94b251ac6fad3e"}, "name": "Cliente", "surname": "Test", "email": "nuevoemail@gmail.com", "password": "123456", "available": true, "orderList": [], "tennisRacketsList": []}}}]}' with request id 21 to database tennisLab on connection [connectionId{localValue:7, serverValue:165846}] to server ac-chrld8z-shard-00-02.jgjryxb.mongodb.net:27017
16:34:41.125 [async-channel-group-0-handler-executor] DEBUG org.mongodb.driver.protocol.command - Execution of command with request id 21 completed successfully in 36.70 ms on connection [connectionId{localValue:7, serverValue:165846}] to server ac-chrld8z-shard-00-02.jgjryxb.mongodb.net:27017
16:34:41.131 [Test worker @coroutine#17] DEBUG repositories.users.CustomerRepositoryImpl - Elminando todos los clientes
16:34:41.133 [AsyncGetter-3-thread-1] DEBUG org.mongodb.driver.operation - retryWrites set but one or more writeRequests do not support retryable writes
16:34:41.136 [AsyncGetter-3-thread-1] DEBUG org.mongodb.driver.protocol.command - Sending command '{"delete": "customer", "ordered": true, "$db": "tennisLab", "$clusterTime": {"clusterTime": {"$timestamp": {"t": 1674228880, "i": 3}}, "signature": {"hash": {"$binary": {"base64": "5b23vUm1L/yFJWEE83TyJXVmOTo=", "subType": "00"}}, "keyId": 7140997052225290242}}, "lsid": {"id": {"$binary": {"base64": "31fjhMMWQCKNUCr4p7T92g==", "subType": "04"}}}, "deletes": [{"q": {}, "limit": 0}]}' with request id 22 to database tennisLab on connection [connectionId{localValue:7, serverValue:165846}] to server ac-chrld8z-shard-00-02.jgjryxb.mongodb.net:27017
16:34:41.169 [async-channel-group-0-handler-executor] DEBUG org.mongodb.driver.protocol.command - Execution of command with request id 22 completed successfully in 35.10 ms on connection [connectionId{localValue:7, serverValue:165846}] to server ac-chrld8z-shard-00-02.jgjryxb.mongodb.net:27017
16:34:41.172 [Test worker @coroutine#19] DEBUG repositories.users.CustomerRepositoryImpl - Salvando cliente: Customer(id=63cab4915d94b251ac6fad3f, name=Cliente, surname=Test, email=email, password=123456, available=true, orderList=[], tennisRacketsList=[])
16:34:41.176 [AsyncGetter-3-thread-1] DEBUG org.mongodb.driver.protocol.command - Sending command '{"update": "customer", "ordered": true, "txnNumber": 6, "$db": "tennisLab", "$clusterTime": {"clusterTime": {"$timestamp": {"t": 1674228880, "i": 4}}, "signature": {"hash": {"$binary": {"base64": "5b23vUm1L/yFJWEE83TyJXVmOTo=", "subType": "00"}}, "keyId": 7140997052225290242}}, "lsid": {"id": {"$binary": {"base64": "31fjhMMWQCKNUCr4p7T92g==", "subType": "04"}}}, "updates": [{"q": {"_id": {"$oid": "63cab4915d94b251ac6fad3f"}}, "u": {"_id": {"$oid": "63cab4915d94b251ac6fad3f"}, "name": "Cliente", "surname": "Test", "email": "email", "password": "123456", "available": true, "orderList": [], "tennisRacketsList": []}, "upsert": true}]}' with request id 23 to database tennisLab on connection [connectionId{localValue:7, serverValue:165846}] to server ac-chrld8z-shard-00-02.jgjryxb.mongodb.net:27017
16:34:41.209 [async-channel-group-0-handler-executor] DEBUG org.mongodb.driver.protocol.command - Execution of command with request id 23 completed successfully in 34.58 ms on connection [connectionId{localValue:7, serverValue:165846}] to server ac-chrld8z-shard-00-02.jgjryxb.mongodb.net:27017
16:34:41.215 [Test worker @background work runner#20] DEBUG repositories.users.CustomerRepositoryImpl - Buscando cliente con id: 63cab4915d94b251ac6fad3f
16:34:41.219 [AsyncGetter-3-thread-1] DEBUG org.mongodb.driver.protocol.command - Sending command '{"find": "customer", "filter": {"_id": {"$oid": "63cab4915d94b251ac6fad3f"}}, "limit": 1, "singleBatch": true, "$db": "tennisLab", "$clusterTime": {"clusterTime": {"$timestamp": {"t": 1674228880, "i": 5}}, "signature": {"hash": {"$binary": {"base64": "5b23vUm1L/yFJWEE83TyJXVmOTo=", "subType": "00"}}, "keyId": 7140997052225290242}}, "lsid": {"id": {"$binary": {"base64": "31fjhMMWQCKNUCr4p7T92g==", "subType": "04"}}}}' with request id 24 to database tennisLab on connection [connectionId{localValue:7, serverValue:165846}] to server ac-chrld8z-shard-00-02.jgjryxb.mongodb.net:27017
16:34:41.247 [async-channel-group-0-handler-executor] DEBUG org.mongodb.driver.protocol.command - Execution of command with request id 24 completed successfully in 29.14 ms on connection [connectionId{localValue:7, serverValue:165846}] to server ac-chrld8z-shard-00-02.jgjryxb.mongodb.net:27017
16:34:41.250 [async-channel-group-0-handler-executor] DEBUG org.mongodb.driver.operation - Received batch of 1 documents with cursorId 0 from server ac-chrld8z-shard-00-02.jgjryxb.mongodb.net:27017
16:34:41.260 [Test worker @coroutine#22] DEBUG repositories.users.CustomerRepositoryImpl - Elminando todos los clientes
16:34:41.262 [AsyncGetter-3-thread-1] DEBUG org.mongodb.driver.operation - retryWrites set but one or more writeRequests do not support retryable writes
16:34:41.264 [AsyncGetter-3-thread-1] DEBUG org.mongodb.driver.protocol.command - Sending command '{"delete": "customer", "ordered": true, "$db": "tennisLab", "$clusterTime": {"clusterTime": {"$timestamp": {"t": 1674228880, "i": 5}}, "signature": {"hash": {"$binary": {"base64": "5b23vUm1L/yFJWEE83TyJXVmOTo=", "subType": "00"}}, "keyId": 7140997052225290242}}, "lsid": {"id": {"$binary": {"base64": "31fjhMMWQCKNUCr4p7T92g==", "subType": "04"}}}, "deletes": [{"q": {}, "limit": 0}]}' with request id 25 to database tennisLab on connection [connectionId{localValue:7, serverValue:165846}] to server ac-chrld8z-shard-00-02.jgjryxb.mongodb.net:27017
16:34:41.297 [async-channel-group-0-handler-executor] DEBUG org.mongodb.driver.protocol.command - Execution of command with request id 25 completed successfully in 34.03 ms on connection [connectionId{localValue:7, serverValue:165846}] to server ac-chrld8z-shard-00-02.jgjryxb.mongodb.net:27017
16:34:41.300 [Test worker @coroutine#24] DEBUG repositories.users.CustomerRepositoryImpl - Salvando cliente: Customer(id=63cab4915d94b251ac6fad40, name=Cliente, surname=Test, email=email, password=123456, available=true, orderList=[], tennisRacketsList=[])
16:34:41.304 [AsyncGetter-3-thread-1] DEBUG org.mongodb.driver.protocol.command - Sending command '{"update": "customer", "ordered": true, "txnNumber": 7, "$db": "tennisLab", "$clusterTime": {"clusterTime": {"$timestamp": {"t": 1674228880, "i": 6}}, "signature": {"hash": {"$binary": {"base64": "5b23vUm1L/yFJWEE83TyJXVmOTo=", "subType": "00"}}, "keyId": 7140997052225290242}}, "lsid": {"id": {"$binary": {"base64": "31fjhMMWQCKNUCr4p7T92g==", "subType": "04"}}}, "updates": [{"q": {"_id": {"$oid": "63cab4915d94b251ac6fad40"}}, "u": {"_id": {"$oid": "63cab4915d94b251ac6fad40"}, "name": "Cliente", "surname": "Test", "email": "email", "password": "123456", "available": true, "orderList": [], "tennisRacketsList": []}, "upsert": true}]}' with request id 26 to database tennisLab on connection [connectionId{localValue:7, serverValue:165846}] to server ac-chrld8z-shard-00-02.jgjryxb.mongodb.net:27017
16:34:41.337 [async-channel-group-0-handler-executor] DEBUG org.mongodb.driver.protocol.command - Execution of command with request id 26 completed successfully in 34.14 ms on connection [connectionId{localValue:7, serverValue:165846}] to server ac-chrld8z-shard-00-02.jgjryxb.mongodb.net:27017
16:34:41.338 [Test worker @background work runner#25] DEBUG repositories.users.CustomerRepositoryImpl - Elminando todos los clientes
16:34:41.339 [AsyncGetter-3-thread-1] DEBUG org.mongodb.driver.operation - retryWrites set but one or more writeRequests do not support retryable writes
16:34:41.341 [AsyncGetter-3-thread-1] DEBUG org.mongodb.driver.protocol.command - Sending command '{"delete": "customer", "ordered": true, "$db": "tennisLab", "$clusterTime": {"clusterTime": {"$timestamp": {"t": 1674228880, "i": 7}}, "signature": {"hash": {"$binary": {"base64": "5b23vUm1L/yFJWEE83TyJXVmOTo=", "subType": "00"}}, "keyId": 7140997052225290242}}, "lsid": {"id": {"$binary": {"base64": "31fjhMMWQCKNUCr4p7T92g==", "subType": "04"}}}, "deletes": [{"q": {}, "limit": 0}]}' with request id 27 to database tennisLab on connection [connectionId{localValue:7, serverValue:165846}] to server ac-chrld8z-shard-00-02.jgjryxb.mongodb.net:27017
16:34:41.374 [async-channel-group-0-handler-executor] DEBUG org.mongodb.driver.protocol.command - Execution of command with request id 27 completed successfully in 33.31 ms on connection [connectionId{localValue:7, serverValue:165846}] to server ac-chrld8z-shard-00-02.jgjryxb.mongodb.net:27017
16:34:41.379 [Test worker @coroutine#27] DEBUG repositories.users.CustomerRepositoryImpl - Elminando todos los clientes
16:34:41.380 [AsyncGetter-3-thread-1] DEBUG org.mongodb.driver.operation - retryWrites set but one or more writeRequests do not support retryable writes
16:34:41.383 [AsyncGetter-3-thread-1] DEBUG org.mongodb.driver.protocol.command - Sending command '{"delete": "customer", "ordered": true, "$db": "tennisLab", "$clusterTime": {"clusterTime": {"$timestamp": {"t": 1674228880, "i": 8}}, "signature": {"hash": {"$binary": {"base64": "5b23vUm1L/yFJWEE83TyJXVmOTo=", "subType": "00"}}, "keyId": 7140997052225290242}}, "lsid": {"id": {"$binary": {"base64": "31fjhMMWQCKNUCr4p7T92g==", "subType": "04"}}}, "deletes": [{"q": {}, "limit": 0}]}' with request id 28 to database tennisLab on connection [connectionId{localValue:7, serverValue:165846}] to server ac-chrld8z-shard-00-02.jgjryxb.mongodb.net:27017
16:34:41.414 [async-channel-group-0-handler-executor] DEBUG org.mongodb.driver.protocol.command - Execution of command with request id 28 completed successfully in 31.78 ms on connection [connectionId{localValue:7, serverValue:165846}] to server ac-chrld8z-shard-00-02.jgjryxb.mongodb.net:27017
16:34:41.417 [Test worker @coroutine#29] DEBUG repositories.users.CustomerRepositoryImpl - Salvando cliente: Customer(id=63cab4915d94b251ac6fad41, name=Cliente, surname=Test, email=email, password=123456, available=true, orderList=[], tennisRacketsList=[])
16:34:41.420 [AsyncGetter-3-thread-1] DEBUG org.mongodb.driver.protocol.command - Sending command '{"update": "customer", "ordered": true, "txnNumber": 8, "$db": "tennisLab", "$clusterTime": {"clusterTime": {"$timestamp": {"t": 1674228880, "i": 8}}, "signature": {"hash": {"$binary": {"base64": "5b23vUm1L/yFJWEE83TyJXVmOTo=", "subType": "00"}}, "keyId": 7140997052225290242}}, "lsid": {"id": {"$binary": {"base64": "31fjhMMWQCKNUCr4p7T92g==", "subType": "04"}}}, "updates": [{"q": {"_id": {"$oid": "63cab4915d94b251ac6fad41"}}, "u": {"_id": {"$oid": "63cab4915d94b251ac6fad41"}, "name": "Cliente", "surname": "Test", "email": "email", "password": "123456", "available": true, "orderList": [], "tennisRacketsList": []}, "upsert": true}]}' with request id 29 to database tennisLab on connection [connectionId{localValue:7, serverValue:165846}] to server ac-chrld8z-shard-00-02.jgjryxb.mongodb.net:27017
16:34:41.453 [async-channel-group-0-handler-executor] DEBUG org.mongodb.driver.protocol.command - Execution of command with request id 29 completed successfully in 33.84 ms on connection [connectionId{localValue:7, serverValue:165846}] to server ac-chrld8z-shard-00-02.jgjryxb.mongodb.net:27017
16:34:41.458 [Test worker @coroutine#31] DEBUG repositories.users.CustomerRepositoryImpl - Elminando todos los clientes
16:34:41.459 [AsyncGetter-3-thread-1] DEBUG org.mongodb.driver.operation - retryWrites set but one or more writeRequests do not support retryable writes
16:34:41.462 [AsyncGetter-3-thread-1] DEBUG org.mongodb.driver.protocol.command - Sending command '{"delete": "customer", "ordered": true, "$db": "tennisLab", "$clusterTime": {"clusterTime": {"$timestamp": {"t": 1674228880, "i": 9}}, "signature": {"hash": {"$binary": {"base64": "5b23vUm1L/yFJWEE83TyJXVmOTo=", "subType": "00"}}, "keyId": 7140997052225290242}}, "lsid": {"id": {"$binary": {"base64": "31fjhMMWQCKNUCr4p7T92g==", "subType": "04"}}}, "deletes": [{"q": {}, "limit": 0}]}' with request id 30 to database tennisLab on connection [connectionId{localValue:7, serverValue:165846}] to server ac-chrld8z-shard-00-02.jgjryxb.mongodb.net:27017
16:34:41.494 [async-channel-group-0-handler-executor] DEBUG org.mongodb.driver.protocol.command - Execution of command with request id 30 completed successfully in 33.73 ms on connection [connectionId{localValue:7, serverValue:165846}] to server ac-chrld8z-shard-00-02.jgjryxb.mongodb.net:27017
16:34:41.499 [Test worker @coroutine#33] DEBUG repositories.users.CustomerRepositoryImpl - Salvando cliente: Customer(id=63cab4915d94b251ac6fad42, name=Cliente, surname=Test, email=email, password=123456, available=true, orderList=[], tennisRacketsList=[])
16:34:41.503 [AsyncGetter-3-thread-1] DEBUG org.mongodb.driver.protocol.command - Sending command '{"update": "customer", "ordered": true, "txnNumber": 9, "$db": "tennisLab", "$clusterTime": {"clusterTime": {"$timestamp": {"t": 1674228880, "i": 10}}, "signature": {"hash": {"$binary": {"base64": "5b23vUm1L/yFJWEE83TyJXVmOTo=", "subType": "00"}}, "keyId": 7140997052225290242}}, "lsid": {"id": {"$binary": {"base64": "31fjhMMWQCKNUCr4p7T92g==", "subType": "04"}}}, "updates": [{"q": {"_id": {"$oid": "63cab4915d94b251ac6fad42"}}, "u": {"_id": {"$oid": "63cab4915d94b251ac6fad42"}, "name": "Cliente", "surname": "Test", "email": "email", "password": "123456", "available": true, "orderList": [], "tennisRacketsList": []}, "upsert": true}]}' with request id 31 to database tennisLab on connection [connectionId{localValue:7, serverValue:165846}] to server ac-chrld8z-shard-00-02.jgjryxb.mongodb.net:27017
16:34:41.538 [async-channel-group-0-handler-executor] DEBUG org.mongodb.driver.protocol.command - Execution of command with request id 31 completed successfully in 35.78 ms on connection [connectionId{localValue:7, serverValue:165846}] to server ac-chrld8z-shard-00-02.jgjryxb.mongodb.net:27017
16:34:41.541 [Test worker @background work runner#34] DEBUG repositories.users.CustomerRepositoryImpl - Buscando cliente con email: email
16:34:41.558 [AsyncGetter-3-thread-1] DEBUG org.mongodb.driver.protocol.command - Sending command '{"find": "customer", "filter": {"email": "email"}, "limit": 1, "singleBatch": true, "$db": "tennisLab", "$clusterTime": {"clusterTime": {"$timestamp": {"t": 1674228880, "i": 11}}, "signature": {"hash": {"$binary": {"base64": "5b23vUm1L/yFJWEE83TyJXVmOTo=", "subType": "00"}}, "keyId": 7140997052225290242}}, "lsid": {"id": {"$binary": {"base64": "31fjhMMWQCKNUCr4p7T92g==", "subType": "04"}}}}' with request id 32 to database tennisLab on connection [connectionId{localValue:7, serverValue:165846}] to server ac-chrld8z-shard-00-02.jgjryxb.mongodb.net:27017
16:34:41.588 [async-channel-group-0-handler-executor] DEBUG org.mongodb.driver.protocol.command - Execution of command with request id 32 completed successfully in 30.18 ms on connection [connectionId{localValue:7, serverValue:165846}] to server ac-chrld8z-shard-00-02.jgjryxb.mongodb.net:27017
16:34:41.589 [async-channel-group-0-handler-executor] DEBUG org.mongodb.driver.operation - Received batch of 1 documents with cursorId 0 from server ac-chrld8z-shard-00-02.jgjryxb.mongodb.net:27017
]]></system-out>
  <system-err><![CDATA[]]></system-err>
</testsuite>
