<?xml version="1.0" encoding="UTF-8"?>
<testsuite name="repositories.machines.StringerRepositoryImplTest" tests="6" skipped="0" failures="0" errors="0" timestamp="2023-01-25T16:07:25" hostname="RO-PC" time="1.33">
  <properties/>
  <testcase name="delete()" classname="repositories.machines.StringerRepositoryImplTest" time="0.715"/>
  <testcase name="findAll()" classname="repositories.machines.StringerRepositoryImplTest" time="0.131"/>
  <testcase name="update()" classname="repositories.machines.StringerRepositoryImplTest" time="0.118"/>
  <testcase name="findById()" classname="repositories.machines.StringerRepositoryImplTest" time="0.143"/>
  <testcase name="deleteAll()" classname="repositories.machines.StringerRepositoryImplTest" time="0.145"/>
  <testcase name="save()" classname="repositories.machines.StringerRepositoryImplTest" time="0.074"/>
  <system-out><![CDATA[17:07:25.888 [Test worker @coroutine#197] DEBUG repositories.machines.StringerRepositoryImpl - Eliminando todas las encordadoras
17:07:25.890 [AsyncGetter-3-thread-1] DEBUG org.mongodb.driver.operation - retryWrites set but one or more writeRequests do not support retryable writes
17:07:25.892 [AsyncGetter-3-thread-1] DEBUG org.mongodb.driver.protocol.command - Sending command '{"delete": "stringer", "ordered": true, "$db": "tennisLab", "$clusterTime": {"clusterTime": {"$timestamp": {"t": 1674662844, "i": 5}}, "signature": {"hash": {"$binary": {"base64": "e4fGbT0f1w95o23Gon5Hi21L3lk=", "subType": "00"}}, "keyId": 7140997052225290242}}, "lsid": {"id": {"$binary": {"base64": "4QxgNiEfTyK8Bl7OjiY/Hw==", "subType": "04"}}}, "deletes": [{"q": {}, "limit": 0}]}' with request id 30 to database tennisLab on connection [connectionId{localValue:7, serverValue:264873}] to server ac-chrld8z-shard-00-02.jgjryxb.mongodb.net:27017
17:07:25.945 [async-channel-group-0-handler-executor] DEBUG org.mongodb.driver.protocol.command - Execution of command with request id 30 completed successfully in 53.66 ms on connection [connectionId{localValue:7, serverValue:264873}] to server ac-chrld8z-shard-00-02.jgjryxb.mongodb.net:27017
17:07:25.952 [Test worker @coroutine#199] DEBUG repositories.machines.StringerRepositoryImpl - Salvando encordadora: Stringer(id=63d153bdae6c0968c6962cc4, uuid=dcd961c9-17ce-4d6a-83cc-f0cd7deb9c80, brand=test, model=test, acquisitionDate=2023-01-25, available=true, automatic=MANUAL, maximumTension=50, minimumTension=10)
17:07:26.508 [AsyncGetter-3-thread-1] DEBUG org.mongodb.driver.protocol.command - Sending command '{"update": "stringer", "ordered": true, "txnNumber": 9, "$db": "tennisLab", "$clusterTime": {"clusterTime": {"$timestamp": {"t": 1674662844, "i": 6}}, "signature": {"hash": {"$binary": {"base64": "e4fGbT0f1w95o23Gon5Hi21L3lk=", "subType": "00"}}, "keyId": 7140997052225290242}}, "lsid": {"id": {"$binary": {"base64": "4QxgNiEfTyK8Bl7OjiY/Hw==", "subType": "04"}}}, "updates": [{"q": {"_id": "63d153bdae6c0968c6962cc4"}, "u": {"_id": "63d153bdae6c0968c6962cc4", "uuid": {"$binary": {"base64": "ak3OF8lh2dyAnOt9zfDMgw==", "subType": "03"}}, "brand": "test", "model": "test", "acquisitionDate": {"$date": "2023-01-25T00:00:00Z"}, "available": true, "automatic": "MANUAL", "maximumTension": 50, "minimumTension": 10}, "upsert": true}]}' with request id 31 to database tennisLab on connection [connectionId{localValue:7, serverValue:264873}] to server ac-chrld8z-shard-00-02.jgjryxb.mongodb.net:27017
17:07:26.541 [async-channel-group-0-handler-executor] DEBUG org.mongodb.driver.protocol.command - Execution of command with request id 31 completed successfully in 34.13 ms on connection [connectionId{localValue:7, serverValue:264873}] to server ac-chrld8z-shard-00-02.jgjryxb.mongodb.net:27017
17:07:26.546 [Test worker @background work runner#200] DEBUG repositories.machines.StringerRepositoryImpl - Eliminando encordadora: Stringer(id=63d153bdae6c0968c6962cc4, uuid=dcd961c9-17ce-4d6a-83cc-f0cd7deb9c80, brand=test, model=test, acquisitionDate=2023-01-25, available=true, automatic=MANUAL, maximumTension=50, minimumTension=10)
17:07:26.548 [AsyncGetter-3-thread-1] DEBUG org.mongodb.driver.protocol.command - Sending command '{"delete": "stringer", "ordered": true, "txnNumber": 10, "$db": "tennisLab", "$clusterTime": {"clusterTime": {"$timestamp": {"t": 1674662844, "i": 7}}, "signature": {"hash": {"$binary": {"base64": "e4fGbT0f1w95o23Gon5Hi21L3lk=", "subType": "00"}}, "keyId": 7140997052225290242}}, "lsid": {"id": {"$binary": {"base64": "4QxgNiEfTyK8Bl7OjiY/Hw==", "subType": "04"}}}, "deletes": [{"q": {"_id": "63d153bdae6c0968c6962cc4"}, "limit": 1}]}' with request id 32 to database tennisLab on connection [connectionId{localValue:7, serverValue:264873}] to server ac-chrld8z-shard-00-02.jgjryxb.mongodb.net:27017
17:07:26.580 [async-channel-group-0-handler-executor] DEBUG org.mongodb.driver.protocol.command - Execution of command with request id 32 completed successfully in 32.55 ms on connection [connectionId{localValue:7, serverValue:264873}] to server ac-chrld8z-shard-00-02.jgjryxb.mongodb.net:27017
17:07:26.584 [Test worker @coroutine#202] DEBUG repositories.machines.StringerRepositoryImpl - Eliminando todas las encordadoras
17:07:26.585 [AsyncGetter-3-thread-1] DEBUG org.mongodb.driver.operation - retryWrites set but one or more writeRequests do not support retryable writes
17:07:26.587 [AsyncGetter-3-thread-1] DEBUG org.mongodb.driver.protocol.command - Sending command '{"delete": "stringer", "ordered": true, "$db": "tennisLab", "$clusterTime": {"clusterTime": {"$timestamp": {"t": 1674662844, "i": 8}}, "signature": {"hash": {"$binary": {"base64": "e4fGbT0f1w95o23Gon5Hi21L3lk=", "subType": "00"}}, "keyId": 7140997052225290242}}, "lsid": {"id": {"$binary": {"base64": "4QxgNiEfTyK8Bl7OjiY/Hw==", "subType": "04"}}}, "deletes": [{"q": {}, "limit": 0}]}' with request id 33 to database tennisLab on connection [connectionId{localValue:7, serverValue:264873}] to server ac-chrld8z-shard-00-02.jgjryxb.mongodb.net:27017
17:07:26.616 [async-channel-group-0-handler-executor] DEBUG org.mongodb.driver.protocol.command - Execution of command with request id 33 completed successfully in 30.45 ms on connection [connectionId{localValue:7, serverValue:264873}] to server ac-chrld8z-shard-00-02.jgjryxb.mongodb.net:27017
17:07:26.621 [Test worker @coroutine#204] DEBUG repositories.machines.StringerRepositoryImpl - Salvando encordadora: Stringer(id=63d153beae6c0968c6962cc5, uuid=ab298460-ca92-4c8c-bf2b-677bea9cbbdf, brand=test, model=test, acquisitionDate=2023-01-25, available=true, automatic=MANUAL, maximumTension=50, minimumTension=10)
17:07:26.625 [AsyncGetter-3-thread-1] DEBUG org.mongodb.driver.protocol.command - Sending command '{"update": "stringer", "ordered": true, "txnNumber": 11, "$db": "tennisLab", "$clusterTime": {"clusterTime": {"$timestamp": {"t": 1674662844, "i": 8}}, "signature": {"hash": {"$binary": {"base64": "e4fGbT0f1w95o23Gon5Hi21L3lk=", "subType": "00"}}, "keyId": 7140997052225290242}}, "lsid": {"id": {"$binary": {"base64": "4QxgNiEfTyK8Bl7OjiY/Hw==", "subType": "04"}}}, "updates": [{"q": {"_id": "63d153beae6c0968c6962cc5"}, "u": {"_id": "63d153beae6c0968c6962cc5", "uuid": {"$binary": {"base64": "jEySymCEKavfu5zqe2crvw==", "subType": "03"}}, "brand": "test", "model": "test", "acquisitionDate": {"$date": "2023-01-25T00:00:00Z"}, "available": true, "automatic": "MANUAL", "maximumTension": 50, "minimumTension": 10}, "upsert": true}]}' with request id 34 to database tennisLab on connection [connectionId{localValue:7, serverValue:264873}] to server ac-chrld8z-shard-00-02.jgjryxb.mongodb.net:27017
17:07:26.657 [async-channel-group-0-handler-executor] DEBUG org.mongodb.driver.protocol.command - Execution of command with request id 34 completed successfully in 34.12 ms on connection [connectionId{localValue:7, serverValue:264873}] to server ac-chrld8z-shard-00-02.jgjryxb.mongodb.net:27017
17:07:26.660 [Test worker @background work runner#205] DEBUG repositories.machines.StringerRepositoryImpl - Buscando todas las encordadoras
17:07:26.663 [AsyncGetter-3-thread-1] DEBUG org.mongodb.driver.protocol.command - Sending command '{"find": "stringer", "filter": {}, "batchSize": 64, "$db": "tennisLab", "$clusterTime": {"clusterTime": {"$timestamp": {"t": 1674662845, "i": 1}}, "signature": {"hash": {"$binary": {"base64": "d0MORF6qfuRyW6TYysi0eUqpExY=", "subType": "00"}}, "keyId": 7140997052225290242}}, "lsid": {"id": {"$binary": {"base64": "4QxgNiEfTyK8Bl7OjiY/Hw==", "subType": "04"}}}}' with request id 35 to database tennisLab on connection [connectionId{localValue:7, serverValue:264873}] to server ac-chrld8z-shard-00-02.jgjryxb.mongodb.net:27017
17:07:26.691 [async-channel-group-0-handler-executor] DEBUG org.mongodb.driver.protocol.command - Execution of command with request id 35 completed successfully in 29.04 ms on connection [connectionId{localValue:7, serverValue:264873}] to server ac-chrld8z-shard-00-02.jgjryxb.mongodb.net:27017
17:07:26.710 [async-channel-group-0-handler-executor] DEBUG org.mongodb.driver.operation - Received batch of 1 documents with cursorId 0 from server ac-chrld8z-shard-00-02.jgjryxb.mongodb.net:27017
17:07:26.715 [Test worker @coroutine#207] DEBUG repositories.machines.StringerRepositoryImpl - Eliminando todas las encordadoras
17:07:26.716 [AsyncGetter-3-thread-1] DEBUG org.mongodb.driver.operation - retryWrites set but one or more writeRequests do not support retryable writes
17:07:26.717 [AsyncGetter-3-thread-1] DEBUG org.mongodb.driver.protocol.command - Sending command '{"delete": "stringer", "ordered": true, "$db": "tennisLab", "$clusterTime": {"clusterTime": {"$timestamp": {"t": 1674662845, "i": 1}}, "signature": {"hash": {"$binary": {"base64": "d0MORF6qfuRyW6TYysi0eUqpExY=", "subType": "00"}}, "keyId": 7140997052225290242}}, "lsid": {"id": {"$binary": {"base64": "4QxgNiEfTyK8Bl7OjiY/Hw==", "subType": "04"}}}, "deletes": [{"q": {}, "limit": 0}]}' with request id 36 to database tennisLab on connection [connectionId{localValue:7, serverValue:264873}] to server ac-chrld8z-shard-00-02.jgjryxb.mongodb.net:27017
17:07:26.748 [async-channel-group-0-handler-executor] DEBUG org.mongodb.driver.protocol.command - Execution of command with request id 36 completed successfully in 31.53 ms on connection [connectionId{localValue:7, serverValue:264873}] to server ac-chrld8z-shard-00-02.jgjryxb.mongodb.net:27017
17:07:26.753 [Test worker @coroutine#209] DEBUG repositories.machines.StringerRepositoryImpl - Salvando encordadora: Stringer(id=63d153beae6c0968c6962cc6, uuid=d740649d-3667-4165-a595-1e29d67aaac3, brand=test, model=test, acquisitionDate=2023-01-25, available=true, automatic=MANUAL, maximumTension=50, minimumTension=10)
17:07:26.756 [AsyncGetter-3-thread-1] DEBUG org.mongodb.driver.protocol.command - Sending command '{"update": "stringer", "ordered": true, "txnNumber": 12, "$db": "tennisLab", "$clusterTime": {"clusterTime": {"$timestamp": {"t": 1674662845, "i": 3}}, "signature": {"hash": {"$binary": {"base64": "d0MORF6qfuRyW6TYysi0eUqpExY=", "subType": "00"}}, "keyId": 7140997052225290242}}, "lsid": {"id": {"$binary": {"base64": "4QxgNiEfTyK8Bl7OjiY/Hw==", "subType": "04"}}}, "updates": [{"q": {"_id": "63d153beae6c0968c6962cc6"}, "u": {"_id": "63d153beae6c0968c6962cc6", "uuid": {"$binary": {"base64": "ZUFnNp1kQNfDqnrWKR6VpQ==", "subType": "03"}}, "brand": "test", "model": "test", "acquisitionDate": {"$date": "2023-01-25T00:00:00Z"}, "available": true, "automatic": "MANUAL", "maximumTension": 50, "minimumTension": 10}, "upsert": true}]}' with request id 37 to database tennisLab on connection [connectionId{localValue:7, serverValue:264873}] to server ac-chrld8z-shard-00-02.jgjryxb.mongodb.net:27017
17:07:26.789 [async-channel-group-0-handler-executor] DEBUG org.mongodb.driver.protocol.command - Execution of command with request id 37 completed successfully in 33.55 ms on connection [connectionId{localValue:7, serverValue:264873}] to server ac-chrld8z-shard-00-02.jgjryxb.mongodb.net:27017
17:07:26.793 [Test worker @background work runner#210] DEBUG repositories.machines.StringerRepositoryImpl - Actualizando encordadora: Stringer(id=63d153beae6c0968c6962cc6, uuid=d740649d-3667-4165-a595-1e29d67aaac3, brand=test, model=test, acquisitionDate=2023-01-25, available=false, automatic=MANUAL, maximumTension=50, minimumTension=10)
17:07:26.797 [AsyncGetter-3-thread-1] DEBUG org.mongodb.driver.protocol.command - Sending command '{"update": "stringer", "ordered": true, "txnNumber": 13, "$db": "tennisLab", "$clusterTime": {"clusterTime": {"$timestamp": {"t": 1674662845, "i": 4}}, "signature": {"hash": {"$binary": {"base64": "d0MORF6qfuRyW6TYysi0eUqpExY=", "subType": "00"}}, "keyId": 7140997052225290242}}, "lsid": {"id": {"$binary": {"base64": "4QxgNiEfTyK8Bl7OjiY/Hw==", "subType": "04"}}}, "updates": [{"q": {"_id": "63d153beae6c0968c6962cc6"}, "u": {"$set": {"_id": "63d153beae6c0968c6962cc6", "uuid": {"$binary": {"base64": "ZUFnNp1kQNfDqnrWKR6VpQ==", "subType": "03"}}, "brand": "test", "model": "test", "acquisitionDate": {"$date": "2023-01-25T00:00:00Z"}, "available": false, "automatic": "MANUAL", "maximumTension": 50, "minimumTension": 10}}}]}' with request id 38 to database tennisLab on connection [connectionId{localValue:7, serverValue:264873}] to server ac-chrld8z-shard-00-02.jgjryxb.mongodb.net:27017
17:07:26.829 [async-channel-group-0-handler-executor] DEBUG org.mongodb.driver.protocol.command - Execution of command with request id 38 completed successfully in 33.00 ms on connection [connectionId{localValue:7, serverValue:264873}] to server ac-chrld8z-shard-00-02.jgjryxb.mongodb.net:27017
17:07:26.834 [Test worker @coroutine#212] DEBUG repositories.machines.StringerRepositoryImpl - Eliminando todas las encordadoras
17:07:26.835 [AsyncGetter-3-thread-1] DEBUG org.mongodb.driver.operation - retryWrites set but one or more writeRequests do not support retryable writes
17:07:26.836 [AsyncGetter-3-thread-1] DEBUG org.mongodb.driver.protocol.command - Sending command '{"delete": "stringer", "ordered": true, "$db": "tennisLab", "$clusterTime": {"clusterTime": {"$timestamp": {"t": 1674662845, "i": 5}}, "signature": {"hash": {"$binary": {"base64": "d0MORF6qfuRyW6TYysi0eUqpExY=", "subType": "00"}}, "keyId": 7140997052225290242}}, "lsid": {"id": {"$binary": {"base64": "4QxgNiEfTyK8Bl7OjiY/Hw==", "subType": "04"}}}, "deletes": [{"q": {}, "limit": 0}]}' with request id 39 to database tennisLab on connection [connectionId{localValue:7, serverValue:264873}] to server ac-chrld8z-shard-00-02.jgjryxb.mongodb.net:27017
17:07:26.895 [async-channel-group-0-handler-executor] DEBUG org.mongodb.driver.protocol.command - Execution of command with request id 39 completed successfully in 59.23 ms on connection [connectionId{localValue:7, serverValue:264873}] to server ac-chrld8z-shard-00-02.jgjryxb.mongodb.net:27017
17:07:26.900 [Test worker @coroutine#214] DEBUG repositories.machines.StringerRepositoryImpl - Salvando encordadora: Stringer(id=63d153beae6c0968c6962cc7, uuid=fc172967-edf7-45d9-9ff2-3076b62ad1aa, brand=test, model=test, acquisitionDate=2023-01-25, available=true, automatic=MANUAL, maximumTension=50, minimumTension=10)
17:07:26.903 [AsyncGetter-3-thread-1] DEBUG org.mongodb.driver.protocol.command - Sending command '{"update": "stringer", "ordered": true, "txnNumber": 14, "$db": "tennisLab", "$clusterTime": {"clusterTime": {"$timestamp": {"t": 1674662845, "i": 6}}, "signature": {"hash": {"$binary": {"base64": "d0MORF6qfuRyW6TYysi0eUqpExY=", "subType": "00"}}, "keyId": 7140997052225290242}}, "lsid": {"id": {"$binary": {"base64": "4QxgNiEfTyK8Bl7OjiY/Hw==", "subType": "04"}}}, "updates": [{"q": {"_id": "63d153beae6c0968c6962cc7"}, "u": {"_id": "63d153beae6c0968c6962cc7", "uuid": {"$binary": {"base64": "2UX37WcpF/yq0Sq2djDynw==", "subType": "03"}}, "brand": "test", "model": "test", "acquisitionDate": {"$date": "2023-01-25T00:00:00Z"}, "available": true, "automatic": "MANUAL", "maximumTension": 50, "minimumTension": 10}, "upsert": true}]}' with request id 40 to database tennisLab on connection [connectionId{localValue:7, serverValue:264873}] to server ac-chrld8z-shard-00-02.jgjryxb.mongodb.net:27017
17:07:26.935 [async-channel-group-0-handler-executor] DEBUG org.mongodb.driver.protocol.command - Execution of command with request id 40 completed successfully in 33.36 ms on connection [connectionId{localValue:7, serverValue:264873}] to server ac-chrld8z-shard-00-02.jgjryxb.mongodb.net:27017
17:07:26.938 [Test worker @background work runner#215] DEBUG repositories.machines.StringerRepositoryImpl - Buscando encordadora por id: 63d153beae6c0968c6962cc7
17:07:26.941 [AsyncGetter-3-thread-1] DEBUG org.mongodb.driver.protocol.command - Sending command '{"find": "stringer", "filter": {"_id": "63d153beae6c0968c6962cc7"}, "limit": 1, "singleBatch": true, "$db": "tennisLab", "$clusterTime": {"clusterTime": {"$timestamp": {"t": 1674662845, "i": 7}}, "signature": {"hash": {"$binary": {"base64": "d0MORF6qfuRyW6TYysi0eUqpExY=", "subType": "00"}}, "keyId": 7140997052225290242}}, "lsid": {"id": {"$binary": {"base64": "4QxgNiEfTyK8Bl7OjiY/Hw==", "subType": "04"}}}}' with request id 41 to database tennisLab on connection [connectionId{localValue:7, serverValue:264873}] to server ac-chrld8z-shard-00-02.jgjryxb.mongodb.net:27017
17:07:26.968 [async-channel-group-0-handler-executor] DEBUG org.mongodb.driver.protocol.command - Execution of command with request id 41 completed successfully in 27.82 ms on connection [connectionId{localValue:7, serverValue:264873}] to server ac-chrld8z-shard-00-02.jgjryxb.mongodb.net:27017
17:07:26.970 [async-channel-group-0-handler-executor] DEBUG org.mongodb.driver.operation - Received batch of 1 documents with cursorId 0 from server ac-chrld8z-shard-00-02.jgjryxb.mongodb.net:27017
17:07:26.977 [Test worker @coroutine#217] DEBUG repositories.machines.StringerRepositoryImpl - Eliminando todas las encordadoras
17:07:26.979 [AsyncGetter-3-thread-1] DEBUG org.mongodb.driver.operation - retryWrites set but one or more writeRequests do not support retryable writes
17:07:26.981 [AsyncGetter-3-thread-1] DEBUG org.mongodb.driver.protocol.command - Sending command '{"delete": "stringer", "ordered": true, "$db": "tennisLab", "$clusterTime": {"clusterTime": {"$timestamp": {"t": 1674662845, "i": 7}}, "signature": {"hash": {"$binary": {"base64": "d0MORF6qfuRyW6TYysi0eUqpExY=", "subType": "00"}}, "keyId": 7140997052225290242}}, "lsid": {"id": {"$binary": {"base64": "4QxgNiEfTyK8Bl7OjiY/Hw==", "subType": "04"}}}, "deletes": [{"q": {}, "limit": 0}]}' with request id 42 to database tennisLab on connection [connectionId{localValue:7, serverValue:264873}] to server ac-chrld8z-shard-00-02.jgjryxb.mongodb.net:27017
17:07:27.014 [async-channel-group-0-handler-executor] DEBUG org.mongodb.driver.protocol.command - Execution of command with request id 42 completed successfully in 33.39 ms on connection [connectionId{localValue:7, serverValue:264873}] to server ac-chrld8z-shard-00-02.jgjryxb.mongodb.net:27017
17:07:27.019 [Test worker @coroutine#219] DEBUG repositories.machines.StringerRepositoryImpl - Salvando encordadora: Stringer(id=63d153beae6c0968c6962cc8, uuid=2aa9aa27-3af7-4260-bf9a-71a277f3eadd, brand=test, model=test, acquisitionDate=2023-01-25, available=true, automatic=MANUAL, maximumTension=50, minimumTension=10)
17:07:27.023 [AsyncGetter-3-thread-1] DEBUG org.mongodb.driver.protocol.command - Sending command '{"update": "stringer", "ordered": true, "txnNumber": 15, "$db": "tennisLab", "$clusterTime": {"clusterTime": {"$timestamp": {"t": 1674662845, "i": 8}}, "signature": {"hash": {"$binary": {"base64": "d0MORF6qfuRyW6TYysi0eUqpExY=", "subType": "00"}}, "keyId": 7140997052225290242}}, "lsid": {"id": {"$binary": {"base64": "4QxgNiEfTyK8Bl7OjiY/Hw==", "subType": "04"}}}, "updates": [{"q": {"_id": "63d153beae6c0968c6962cc8"}, "u": {"_id": "63d153beae6c0968c6962cc8", "uuid": {"$binary": {"base64": "YEL3OieqqSrd6vN3onGavw==", "subType": "03"}}, "brand": "test", "model": "test", "acquisitionDate": {"$date": "2023-01-25T00:00:00Z"}, "available": true, "automatic": "MANUAL", "maximumTension": 50, "minimumTension": 10}, "upsert": true}]}' with request id 43 to database tennisLab on connection [connectionId{localValue:7, serverValue:264873}] to server ac-chrld8z-shard-00-02.jgjryxb.mongodb.net:27017
17:07:27.053 [async-channel-group-0-handler-executor] DEBUG org.mongodb.driver.protocol.command - Execution of command with request id 43 completed successfully in 31.29 ms on connection [connectionId{localValue:7, serverValue:264873}] to server ac-chrld8z-shard-00-02.jgjryxb.mongodb.net:27017
17:07:27.054 [Test worker @background work runner#220] DEBUG repositories.machines.StringerRepositoryImpl - Eliminando todas las encordadoras
17:07:27.056 [AsyncGetter-3-thread-1] DEBUG org.mongodb.driver.operation - retryWrites set but one or more writeRequests do not support retryable writes
17:07:27.074 [AsyncGetter-3-thread-1] DEBUG org.mongodb.driver.protocol.command - Sending command '{"delete": "stringer", "ordered": true, "$db": "tennisLab", "$clusterTime": {"clusterTime": {"$timestamp": {"t": 1674662845, "i": 9}}, "signature": {"hash": {"$binary": {"base64": "d0MORF6qfuRyW6TYysi0eUqpExY=", "subType": "00"}}, "keyId": 7140997052225290242}}, "lsid": {"id": {"$binary": {"base64": "4QxgNiEfTyK8Bl7OjiY/Hw==", "subType": "04"}}}, "deletes": [{"q": {}, "limit": 0}]}' with request id 44 to database tennisLab on connection [connectionId{localValue:7, serverValue:264873}] to server ac-chrld8z-shard-00-02.jgjryxb.mongodb.net:27017
17:07:27.119 [async-channel-group-0-handler-executor] DEBUG org.mongodb.driver.protocol.command - Execution of command with request id 44 completed successfully in 52.04 ms on connection [connectionId{localValue:7, serverValue:264873}] to server ac-chrld8z-shard-00-02.jgjryxb.mongodb.net:27017
17:07:27.123 [Test worker @coroutine#222] DEBUG repositories.machines.StringerRepositoryImpl - Eliminando todas las encordadoras
17:07:27.124 [AsyncGetter-3-thread-1] DEBUG org.mongodb.driver.operation - retryWrites set but one or more writeRequests do not support retryable writes
17:07:27.126 [AsyncGetter-3-thread-1] DEBUG org.mongodb.driver.protocol.command - Sending command '{"delete": "stringer", "ordered": true, "$db": "tennisLab", "$clusterTime": {"clusterTime": {"$timestamp": {"t": 1674662845, "i": 10}}, "signature": {"hash": {"$binary": {"base64": "d0MORF6qfuRyW6TYysi0eUqpExY=", "subType": "00"}}, "keyId": 7140997052225290242}}, "lsid": {"id": {"$binary": {"base64": "4QxgNiEfTyK8Bl7OjiY/Hw==", "subType": "04"}}}, "deletes": [{"q": {}, "limit": 0}]}' with request id 45 to database tennisLab on connection [connectionId{localValue:7, serverValue:264873}] to server ac-chrld8z-shard-00-02.jgjryxb.mongodb.net:27017
17:07:27.153 [async-channel-group-0-handler-executor] DEBUG org.mongodb.driver.protocol.command - Execution of command with request id 45 completed successfully in 27.84 ms on connection [connectionId{localValue:7, serverValue:264873}] to server ac-chrld8z-shard-00-02.jgjryxb.mongodb.net:27017
17:07:27.158 [Test worker @coroutine#224] DEBUG repositories.machines.StringerRepositoryImpl - Salvando encordadora: Stringer(id=63d153bfae6c0968c6962cc9, uuid=0c743f3e-a3af-4144-a67c-ec02ef47bed1, brand=test, model=test, acquisitionDate=2023-01-25, available=true, automatic=MANUAL, maximumTension=50, minimumTension=10)
17:07:27.161 [AsyncGetter-3-thread-1] DEBUG org.mongodb.driver.protocol.command - Sending command '{"update": "stringer", "ordered": true, "txnNumber": 16, "$db": "tennisLab", "$clusterTime": {"clusterTime": {"$timestamp": {"t": 1674662845, "i": 10}}, "signature": {"hash": {"$binary": {"base64": "d0MORF6qfuRyW6TYysi0eUqpExY=", "subType": "00"}}, "keyId": 7140997052225290242}}, "lsid": {"id": {"$binary": {"base64": "4QxgNiEfTyK8Bl7OjiY/Hw==", "subType": "04"}}}, "updates": [{"q": {"_id": "63d153bfae6c0968c6962cc9"}, "u": {"_id": "63d153bfae6c0968c6962cc9", "uuid": {"$binary": {"base64": "REGvoz4/dAzRvkfvAux8pg==", "subType": "03"}}, "brand": "test", "model": "test", "acquisitionDate": {"$date": "2023-01-25T00:00:00Z"}, "available": true, "automatic": "MANUAL", "maximumTension": 50, "minimumTension": 10}, "upsert": true}]}' with request id 46 to database tennisLab on connection [connectionId{localValue:7, serverValue:264873}] to server ac-chrld8z-shard-00-02.jgjryxb.mongodb.net:27017
17:07:27.192 [async-channel-group-0-handler-executor] DEBUG org.mongodb.driver.protocol.command - Execution of command with request id 46 completed successfully in 32.55 ms on connection [connectionId{localValue:7, serverValue:264873}] to server ac-chrld8z-shard-00-02.jgjryxb.mongodb.net:27017
]]></system-out>
  <system-err><![CDATA[]]></system-err>
</testsuite>
