<?xml version="1.0" encoding="UTF-8"?>
<testsuite name="repositories.users.CustomerRepositoryImplTest" tests="7" skipped="0" failures="0" errors="0" timestamp="2023-01-25T16:07:27" hostname="RO-PC" time="1.441">
  <properties/>
  <testcase name="delete()" classname="repositories.users.CustomerRepositoryImplTest" time="0.643"/>
  <testcase name="findAll()" classname="repositories.users.CustomerRepositoryImplTest" time="0.169"/>
  <testcase name="update()" classname="repositories.users.CustomerRepositoryImplTest" time="0.145"/>
  <testcase name="findById()" classname="repositories.users.CustomerRepositoryImplTest" time="0.152"/>
  <testcase name="deleteAll()" classname="repositories.users.CustomerRepositoryImplTest" time="0.112"/>
  <testcase name="save()" classname="repositories.users.CustomerRepositoryImplTest" time="0.079"/>
  <testcase name="findByEmail()" classname="repositories.users.CustomerRepositoryImplTest" time="0.135"/>
  <system-out><![CDATA[17:07:28.004 [Test worker @coroutine#255] DEBUG repositories.users.CustomerRepositoryImpl - Elminando todos los clientes
17:07:28.005 [AsyncGetter-3-thread-1] DEBUG org.mongodb.driver.operation - retryWrites set but one or more writeRequests do not support retryable writes
17:07:28.006 [AsyncGetter-3-thread-1] DEBUG org.mongodb.driver.protocol.command - Sending command '{"delete": "customer", "ordered": true, "$db": "tennisLab", "$clusterTime": {"clusterTime": {"$timestamp": {"t": 1674662846, "i": 7}}, "signature": {"hash": {"$binary": {"base64": "RjwCFK7WktP3M3vNVJSmx2za9MU=", "subType": "00"}}, "keyId": 7140997052225290242}}, "lsid": {"id": {"$binary": {"base64": "4QxgNiEfTyK8Bl7OjiY/Hw==", "subType": "04"}}}, "deletes": [{"q": {}, "limit": 0}]}' with request id 64 to database tennisLab on connection [connectionId{localValue:7, serverValue:264873}] to server ac-chrld8z-shard-00-02.jgjryxb.mongodb.net:27017
17:07:28.038 [async-channel-group-0-handler-executor] DEBUG org.mongodb.driver.protocol.command - Execution of command with request id 64 completed successfully in 32.51 ms on connection [connectionId{localValue:7, serverValue:264873}] to server ac-chrld8z-shard-00-02.jgjryxb.mongodb.net:27017
17:07:28.046 [Test worker @coroutine#257] DEBUG repositories.users.CustomerRepositoryImpl - Salvando cliente: Customer(id=63d153bfae6c0968c6962cd0, uuid=0718b618-9906-43b7-996f-6f50a4bbc4e6, name=Cliente, username=Test, email=email, password=123456, available=true, orderList=[], tennisRacketsList=[])
17:07:28.547 [AsyncGetter-3-thread-1] DEBUG org.mongodb.driver.protocol.command - Sending command '{"update": "customer", "ordered": true, "txnNumber": 25, "$db": "tennisLab", "$clusterTime": {"clusterTime": {"$timestamp": {"t": 1674662846, "i": 8}}, "signature": {"hash": {"$binary": {"base64": "RjwCFK7WktP3M3vNVJSmx2za9MU=", "subType": "00"}}, "keyId": 7140997052225290242}}, "lsid": {"id": {"$binary": {"base64": "4QxgNiEfTyK8Bl7OjiY/Hw==", "subType": "04"}}}, "updates": [{"q": {"_id": "63d153bfae6c0968c6962cd0"}, "u": {"_id": "63d153bfae6c0968c6962cd0", "uuid": {"$binary": {"base64": "t0MGmRi2GAfmxLukUG9vmQ==", "subType": "03"}}, "name": "Cliente", "username": "Test", "email": "email", "password": "123456", "available": true, "orderList": [], "tennisRacketsList": []}, "upsert": true}]}' with request id 65 to database tennisLab on connection [connectionId{localValue:7, serverValue:264873}] to server ac-chrld8z-shard-00-02.jgjryxb.mongodb.net:27017
17:07:28.587 [async-channel-group-0-handler-executor] DEBUG org.mongodb.driver.protocol.command - Execution of command with request id 65 completed successfully in 40.94 ms on connection [connectionId{localValue:7, serverValue:264873}] to server ac-chrld8z-shard-00-02.jgjryxb.mongodb.net:27017
17:07:28.592 [Test worker @background work runner#258] DEBUG repositories.users.CustomerRepositoryImpl - Eliminando cliente: Customer(id=63d153bfae6c0968c6962cd0, uuid=0718b618-9906-43b7-996f-6f50a4bbc4e6, name=Cliente, username=Test, email=email, password=123456, available=true, orderList=[], tennisRacketsList=[])
17:07:28.595 [AsyncGetter-3-thread-1] DEBUG org.mongodb.driver.protocol.command - Sending command '{"update": "customer", "ordered": true, "txnNumber": 26, "$db": "tennisLab", "$clusterTime": {"clusterTime": {"$timestamp": {"t": 1674662846, "i": 9}}, "signature": {"hash": {"$binary": {"base64": "RjwCFK7WktP3M3vNVJSmx2za9MU=", "subType": "00"}}, "keyId": 7140997052225290242}}, "lsid": {"id": {"$binary": {"base64": "4QxgNiEfTyK8Bl7OjiY/Hw==", "subType": "04"}}}, "updates": [{"q": {"_id": "63d153bfae6c0968c6962cd0"}, "u": {"$set": {"available": false}}}]}' with request id 66 to database tennisLab on connection [connectionId{localValue:7, serverValue:264873}] to server ac-chrld8z-shard-00-02.jgjryxb.mongodb.net:27017
17:07:28.639 [async-channel-group-0-handler-executor] DEBUG org.mongodb.driver.protocol.command - Execution of command with request id 66 completed successfully in 43.91 ms on connection [connectionId{localValue:7, serverValue:264873}] to server ac-chrld8z-shard-00-02.jgjryxb.mongodb.net:27017
17:07:28.643 [Test worker @coroutine#260] DEBUG repositories.users.CustomerRepositoryImpl - Elminando todos los clientes
17:07:28.645 [AsyncGetter-3-thread-1] DEBUG org.mongodb.driver.operation - retryWrites set but one or more writeRequests do not support retryable writes
17:07:28.647 [AsyncGetter-3-thread-1] DEBUG org.mongodb.driver.protocol.command - Sending command '{"delete": "customer", "ordered": true, "$db": "tennisLab", "$clusterTime": {"clusterTime": {"$timestamp": {"t": 1674662847, "i": 1}}, "signature": {"hash": {"$binary": {"base64": "6krX5VVexMXndl3pSjbq4udJBZw=", "subType": "00"}}, "keyId": 7140997052225290242}}, "lsid": {"id": {"$binary": {"base64": "4QxgNiEfTyK8Bl7OjiY/Hw==", "subType": "04"}}}, "deletes": [{"q": {}, "limit": 0}]}' with request id 67 to database tennisLab on connection [connectionId{localValue:7, serverValue:264873}] to server ac-chrld8z-shard-00-02.jgjryxb.mongodb.net:27017
17:07:28.679 [async-channel-group-0-handler-executor] DEBUG org.mongodb.driver.protocol.command - Execution of command with request id 67 completed successfully in 32.68 ms on connection [connectionId{localValue:7, serverValue:264873}] to server ac-chrld8z-shard-00-02.jgjryxb.mongodb.net:27017
17:07:28.684 [Test worker @coroutine#262] DEBUG repositories.users.CustomerRepositoryImpl - Salvando cliente: Customer(id=63d153c0ae6c0968c6962cd1, uuid=22d6575f-a8f8-4027-805e-377b00cc943e, name=Cliente, username=Test, email=email, password=123456, available=true, orderList=[], tennisRacketsList=[])
17:07:28.688 [AsyncGetter-3-thread-1] DEBUG org.mongodb.driver.protocol.command - Sending command '{"update": "customer", "ordered": true, "txnNumber": 27, "$db": "tennisLab", "$clusterTime": {"clusterTime": {"$timestamp": {"t": 1674662847, "i": 2}}, "signature": {"hash": {"$binary": {"base64": "6krX5VVexMXndl3pSjbq4udJBZw=", "subType": "00"}}, "keyId": 7140997052225290242}}, "lsid": {"id": {"$binary": {"base64": "4QxgNiEfTyK8Bl7OjiY/Hw==", "subType": "04"}}}, "updates": [{"q": {"_id": "63d153c0ae6c0968c6962cd1"}, "u": {"_id": "63d153c0ae6c0968c6962cd1", "uuid": {"$binary": {"base64": "J0D4qF9X1iI+lMwAezdegA==", "subType": "03"}}, "name": "Cliente", "username": "Test", "email": "email", "password": "123456", "available": true, "orderList": [], "tennisRacketsList": []}, "upsert": true}]}' with request id 68 to database tennisLab on connection [connectionId{localValue:7, serverValue:264873}] to server ac-chrld8z-shard-00-02.jgjryxb.mongodb.net:27017
17:07:28.720 [async-channel-group-0-handler-executor] DEBUG org.mongodb.driver.protocol.command - Execution of command with request id 68 completed successfully in 33.26 ms on connection [connectionId{localValue:7, serverValue:264873}] to server ac-chrld8z-shard-00-02.jgjryxb.mongodb.net:27017
17:07:28.724 [Test worker @background work runner#263] DEBUG repositories.users.CustomerRepositoryImpl - Buscando clientes
17:07:28.727 [AsyncGetter-3-thread-1] DEBUG org.mongodb.driver.protocol.command - Sending command '{"find": "customer", "filter": {}, "batchSize": 64, "$db": "tennisLab", "$clusterTime": {"clusterTime": {"$timestamp": {"t": 1674662847, "i": 3}}, "signature": {"hash": {"$binary": {"base64": "6krX5VVexMXndl3pSjbq4udJBZw=", "subType": "00"}}, "keyId": 7140997052225290242}}, "lsid": {"id": {"$binary": {"base64": "4QxgNiEfTyK8Bl7OjiY/Hw==", "subType": "04"}}}}' with request id 69 to database tennisLab on connection [connectionId{localValue:7, serverValue:264873}] to server ac-chrld8z-shard-00-02.jgjryxb.mongodb.net:27017
17:07:28.754 [async-channel-group-0-handler-executor] DEBUG org.mongodb.driver.protocol.command - Execution of command with request id 69 completed successfully in 27.76 ms on connection [connectionId{localValue:7, serverValue:264873}] to server ac-chrld8z-shard-00-02.jgjryxb.mongodb.net:27017
17:07:28.789 [async-channel-group-0-handler-executor] DEBUG org.mongodb.driver.operation - Received batch of 1 documents with cursorId 0 from server ac-chrld8z-shard-00-02.jgjryxb.mongodb.net:27017
17:07:28.813 [Test worker @coroutine#265] DEBUG repositories.users.CustomerRepositoryImpl - Elminando todos los clientes
17:07:28.814 [AsyncGetter-3-thread-1] DEBUG org.mongodb.driver.operation - retryWrites set but one or more writeRequests do not support retryable writes
17:07:28.816 [AsyncGetter-3-thread-1] DEBUG org.mongodb.driver.protocol.command - Sending command '{"delete": "customer", "ordered": true, "$db": "tennisLab", "$clusterTime": {"clusterTime": {"$timestamp": {"t": 1674662847, "i": 3}}, "signature": {"hash": {"$binary": {"base64": "6krX5VVexMXndl3pSjbq4udJBZw=", "subType": "00"}}, "keyId": 7140997052225290242}}, "lsid": {"id": {"$binary": {"base64": "4QxgNiEfTyK8Bl7OjiY/Hw==", "subType": "04"}}}, "deletes": [{"q": {}, "limit": 0}]}' with request id 70 to database tennisLab on connection [connectionId{localValue:7, serverValue:264873}] to server ac-chrld8z-shard-00-02.jgjryxb.mongodb.net:27017
17:07:28.849 [async-channel-group-0-handler-executor] DEBUG org.mongodb.driver.protocol.command - Execution of command with request id 70 completed successfully in 33.87 ms on connection [connectionId{localValue:7, serverValue:264873}] to server ac-chrld8z-shard-00-02.jgjryxb.mongodb.net:27017
17:07:28.857 [Test worker @coroutine#267] DEBUG repositories.users.CustomerRepositoryImpl - Salvando cliente: Customer(id=63d153c0ae6c0968c6962cd2, uuid=5d55f807-b17f-410e-83a9-28f3e0041370, name=Cliente, username=Test, email=email, password=123456, available=true, orderList=[], tennisRacketsList=[])
17:07:28.865 [AsyncGetter-3-thread-1] DEBUG org.mongodb.driver.protocol.command - Sending command '{"update": "customer", "ordered": true, "txnNumber": 28, "$db": "tennisLab", "$clusterTime": {"clusterTime": {"$timestamp": {"t": 1674662847, "i": 5}}, "signature": {"hash": {"$binary": {"base64": "6krX5VVexMXndl3pSjbq4udJBZw=", "subType": "00"}}, "keyId": 7140997052225290242}}, "lsid": {"id": {"$binary": {"base64": "4QxgNiEfTyK8Bl7OjiY/Hw==", "subType": "04"}}}, "updates": [{"q": {"_id": "63d153c0ae6c0968c6962cd2"}, "u": {"_id": "63d153c0ae6c0968c6962cd2", "uuid": {"$binary": {"base64": "DkF/sQf4VV1wEwTg8yipgw==", "subType": "03"}}, "name": "Cliente", "username": "Test", "email": "email", "password": "123456", "available": true, "orderList": [], "tennisRacketsList": []}, "upsert": true}]}' with request id 71 to database tennisLab on connection [connectionId{localValue:7, serverValue:264873}] to server ac-chrld8z-shard-00-02.jgjryxb.mongodb.net:27017
17:07:28.898 [async-channel-group-0-handler-executor] DEBUG org.mongodb.driver.protocol.command - Execution of command with request id 71 completed successfully in 33.95 ms on connection [connectionId{localValue:7, serverValue:264873}] to server ac-chrld8z-shard-00-02.jgjryxb.mongodb.net:27017
17:07:28.905 [Test worker @background work runner#268] DEBUG repositories.users.CustomerRepositoryImpl - Actualizando cliente: Customer(id=63d153c0ae6c0968c6962cd2, uuid=5d55f807-b17f-410e-83a9-28f3e0041370, name=Cliente, username=Test, email=nuevoemail@gmail.com, password=123456, available=true, orderList=[], tennisRacketsList=[])
17:07:28.917 [AsyncGetter-3-thread-1] DEBUG org.mongodb.driver.protocol.command - Sending command '{"update": "customer", "ordered": true, "txnNumber": 29, "$db": "tennisLab", "$clusterTime": {"clusterTime": {"$timestamp": {"t": 1674662847, "i": 6}}, "signature": {"hash": {"$binary": {"base64": "6krX5VVexMXndl3pSjbq4udJBZw=", "subType": "00"}}, "keyId": 7140997052225290242}}, "lsid": {"id": {"$binary": {"base64": "4QxgNiEfTyK8Bl7OjiY/Hw==", "subType": "04"}}}, "updates": [{"q": {"_id": "63d153c0ae6c0968c6962cd2"}, "u": {"$set": {"_id": "63d153c0ae6c0968c6962cd2", "uuid": {"$binary": {"base64": "DkF/sQf4VV1wEwTg8yipgw==", "subType": "03"}}, "name": "Cliente", "username": "Test", "email": "nuevoemail@gmail.com", "password": "123456", "available": true, "orderList": [], "tennisRacketsList": []}}}]}' with request id 72 to database tennisLab on connection [connectionId{localValue:7, serverValue:264873}] to server ac-chrld8z-shard-00-02.jgjryxb.mongodb.net:27017
17:07:28.949 [async-channel-group-0-handler-executor] DEBUG org.mongodb.driver.protocol.command - Execution of command with request id 72 completed successfully in 34.13 ms on connection [connectionId{localValue:7, serverValue:264873}] to server ac-chrld8z-shard-00-02.jgjryxb.mongodb.net:27017
17:07:28.962 [Test worker @coroutine#270] DEBUG repositories.users.CustomerRepositoryImpl - Elminando todos los clientes
17:07:28.973 [AsyncGetter-3-thread-1] DEBUG org.mongodb.driver.operation - retryWrites set but one or more writeRequests do not support retryable writes
17:07:28.974 [AsyncGetter-3-thread-1] DEBUG org.mongodb.driver.protocol.command - Sending command '{"delete": "customer", "ordered": true, "$db": "tennisLab", "$clusterTime": {"clusterTime": {"$timestamp": {"t": 1674662847, "i": 7}}, "signature": {"hash": {"$binary": {"base64": "6krX5VVexMXndl3pSjbq4udJBZw=", "subType": "00"}}, "keyId": 7140997052225290242}}, "lsid": {"id": {"$binary": {"base64": "4QxgNiEfTyK8Bl7OjiY/Hw==", "subType": "04"}}}, "deletes": [{"q": {}, "limit": 0}]}' with request id 73 to database tennisLab on connection [connectionId{localValue:7, serverValue:264873}] to server ac-chrld8z-shard-00-02.jgjryxb.mongodb.net:27017
17:07:29.014 [async-channel-group-0-handler-executor] DEBUG org.mongodb.driver.protocol.command - Execution of command with request id 73 completed successfully in 39.68 ms on connection [connectionId{localValue:7, serverValue:264873}] to server ac-chrld8z-shard-00-02.jgjryxb.mongodb.net:27017
17:07:29.020 [Test worker @coroutine#272] DEBUG repositories.users.CustomerRepositoryImpl - Salvando cliente: Customer(id=63d153c0ae6c0968c6962cd3, uuid=5d85d250-7cc1-44b7-9d60-1dc7dd6c75aa, name=Cliente, username=Test, email=email, password=123456, available=true, orderList=[], tennisRacketsList=[])
17:07:29.025 [AsyncGetter-3-thread-1] DEBUG org.mongodb.driver.protocol.command - Sending command '{"update": "customer", "ordered": true, "txnNumber": 30, "$db": "tennisLab", "$clusterTime": {"clusterTime": {"$timestamp": {"t": 1674662847, "i": 8}}, "signature": {"hash": {"$binary": {"base64": "6krX5VVexMXndl3pSjbq4udJBZw=", "subType": "00"}}, "keyId": 7140997052225290242}}, "lsid": {"id": {"$binary": {"base64": "4QxgNiEfTyK8Bl7OjiY/Hw==", "subType": "04"}}}, "updates": [{"q": {"_id": "63d153c0ae6c0968c6962cd3"}, "u": {"_id": "63d153c0ae6c0968c6962cd3", "uuid": {"$binary": {"base64": "t0TBfFDShV2qdWzdxx1gnQ==", "subType": "03"}}, "name": "Cliente", "username": "Test", "email": "email", "password": "123456", "available": true, "orderList": [], "tennisRacketsList": []}, "upsert": true}]}' with request id 74 to database tennisLab on connection [connectionId{localValue:7, serverValue:264873}] to server ac-chrld8z-shard-00-02.jgjryxb.mongodb.net:27017
17:07:29.058 [async-channel-group-0-handler-executor] DEBUG org.mongodb.driver.protocol.command - Execution of command with request id 74 completed successfully in 34.53 ms on connection [connectionId{localValue:7, serverValue:264873}] to server ac-chrld8z-shard-00-02.jgjryxb.mongodb.net:27017
17:07:29.070 [Test worker @background work runner#273] DEBUG repositories.users.CustomerRepositoryImpl - Buscando cliente con id: 63d153c0ae6c0968c6962cd3
17:07:29.073 [AsyncGetter-3-thread-1] DEBUG org.mongodb.driver.protocol.command - Sending command '{"find": "customer", "filter": {"_id": "63d153c0ae6c0968c6962cd3"}, "limit": 1, "singleBatch": true, "$db": "tennisLab", "$clusterTime": {"clusterTime": {"$timestamp": {"t": 1674662847, "i": 9}}, "signature": {"hash": {"$binary": {"base64": "6krX5VVexMXndl3pSjbq4udJBZw=", "subType": "00"}}, "keyId": 7140997052225290242}}, "lsid": {"id": {"$binary": {"base64": "4QxgNiEfTyK8Bl7OjiY/Hw==", "subType": "04"}}}}' with request id 75 to database tennisLab on connection [connectionId{localValue:7, serverValue:264873}] to server ac-chrld8z-shard-00-02.jgjryxb.mongodb.net:27017
17:07:29.102 [async-channel-group-0-handler-executor] DEBUG org.mongodb.driver.protocol.command - Execution of command with request id 75 completed successfully in 28.91 ms on connection [connectionId{localValue:7, serverValue:264873}] to server ac-chrld8z-shard-00-02.jgjryxb.mongodb.net:27017
17:07:29.103 [async-channel-group-0-handler-executor] DEBUG org.mongodb.driver.operation - Received batch of 1 documents with cursorId 0 from server ac-chrld8z-shard-00-02.jgjryxb.mongodb.net:27017
17:07:29.113 [Test worker @coroutine#275] DEBUG repositories.users.CustomerRepositoryImpl - Elminando todos los clientes
17:07:29.116 [AsyncGetter-3-thread-1] DEBUG org.mongodb.driver.operation - retryWrites set but one or more writeRequests do not support retryable writes
17:07:29.118 [AsyncGetter-3-thread-1] DEBUG org.mongodb.driver.protocol.command - Sending command '{"delete": "customer", "ordered": true, "$db": "tennisLab", "$clusterTime": {"clusterTime": {"$timestamp": {"t": 1674662847, "i": 9}}, "signature": {"hash": {"$binary": {"base64": "6krX5VVexMXndl3pSjbq4udJBZw=", "subType": "00"}}, "keyId": 7140997052225290242}}, "lsid": {"id": {"$binary": {"base64": "4QxgNiEfTyK8Bl7OjiY/Hw==", "subType": "04"}}}, "deletes": [{"q": {}, "limit": 0}]}' with request id 76 to database tennisLab on connection [connectionId{localValue:7, serverValue:264873}] to server ac-chrld8z-shard-00-02.jgjryxb.mongodb.net:27017
17:07:29.149 [async-channel-group-0-handler-executor] DEBUG org.mongodb.driver.protocol.command - Execution of command with request id 76 completed successfully in 31.43 ms on connection [connectionId{localValue:7, serverValue:264873}] to server ac-chrld8z-shard-00-02.jgjryxb.mongodb.net:27017
17:07:29.153 [Test worker @coroutine#277] DEBUG repositories.users.CustomerRepositoryImpl - Salvando cliente: Customer(id=63d153c1ae6c0968c6962cd4, uuid=e9316ec4-f274-4153-acd4-72fdad21053d, name=Cliente, username=Test, email=email, password=123456, available=true, orderList=[], tennisRacketsList=[])
17:07:29.156 [AsyncGetter-3-thread-1] DEBUG org.mongodb.driver.protocol.command - Sending command '{"update": "customer", "ordered": true, "txnNumber": 31, "$db": "tennisLab", "$clusterTime": {"clusterTime": {"$timestamp": {"t": 1674662847, "i": 10}}, "signature": {"hash": {"$binary": {"base64": "6krX5VVexMXndl3pSjbq4udJBZw=", "subType": "00"}}, "keyId": 7140997052225290242}}, "lsid": {"id": {"$binary": {"base64": "4QxgNiEfTyK8Bl7OjiY/Hw==", "subType": "04"}}}, "updates": [{"q": {"_id": "63d153c1ae6c0968c6962cd4"}, "u": {"_id": "63d153c1ae6c0968c6962cd4", "uuid": {"$binary": {"base64": "U0F08sRuMek9BSGt/XLUrA==", "subType": "03"}}, "name": "Cliente", "username": "Test", "email": "email", "password": "123456", "available": true, "orderList": [], "tennisRacketsList": []}, "upsert": true}]}' with request id 77 to database tennisLab on connection [connectionId{localValue:7, serverValue:264873}] to server ac-chrld8z-shard-00-02.jgjryxb.mongodb.net:27017
17:07:29.187 [async-channel-group-0-handler-executor] DEBUG org.mongodb.driver.protocol.command - Execution of command with request id 77 completed successfully in 32.27 ms on connection [connectionId{localValue:7, serverValue:264873}] to server ac-chrld8z-shard-00-02.jgjryxb.mongodb.net:27017
17:07:29.188 [Test worker @background work runner#278] DEBUG repositories.users.CustomerRepositoryImpl - Elminando todos los clientes
17:07:29.189 [AsyncGetter-3-thread-1] DEBUG org.mongodb.driver.operation - retryWrites set but one or more writeRequests do not support retryable writes
17:07:29.190 [AsyncGetter-3-thread-1] DEBUG org.mongodb.driver.protocol.command - Sending command '{"delete": "customer", "ordered": true, "$db": "tennisLab", "$clusterTime": {"clusterTime": {"$timestamp": {"t": 1674662847, "i": 11}}, "signature": {"hash": {"$binary": {"base64": "6krX5VVexMXndl3pSjbq4udJBZw=", "subType": "00"}}, "keyId": 7140997052225290242}}, "lsid": {"id": {"$binary": {"base64": "4QxgNiEfTyK8Bl7OjiY/Hw==", "subType": "04"}}}, "deletes": [{"q": {}, "limit": 0}]}' with request id 78 to database tennisLab on connection [connectionId{localValue:7, serverValue:264873}] to server ac-chrld8z-shard-00-02.jgjryxb.mongodb.net:27017
17:07:29.223 [async-channel-group-0-handler-executor] DEBUG org.mongodb.driver.protocol.command - Execution of command with request id 78 completed successfully in 32.70 ms on connection [connectionId{localValue:7, serverValue:264873}] to server ac-chrld8z-shard-00-02.jgjryxb.mongodb.net:27017
17:07:29.226 [Test worker @coroutine#280] DEBUG repositories.users.CustomerRepositoryImpl - Elminando todos los clientes
17:07:29.227 [AsyncGetter-3-thread-1] DEBUG org.mongodb.driver.operation - retryWrites set but one or more writeRequests do not support retryable writes
17:07:29.229 [AsyncGetter-3-thread-1] DEBUG org.mongodb.driver.protocol.command - Sending command '{"delete": "customer", "ordered": true, "$db": "tennisLab", "$clusterTime": {"clusterTime": {"$timestamp": {"t": 1674662847, "i": 12}}, "signature": {"hash": {"$binary": {"base64": "6krX5VVexMXndl3pSjbq4udJBZw=", "subType": "00"}}, "keyId": 7140997052225290242}}, "lsid": {"id": {"$binary": {"base64": "4QxgNiEfTyK8Bl7OjiY/Hw==", "subType": "04"}}}, "deletes": [{"q": {}, "limit": 0}]}' with request id 79 to database tennisLab on connection [connectionId{localValue:7, serverValue:264873}] to server ac-chrld8z-shard-00-02.jgjryxb.mongodb.net:27017
17:07:29.256 [async-channel-group-0-handler-executor] DEBUG org.mongodb.driver.protocol.command - Execution of command with request id 79 completed successfully in 27.56 ms on connection [connectionId{localValue:7, serverValue:264873}] to server ac-chrld8z-shard-00-02.jgjryxb.mongodb.net:27017
17:07:29.261 [Test worker @coroutine#282] DEBUG repositories.users.CustomerRepositoryImpl - Salvando cliente: Customer(id=63d153c1ae6c0968c6962cd5, uuid=c3710234-c721-4ad4-95d4-247c468ee144, name=Cliente, username=Test, email=email, password=123456, available=true, orderList=[], tennisRacketsList=[])
17:07:29.266 [AsyncGetter-3-thread-1] DEBUG org.mongodb.driver.protocol.command - Sending command '{"update": "customer", "ordered": true, "txnNumber": 32, "$db": "tennisLab", "$clusterTime": {"clusterTime": {"$timestamp": {"t": 1674662847, "i": 12}}, "signature": {"hash": {"$binary": {"base64": "6krX5VVexMXndl3pSjbq4udJBZw=", "subType": "00"}}, "keyId": 7140997052225290242}}, "lsid": {"id": {"$binary": {"base64": "4QxgNiEfTyK8Bl7OjiY/Hw==", "subType": "04"}}}, "updates": [{"q": {"_id": "63d153c1ae6c0968c6962cd5"}, "u": {"_id": "63d153c1ae6c0968c6962cd5", "uuid": {"$binary": {"base64": "1EohxzQCccNE4Y5GfCTUlQ==", "subType": "03"}}, "name": "Cliente", "username": "Test", "email": "email", "password": "123456", "available": true, "orderList": [], "tennisRacketsList": []}, "upsert": true}]}' with request id 80 to database tennisLab on connection [connectionId{localValue:7, serverValue:264873}] to server ac-chrld8z-shard-00-02.jgjryxb.mongodb.net:27017
17:07:29.299 [async-channel-group-0-handler-executor] DEBUG org.mongodb.driver.protocol.command - Execution of command with request id 80 completed successfully in 33.25 ms on connection [connectionId{localValue:7, serverValue:264873}] to server ac-chrld8z-shard-00-02.jgjryxb.mongodb.net:27017
17:07:29.305 [Test worker @coroutine#284] DEBUG repositories.users.CustomerRepositoryImpl - Elminando todos los clientes
17:07:29.306 [AsyncGetter-3-thread-1] DEBUG org.mongodb.driver.operation - retryWrites set but one or more writeRequests do not support retryable writes
17:07:29.307 [AsyncGetter-3-thread-1] DEBUG org.mongodb.driver.protocol.command - Sending command '{"delete": "customer", "ordered": true, "$db": "tennisLab", "$clusterTime": {"clusterTime": {"$timestamp": {"t": 1674662847, "i": 13}}, "signature": {"hash": {"$binary": {"base64": "6krX5VVexMXndl3pSjbq4udJBZw=", "subType": "00"}}, "keyId": 7140997052225290242}}, "lsid": {"id": {"$binary": {"base64": "4QxgNiEfTyK8Bl7OjiY/Hw==", "subType": "04"}}}, "deletes": [{"q": {}, "limit": 0}]}' with request id 81 to database tennisLab on connection [connectionId{localValue:7, serverValue:264873}] to server ac-chrld8z-shard-00-02.jgjryxb.mongodb.net:27017
17:07:29.339 [async-channel-group-0-handler-executor] DEBUG org.mongodb.driver.protocol.command - Execution of command with request id 81 completed successfully in 32.32 ms on connection [connectionId{localValue:7, serverValue:264873}] to server ac-chrld8z-shard-00-02.jgjryxb.mongodb.net:27017
17:07:29.343 [Test worker @coroutine#286] DEBUG repositories.users.CustomerRepositoryImpl - Salvando cliente: Customer(id=63d153c1ae6c0968c6962cd6, uuid=9ccf9c0e-d051-42a6-ab87-e8b90e1dbd2c, name=Cliente, username=Test, email=email, password=123456, available=true, orderList=[], tennisRacketsList=[])
17:07:29.346 [AsyncGetter-3-thread-1] DEBUG org.mongodb.driver.protocol.command - Sending command '{"update": "customer", "ordered": true, "txnNumber": 33, "$db": "tennisLab", "$clusterTime": {"clusterTime": {"$timestamp": {"t": 1674662847, "i": 14}}, "signature": {"hash": {"$binary": {"base64": "6krX5VVexMXndl3pSjbq4udJBZw=", "subType": "00"}}, "keyId": 7140997052225290242}}, "lsid": {"id": {"$binary": {"base64": "4QxgNiEfTyK8Bl7OjiY/Hw==", "subType": "04"}}}, "updates": [{"q": {"_id": "63d153c1ae6c0968c6962cd6"}, "u": {"_id": "63d153c1ae6c0968c6962cd6", "uuid": {"$binary": {"base64": "pkJR0A6cz5wsvR0OueiHqw==", "subType": "03"}}, "name": "Cliente", "username": "Test", "email": "email", "password": "123456", "available": true, "orderList": [], "tennisRacketsList": []}, "upsert": true}]}' with request id 82 to database tennisLab on connection [connectionId{localValue:7, serverValue:264873}] to server ac-chrld8z-shard-00-02.jgjryxb.mongodb.net:27017
17:07:29.378 [async-channel-group-0-handler-executor] DEBUG org.mongodb.driver.protocol.command - Execution of command with request id 82 completed successfully in 32.46 ms on connection [connectionId{localValue:7, serverValue:264873}] to server ac-chrld8z-shard-00-02.jgjryxb.mongodb.net:27017
17:07:29.382 [Test worker @background work runner#287] DEBUG repositories.users.CustomerRepositoryImpl - Buscando cliente con email: email
17:07:29.403 [AsyncGetter-3-thread-1] DEBUG org.mongodb.driver.protocol.command - Sending command '{"find": "customer", "filter": {"email": "email"}, "limit": 1, "singleBatch": true, "$db": "tennisLab", "$clusterTime": {"clusterTime": {"$timestamp": {"t": 1674662847, "i": 15}}, "signature": {"hash": {"$binary": {"base64": "6krX5VVexMXndl3pSjbq4udJBZw=", "subType": "00"}}, "keyId": 7140997052225290242}}, "lsid": {"id": {"$binary": {"base64": "4QxgNiEfTyK8Bl7OjiY/Hw==", "subType": "04"}}}}' with request id 83 to database tennisLab on connection [connectionId{localValue:7, serverValue:264873}] to server ac-chrld8z-shard-00-02.jgjryxb.mongodb.net:27017
17:07:29.434 [async-channel-group-0-handler-executor] DEBUG org.mongodb.driver.protocol.command - Execution of command with request id 83 completed successfully in 31.89 ms on connection [connectionId{localValue:7, serverValue:264873}] to server ac-chrld8z-shard-00-02.jgjryxb.mongodb.net:27017
17:07:29.435 [async-channel-group-0-handler-executor] DEBUG org.mongodb.driver.operation - Received batch of 1 documents with cursorId 0 from server ac-chrld8z-shard-00-02.jgjryxb.mongodb.net:27017
]]></system-out>
  <system-err><![CDATA[]]></system-err>
</testsuite>
