<?xml version="1.0" encoding="UTF-8"?>
<testsuite name="controllers.MachineControllerTest" tests="14" skipped="0" failures="0" errors="0" timestamp="2023-01-25T16:07:20" hostname="RO-PC" time="0.518">
  <properties/>
  <testcase name="getStringerById()" classname="controllers.MachineControllerTest" time="0.089"/>
  <testcase name="getAllStringers()" classname="controllers.MachineControllerTest" time="0.022"/>
  <testcase name="updateStringer()" classname="controllers.MachineControllerTest" time="0.02"/>
  <testcase name="getStringerByIdError()" classname="controllers.MachineControllerTest" time="0.019"/>
  <testcase name="addCustomizer()" classname="controllers.MachineControllerTest" time="0.131"/>
  <testcase name="getCustomizerById()" classname="controllers.MachineControllerTest" time="0.027"/>
  <testcase name="deleteStringer()" classname="controllers.MachineControllerTest" time="0.016"/>
  <testcase name="addCustomizerError()" classname="controllers.MachineControllerTest" time="0.02"/>
  <testcase name="addStringer()" classname="controllers.MachineControllerTest" time="0.034"/>
  <testcase name="addStringerError()" classname="controllers.MachineControllerTest" time="0.019"/>
  <testcase name="deleteCustomizer()" classname="controllers.MachineControllerTest" time="0.017"/>
  <testcase name="updateCustomizer()" classname="controllers.MachineControllerTest" time="0.032"/>
  <testcase name="getAllCustomizers()" classname="controllers.MachineControllerTest" time="0.021"/>
  <testcase name="getCustomizerByIdError()" classname="controllers.MachineControllerTest" time="0.017"/>
  <system-out><![CDATA[]]></system-out>
  <system-err><![CDATA[]]></system-err>
</testsuite>
