<?xml version="1.0" encoding="UTF-8"?>
<testsuite name="repositories.rackets.RacketRepositoryImplTest" tests="6" skipped="0" failures="0" errors="0" timestamp="2023-01-25T16:07:27" hostname="RO-PC" time="0.787">
  <properties/>
  <testcase name="delete()" classname="repositories.rackets.RacketRepositoryImplTest" time="0.176"/>
  <testcase name="findAll()" classname="repositories.rackets.RacketRepositoryImplTest" time="0.116"/>
  <testcase name="update()" classname="repositories.rackets.RacketRepositoryImplTest" time="0.13"/>
  <testcase name="findById()" classname="repositories.rackets.RacketRepositoryImplTest" time="0.123"/>
  <testcase name="deleteAll()" classname="repositories.rackets.RacketRepositoryImplTest" time="0.163"/>
  <testcase name="save()" classname="repositories.rackets.RacketRepositoryImplTest" time="0.075"/>
  <system-out><![CDATA[17:07:27.210 [Test worker @coroutine#226] DEBUG repositories.rackets.RacketRepositoryImpl - Elminando todas las raquetas
17:07:27.213 [AsyncGetter-3-thread-1] DEBUG org.mongodb.driver.operation - retryWrites set but one or more writeRequests do not support retryable writes
17:07:27.216 [AsyncGetter-3-thread-1] DEBUG org.mongodb.driver.protocol.command - Sending command '{"delete": "racket", "ordered": true, "$db": "tennisLab", "$clusterTime": {"clusterTime": {"$timestamp": {"t": 1674662845, "i": 11}}, "signature": {"hash": {"$binary": {"base64": "d0MORF6qfuRyW6TYysi0eUqpExY=", "subType": "00"}}, "keyId": 7140997052225290242}}, "lsid": {"id": {"$binary": {"base64": "4QxgNiEfTyK8Bl7OjiY/Hw==", "subType": "04"}}}, "deletes": [{"q": {}, "limit": 0}]}' with request id 47 to database tennisLab on connection [connectionId{localValue:7, serverValue:264873}] to server ac-chrld8z-shard-00-02.jgjryxb.mongodb.net:27017
17:07:27.248 [async-channel-group-0-handler-executor] DEBUG org.mongodb.driver.protocol.command - Execution of command with request id 47 completed successfully in 33.61 ms on connection [connectionId{localValue:7, serverValue:264873}] to server ac-chrld8z-shard-00-02.jgjryxb.mongodb.net:27017
17:07:27.257 [Test worker @coroutine#228] DEBUG repositories.rackets.RacketRepositoryImpl - Salvando raqueta: Racket(id=63d153bfae6c0968c6962cca, uuid=c3f800aa-3c5f-4c89-a321-c1eddf5f76af, brand=Test, model=Test, maneuverability=25.0, balance=2.5, rigidity=1.8)
17:07:27.296 [AsyncGetter-3-thread-1] DEBUG org.mongodb.driver.protocol.command - Sending command '{"update": "racket", "ordered": true, "txnNumber": 17, "$db": "tennisLab", "$clusterTime": {"clusterTime": {"$timestamp": {"t": 1674662845, "i": 12}}, "signature": {"hash": {"$binary": {"base64": "d0MORF6qfuRyW6TYysi0eUqpExY=", "subType": "00"}}, "keyId": 7140997052225290242}}, "lsid": {"id": {"$binary": {"base64": "4QxgNiEfTyK8Bl7OjiY/Hw==", "subType": "04"}}}, "updates": [{"q": {"_id": "63d153bfae6c0968c6962cca"}, "u": {"_id": "63d153bfae6c0968c6962cca", "uuid": {"$binary": {"base64": "iUxfPKoA+MOvdl/f7cEhow==", "subType": "03"}}, "brand": "Test", "model": "Test", "maneuverability": 25.0, "balance": 2.5, "rigidity": 1.7999999523162842}, "upsert": true}]}' with request id 48 to database tennisLab on connection [connectionId{localValue:7, serverValue:264873}] to server ac-chrld8z-shard-00-02.jgjryxb.mongodb.net:27017
17:07:27.337 [async-channel-group-0-handler-executor] DEBUG org.mongodb.driver.protocol.command - Execution of command with request id 48 completed successfully in 42.72 ms on connection [connectionId{localValue:7, serverValue:264873}] to server ac-chrld8z-shard-00-02.jgjryxb.mongodb.net:27017
17:07:27.342 [Test worker @background work runner#229] DEBUG repositories.rackets.RacketRepositoryImpl - Eliminando raqueta: Racket(id=63d153bfae6c0968c6962cca, uuid=c3f800aa-3c5f-4c89-a321-c1eddf5f76af, brand=Test, model=Test, maneuverability=25.0, balance=2.5, rigidity=1.8)
17:07:27.344 [AsyncGetter-3-thread-1] DEBUG org.mongodb.driver.protocol.command - Sending command '{"delete": "racket", "ordered": true, "txnNumber": 18, "$db": "tennisLab", "$clusterTime": {"clusterTime": {"$timestamp": {"t": 1674662845, "i": 13}}, "signature": {"hash": {"$binary": {"base64": "d0MORF6qfuRyW6TYysi0eUqpExY=", "subType": "00"}}, "keyId": 7140997052225290242}}, "lsid": {"id": {"$binary": {"base64": "4QxgNiEfTyK8Bl7OjiY/Hw==", "subType": "04"}}}, "deletes": [{"q": {"_id": "63d153bfae6c0968c6962cca"}, "limit": 1}]}' with request id 49 to database tennisLab on connection [connectionId{localValue:7, serverValue:264873}] to server ac-chrld8z-shard-00-02.jgjryxb.mongodb.net:27017
17:07:27.377 [async-channel-group-0-handler-executor] DEBUG org.mongodb.driver.protocol.command - Execution of command with request id 49 completed successfully in 33.22 ms on connection [connectionId{localValue:7, serverValue:264873}] to server ac-chrld8z-shard-00-02.jgjryxb.mongodb.net:27017
17:07:27.382 [Test worker @coroutine#231] DEBUG repositories.rackets.RacketRepositoryImpl - Elminando todas las raquetas
17:07:27.383 [AsyncGetter-3-thread-1] DEBUG org.mongodb.driver.operation - retryWrites set but one or more writeRequests do not support retryable writes
17:07:27.385 [AsyncGetter-3-thread-1] DEBUG org.mongodb.driver.protocol.command - Sending command '{"delete": "racket", "ordered": true, "$db": "tennisLab", "$clusterTime": {"clusterTime": {"$timestamp": {"t": 1674662845, "i": 14}}, "signature": {"hash": {"$binary": {"base64": "d0MORF6qfuRyW6TYysi0eUqpExY=", "subType": "00"}}, "keyId": 7140997052225290242}}, "lsid": {"id": {"$binary": {"base64": "4QxgNiEfTyK8Bl7OjiY/Hw==", "subType": "04"}}}, "deletes": [{"q": {}, "limit": 0}]}' with request id 50 to database tennisLab on connection [connectionId{localValue:7, serverValue:264873}] to server ac-chrld8z-shard-00-02.jgjryxb.mongodb.net:27017
17:07:27.413 [async-channel-group-0-handler-executor] DEBUG org.mongodb.driver.protocol.command - Execution of command with request id 50 completed successfully in 28.54 ms on connection [connectionId{localValue:7, serverValue:264873}] to server ac-chrld8z-shard-00-02.jgjryxb.mongodb.net:27017
17:07:27.419 [Test worker @coroutine#233] DEBUG repositories.rackets.RacketRepositoryImpl - Salvando raqueta: Racket(id=63d153bfae6c0968c6962ccb, uuid=bb7bc9f3-1d56-491f-94a7-537132cb931a, brand=Test, model=Test, maneuverability=25.0, balance=2.5, rigidity=1.8)
17:07:27.421 [AsyncGetter-3-thread-1] DEBUG org.mongodb.driver.protocol.command - Sending command '{"update": "racket", "ordered": true, "txnNumber": 19, "$db": "tennisLab", "$clusterTime": {"clusterTime": {"$timestamp": {"t": 1674662845, "i": 14}}, "signature": {"hash": {"$binary": {"base64": "d0MORF6qfuRyW6TYysi0eUqpExY=", "subType": "00"}}, "keyId": 7140997052225290242}}, "lsid": {"id": {"$binary": {"base64": "4QxgNiEfTyK8Bl7OjiY/Hw==", "subType": "04"}}}, "updates": [{"q": {"_id": "63d153bfae6c0968c6962ccb"}, "u": {"_id": "63d153bfae6c0968c6962ccb", "uuid": {"$binary": {"base64": "H0lWHfPJe7sak8sycVOnlA==", "subType": "03"}}, "brand": "Test", "model": "Test", "maneuverability": 25.0, "balance": 2.5, "rigidity": 1.7999999523162842}, "upsert": true}]}' with request id 51 to database tennisLab on connection [connectionId{localValue:7, serverValue:264873}] to server ac-chrld8z-shard-00-02.jgjryxb.mongodb.net:27017
17:07:27.452 [async-channel-group-0-handler-executor] DEBUG org.mongodb.driver.protocol.command - Execution of command with request id 51 completed successfully in 31.44 ms on connection [connectionId{localValue:7, serverValue:264873}] to server ac-chrld8z-shard-00-02.jgjryxb.mongodb.net:27017
17:07:27.455 [Test worker @background work runner#234] DEBUG repositories.rackets.RacketRepositoryImpl - Buscando rauqetas
17:07:27.458 [AsyncGetter-3-thread-1] DEBUG org.mongodb.driver.protocol.command - Sending command '{"find": "racket", "filter": {}, "batchSize": 64, "$db": "tennisLab", "$clusterTime": {"clusterTime": {"$timestamp": {"t": 1674662845, "i": 94}}, "signature": {"hash": {"$binary": {"base64": "d0MORF6qfuRyW6TYysi0eUqpExY=", "subType": "00"}}, "keyId": 7140997052225290242}}, "lsid": {"id": {"$binary": {"base64": "4QxgNiEfTyK8Bl7OjiY/Hw==", "subType": "04"}}}}' with request id 52 to database tennisLab on connection [connectionId{localValue:7, serverValue:264873}] to server ac-chrld8z-shard-00-02.jgjryxb.mongodb.net:27017
17:07:27.485 [async-channel-group-0-handler-executor] DEBUG org.mongodb.driver.protocol.command - Execution of command with request id 52 completed successfully in 27.94 ms on connection [connectionId{localValue:7, serverValue:264873}] to server ac-chrld8z-shard-00-02.jgjryxb.mongodb.net:27017
17:07:27.492 [async-channel-group-0-handler-executor] DEBUG org.mongodb.driver.operation - Received batch of 1 documents with cursorId 0 from server ac-chrld8z-shard-00-02.jgjryxb.mongodb.net:27017
17:07:27.499 [Test worker @coroutine#236] DEBUG repositories.rackets.RacketRepositoryImpl - Elminando todas las raquetas
17:07:27.500 [AsyncGetter-3-thread-1] DEBUG org.mongodb.driver.operation - retryWrites set but one or more writeRequests do not support retryable writes
17:07:27.502 [AsyncGetter-3-thread-1] DEBUG org.mongodb.driver.protocol.command - Sending command '{"delete": "racket", "ordered": true, "$db": "tennisLab", "$clusterTime": {"clusterTime": {"$timestamp": {"t": 1674662845, "i": 94}}, "signature": {"hash": {"$binary": {"base64": "d0MORF6qfuRyW6TYysi0eUqpExY=", "subType": "00"}}, "keyId": 7140997052225290242}}, "lsid": {"id": {"$binary": {"base64": "4QxgNiEfTyK8Bl7OjiY/Hw==", "subType": "04"}}}, "deletes": [{"q": {}, "limit": 0}]}' with request id 53 to database tennisLab on connection [connectionId{localValue:7, serverValue:264873}] to server ac-chrld8z-shard-00-02.jgjryxb.mongodb.net:27017
17:07:27.533 [async-channel-group-0-handler-executor] DEBUG org.mongodb.driver.protocol.command - Execution of command with request id 53 completed successfully in 32.01 ms on connection [connectionId{localValue:7, serverValue:264873}] to server ac-chrld8z-shard-00-02.jgjryxb.mongodb.net:27017
17:07:27.537 [Test worker @coroutine#238] DEBUG repositories.rackets.RacketRepositoryImpl - Salvando raqueta: Racket(id=63d153bfae6c0968c6962ccc, uuid=cc87e3f4-a610-4b36-a3b5-e3ed2c68795e, brand=Test, model=Test, maneuverability=25.0, balance=2.5, rigidity=1.8)
17:07:27.540 [AsyncGetter-3-thread-1] DEBUG org.mongodb.driver.protocol.command - Sending command '{"update": "racket", "ordered": true, "txnNumber": 20, "$db": "tennisLab", "$clusterTime": {"clusterTime": {"$timestamp": {"t": 1674662845, "i": 101}}, "signature": {"hash": {"$binary": {"base64": "d0MORF6qfuRyW6TYysi0eUqpExY=", "subType": "00"}}, "keyId": 7140997052225290242}}, "lsid": {"id": {"$binary": {"base64": "4QxgNiEfTyK8Bl7OjiY/Hw==", "subType": "04"}}}, "updates": [{"q": {"_id": "63d153bfae6c0968c6962ccc"}, "u": {"_id": "63d153bfae6c0968c6962ccc", "uuid": {"$binary": {"base64": "NksQpvTjh8xeeWgs7eO1ow==", "subType": "03"}}, "brand": "Test", "model": "Test", "maneuverability": 25.0, "balance": 2.5, "rigidity": 1.7999999523162842}, "upsert": true}]}' with request id 54 to database tennisLab on connection [connectionId{localValue:7, serverValue:264873}] to server ac-chrld8z-shard-00-02.jgjryxb.mongodb.net:27017
17:07:27.573 [async-channel-group-0-handler-executor] DEBUG org.mongodb.driver.protocol.command - Execution of command with request id 54 completed successfully in 33.71 ms on connection [connectionId{localValue:7, serverValue:264873}] to server ac-chrld8z-shard-00-02.jgjryxb.mongodb.net:27017
17:07:27.580 [Test worker @background work runner#239] DEBUG repositories.rackets.RacketRepositoryImpl - Actualizando raqueta: Racket(id=63d153bfae6c0968c6962ccc, uuid=cc87e3f4-a610-4b36-a3b5-e3ed2c68795e, brand=Nuevo test, model=Test, maneuverability=25.0, balance=2.5, rigidity=1.8)
17:07:27.584 [AsyncGetter-3-thread-1] DEBUG org.mongodb.driver.protocol.command - Sending command '{"update": "racket", "ordered": true, "txnNumber": 21, "$db": "tennisLab", "$clusterTime": {"clusterTime": {"$timestamp": {"t": 1674662845, "i": 102}}, "signature": {"hash": {"$binary": {"base64": "d0MORF6qfuRyW6TYysi0eUqpExY=", "subType": "00"}}, "keyId": 7140997052225290242}}, "lsid": {"id": {"$binary": {"base64": "4QxgNiEfTyK8Bl7OjiY/Hw==", "subType": "04"}}}, "updates": [{"q": {"_id": "63d153bfae6c0968c6962ccc"}, "u": {"$set": {"_id": "63d153bfae6c0968c6962ccc", "uuid": {"$binary": {"base64": "NksQpvTjh8xeeWgs7eO1ow==", "subType": "03"}}, "brand": "Nuevo test", "model": "Test", "maneuverability": 25.0, "balance": 2.5, "rigidity": 1.7999999523162842}}}]}' with request id 55 to database tennisLab on connection [connectionId{localValue:7, serverValue:264873}] to server ac-chrld8z-shard-00-02.jgjryxb.mongodb.net:27017
17:07:27.621 [async-channel-group-0-handler-executor] DEBUG org.mongodb.driver.protocol.command - Execution of command with request id 55 completed successfully in 37.06 ms on connection [connectionId{localValue:7, serverValue:264873}] to server ac-chrld8z-shard-00-02.jgjryxb.mongodb.net:27017
17:07:27.629 [Test worker @coroutine#241] DEBUG repositories.rackets.RacketRepositoryImpl - Elminando todas las raquetas
17:07:27.631 [AsyncGetter-3-thread-1] DEBUG org.mongodb.driver.operation - retryWrites set but one or more writeRequests do not support retryable writes
17:07:27.633 [AsyncGetter-3-thread-1] DEBUG org.mongodb.driver.protocol.command - Sending command '{"delete": "racket", "ordered": true, "$db": "tennisLab", "$clusterTime": {"clusterTime": {"$timestamp": {"t": 1674662845, "i": 103}}, "signature": {"hash": {"$binary": {"base64": "d0MORF6qfuRyW6TYysi0eUqpExY=", "subType": "00"}}, "keyId": 7140997052225290242}}, "lsid": {"id": {"$binary": {"base64": "4QxgNiEfTyK8Bl7OjiY/Hw==", "subType": "04"}}}, "deletes": [{"q": {}, "limit": 0}]}' with request id 56 to database tennisLab on connection [connectionId{localValue:7, serverValue:264873}] to server ac-chrld8z-shard-00-02.jgjryxb.mongodb.net:27017
17:07:27.669 [async-channel-group-0-handler-executor] DEBUG org.mongodb.driver.protocol.command - Execution of command with request id 56 completed successfully in 37.11 ms on connection [connectionId{localValue:7, serverValue:264873}] to server ac-chrld8z-shard-00-02.jgjryxb.mongodb.net:27017
17:07:27.676 [Test worker @coroutine#243] DEBUG repositories.rackets.RacketRepositoryImpl - Salvando raqueta: Racket(id=63d153bfae6c0968c6962ccd, uuid=53574076-5261-4a4b-ad8e-8292c8770b3b, brand=Test, model=Test, maneuverability=25.0, balance=2.5, rigidity=1.8)
17:07:27.679 [AsyncGetter-3-thread-1] DEBUG org.mongodb.driver.protocol.command - Sending command '{"update": "racket", "ordered": true, "txnNumber": 22, "$db": "tennisLab", "$clusterTime": {"clusterTime": {"$timestamp": {"t": 1674662846, "i": 1}}, "signature": {"hash": {"$binary": {"base64": "RjwCFK7WktP3M3vNVJSmx2za9MU=", "subType": "00"}}, "keyId": 7140997052225290242}}, "lsid": {"id": {"$binary": {"base64": "4QxgNiEfTyK8Bl7OjiY/Hw==", "subType": "04"}}}, "updates": [{"q": {"_id": "63d153bfae6c0968c6962ccd"}, "u": {"_id": "63d153bfae6c0968c6962ccd", "uuid": {"$binary": {"base64": "S0phUnZAV1M7C3fIkoKOrQ==", "subType": "03"}}, "brand": "Test", "model": "Test", "maneuverability": 25.0, "balance": 2.5, "rigidity": 1.7999999523162842}, "upsert": true}]}' with request id 57 to database tennisLab on connection [connectionId{localValue:7, serverValue:264873}] to server ac-chrld8z-shard-00-02.jgjryxb.mongodb.net:27017
17:07:27.711 [async-channel-group-0-handler-executor] DEBUG org.mongodb.driver.protocol.command - Execution of command with request id 57 completed successfully in 32.32 ms on connection [connectionId{localValue:7, serverValue:264873}] to server ac-chrld8z-shard-00-02.jgjryxb.mongodb.net:27017
17:07:27.714 [Test worker @background work runner#244] DEBUG repositories.rackets.RacketRepositoryImpl - Buscando raqueta con id: 63d153bfae6c0968c6962ccd
17:07:27.717 [AsyncGetter-3-thread-1] DEBUG org.mongodb.driver.protocol.command - Sending command '{"find": "racket", "filter": {"_id": "63d153bfae6c0968c6962ccd"}, "limit": 1, "singleBatch": true, "$db": "tennisLab", "$clusterTime": {"clusterTime": {"$timestamp": {"t": 1674662846, "i": 2}}, "signature": {"hash": {"$binary": {"base64": "RjwCFK7WktP3M3vNVJSmx2za9MU=", "subType": "00"}}, "keyId": 7140997052225290242}}, "lsid": {"id": {"$binary": {"base64": "4QxgNiEfTyK8Bl7OjiY/Hw==", "subType": "04"}}}}' with request id 58 to database tennisLab on connection [connectionId{localValue:7, serverValue:264873}] to server ac-chrld8z-shard-00-02.jgjryxb.mongodb.net:27017
17:07:27.745 [async-channel-group-0-handler-executor] DEBUG org.mongodb.driver.protocol.command - Execution of command with request id 58 completed successfully in 27.68 ms on connection [connectionId{localValue:7, serverValue:264873}] to server ac-chrld8z-shard-00-02.jgjryxb.mongodb.net:27017
17:07:27.746 [async-channel-group-0-handler-executor] DEBUG org.mongodb.driver.operation - Received batch of 1 documents with cursorId 0 from server ac-chrld8z-shard-00-02.jgjryxb.mongodb.net:27017
17:07:27.754 [Test worker @coroutine#246] DEBUG repositories.rackets.RacketRepositoryImpl - Elminando todas las raquetas
17:07:27.755 [AsyncGetter-3-thread-1] DEBUG org.mongodb.driver.operation - retryWrites set but one or more writeRequests do not support retryable writes
17:07:27.756 [AsyncGetter-3-thread-1] DEBUG org.mongodb.driver.protocol.command - Sending command '{"delete": "racket", "ordered": true, "$db": "tennisLab", "$clusterTime": {"clusterTime": {"$timestamp": {"t": 1674662846, "i": 3}}, "signature": {"hash": {"$binary": {"base64": "RjwCFK7WktP3M3vNVJSmx2za9MU=", "subType": "00"}}, "keyId": 7140997052225290242}}, "lsid": {"id": {"$binary": {"base64": "4QxgNiEfTyK8Bl7OjiY/Hw==", "subType": "04"}}}, "deletes": [{"q": {}, "limit": 0}]}' with request id 59 to database tennisLab on connection [connectionId{localValue:7, serverValue:264873}] to server ac-chrld8z-shard-00-02.jgjryxb.mongodb.net:27017
17:07:27.802 [async-channel-group-0-handler-executor] DEBUG org.mongodb.driver.protocol.command - Execution of command with request id 59 completed successfully in 46.93 ms on connection [connectionId{localValue:7, serverValue:264873}] to server ac-chrld8z-shard-00-02.jgjryxb.mongodb.net:27017
17:07:27.807 [Test worker @coroutine#248] DEBUG repositories.rackets.RacketRepositoryImpl - Salvando raqueta: Racket(id=63d153bfae6c0968c6962cce, uuid=083c371f-ffee-4d2d-976a-8e040588d40f, brand=Test, model=Test, maneuverability=25.0, balance=2.5, rigidity=1.8)
17:07:27.812 [AsyncGetter-3-thread-1] DEBUG org.mongodb.driver.protocol.command - Sending command '{"update": "racket", "ordered": true, "txnNumber": 23, "$db": "tennisLab", "$clusterTime": {"clusterTime": {"$timestamp": {"t": 1674662846, "i": 4}}, "signature": {"hash": {"$binary": {"base64": "RjwCFK7WktP3M3vNVJSmx2za9MU=", "subType": "00"}}, "keyId": 7140997052225290242}}, "lsid": {"id": {"$binary": {"base64": "4QxgNiEfTyK8Bl7OjiY/Hw==", "subType": "04"}}}, "updates": [{"q": {"_id": "63d153bfae6c0968c6962cce"}, "u": {"_id": "63d153bfae6c0968c6962cce", "uuid": {"$binary": {"base64": "LU3u/x83PAgP1IgFBI5qlw==", "subType": "03"}}, "brand": "Test", "model": "Test", "maneuverability": 25.0, "balance": 2.5, "rigidity": 1.7999999523162842}, "upsert": true}]}' with request id 60 to database tennisLab on connection [connectionId{localValue:7, serverValue:264873}] to server ac-chrld8z-shard-00-02.jgjryxb.mongodb.net:27017
17:07:27.871 [async-channel-group-0-handler-executor] DEBUG org.mongodb.driver.protocol.command - Execution of command with request id 60 completed successfully in 59.86 ms on connection [connectionId{localValue:7, serverValue:264873}] to server ac-chrld8z-shard-00-02.jgjryxb.mongodb.net:27017
17:07:27.873 [Test worker @background work runner#249] DEBUG repositories.rackets.RacketRepositoryImpl - Elminando todas las raquetas
17:07:27.878 [AsyncGetter-3-thread-1] DEBUG org.mongodb.driver.operation - retryWrites set but one or more writeRequests do not support retryable writes
17:07:27.881 [AsyncGetter-3-thread-1] DEBUG org.mongodb.driver.protocol.command - Sending command '{"delete": "racket", "ordered": true, "$db": "tennisLab", "$clusterTime": {"clusterTime": {"$timestamp": {"t": 1674662846, "i": 5}}, "signature": {"hash": {"$binary": {"base64": "RjwCFK7WktP3M3vNVJSmx2za9MU=", "subType": "00"}}, "keyId": 7140997052225290242}}, "lsid": {"id": {"$binary": {"base64": "4QxgNiEfTyK8Bl7OjiY/Hw==", "subType": "04"}}}, "deletes": [{"q": {}, "limit": 0}]}' with request id 61 to database tennisLab on connection [connectionId{localValue:7, serverValue:264873}] to server ac-chrld8z-shard-00-02.jgjryxb.mongodb.net:27017
17:07:27.912 [async-channel-group-0-handler-executor] DEBUG org.mongodb.driver.protocol.command - Execution of command with request id 61 completed successfully in 32.59 ms on connection [connectionId{localValue:7, serverValue:264873}] to server ac-chrld8z-shard-00-02.jgjryxb.mongodb.net:27017
17:07:27.917 [Test worker @coroutine#251] DEBUG repositories.rackets.RacketRepositoryImpl - Elminando todas las raquetas
17:07:27.919 [AsyncGetter-3-thread-1] DEBUG org.mongodb.driver.operation - retryWrites set but one or more writeRequests do not support retryable writes
17:07:27.921 [AsyncGetter-3-thread-1] DEBUG org.mongodb.driver.protocol.command - Sending command '{"delete": "racket", "ordered": true, "$db": "tennisLab", "$clusterTime": {"clusterTime": {"$timestamp": {"t": 1674662846, "i": 6}}, "signature": {"hash": {"$binary": {"base64": "RjwCFK7WktP3M3vNVJSmx2za9MU=", "subType": "00"}}, "keyId": 7140997052225290242}}, "lsid": {"id": {"$binary": {"base64": "4QxgNiEfTyK8Bl7OjiY/Hw==", "subType": "04"}}}, "deletes": [{"q": {}, "limit": 0}]}' with request id 62 to database tennisLab on connection [connectionId{localValue:7, serverValue:264873}] to server ac-chrld8z-shard-00-02.jgjryxb.mongodb.net:27017
17:07:27.948 [async-channel-group-0-handler-executor] DEBUG org.mongodb.driver.protocol.command - Execution of command with request id 62 completed successfully in 27.41 ms on connection [connectionId{localValue:7, serverValue:264873}] to server ac-chrld8z-shard-00-02.jgjryxb.mongodb.net:27017
17:07:27.953 [Test worker @coroutine#253] DEBUG repositories.rackets.RacketRepositoryImpl - Salvando raqueta: Racket(id=63d153bfae6c0968c6962ccf, uuid=f9fd3066-7596-4b98-b37a-ed6aee1aee8c, brand=Test, model=Test, maneuverability=25.0, balance=2.5, rigidity=1.8)
17:07:27.955 [AsyncGetter-3-thread-1] DEBUG org.mongodb.driver.protocol.command - Sending command '{"update": "racket", "ordered": true, "txnNumber": 24, "$db": "tennisLab", "$clusterTime": {"clusterTime": {"$timestamp": {"t": 1674662846, "i": 6}}, "signature": {"hash": {"$binary": {"base64": "RjwCFK7WktP3M3vNVJSmx2za9MU=", "subType": "00"}}, "keyId": 7140997052225290242}}, "lsid": {"id": {"$binary": {"base64": "4QxgNiEfTyK8Bl7OjiY/Hw==", "subType": "04"}}}, "updates": [{"q": {"_id": "63d153bfae6c0968c6962ccf"}, "u": {"_id": "63d153bfae6c0968c6962ccf", "uuid": {"$binary": {"base64": "mEuWdWYw/fmM7hruau16sw==", "subType": "03"}}, "brand": "Test", "model": "Test", "maneuverability": 25.0, "balance": 2.5, "rigidity": 1.7999999523162842}, "upsert": true}]}' with request id 63 to database tennisLab on connection [connectionId{localValue:7, serverValue:264873}] to server ac-chrld8z-shard-00-02.jgjryxb.mongodb.net:27017
17:07:27.987 [async-channel-group-0-handler-executor] DEBUG org.mongodb.driver.protocol.command - Execution of command with request id 63 completed successfully in 31.89 ms on connection [connectionId{localValue:7, serverValue:264873}] to server ac-chrld8z-shard-00-02.jgjryxb.mongodb.net:27017
]]></system-out>
  <system-err><![CDATA[]]></system-err>
</testsuite>
